2016-01-06 19:34:34   INFO [libs.DataBase] : Date was read url database: jdbc:mysql://193.178.34.55:3306/old_qa
2016-01-06 19:34:34   INFO [libs.DataBase] : Read SQL driver 
2016-01-06 19:34:34   INFO [libs.DataBase] :  user - old_qa pass PB3Q2F6tdSD9cL3z
2016-01-06 19:34:37   INFO [libs.DataBase] : connection was donecom.mysql.jdbc.JDBC4Connection@4c75cab9
2016-01-06 19:34:37   INFO [tests.TestBD] : [[, id, login, pass], [1, 1, G15, THE BEST], [2, 3, login3, blablabla], [3, 13, loginnew, passnew], [4, 14, login3, pass3], [5, 15, login3, pass3], [6, 16, loginnew, passnew], [7, 17, login3, pass3], [8, 18, login3, pass3], [9, 33, Radulenko, Taras], [10, 34, Radulenko1, Taras], [11, 35, Kamenets, Eugene], [12, 37, Golenya, Eugene], [13, 38, Golenya, Eugene], [14, 47, Khodolovskiy, Elisei], [15, 77, UshatovSergii, veryStrongPass], [16, 87, loginNovak, passNovak], [17, 89, Sieara, 123123123], [18, 101, Uglenko, Anton], [19, 102, Uglenko, Anton], [20, 180, Roman, Password], [21, 321, G12AAA, 7878], [22, 456, G12A, 4714], [23, 555, G12marina, 1111], [24, 666, Roma_G12, superpuperPassw], [25, 676, G12anna, 1111], [26, 771, G12AAA, aaa], [27, 777, G12daria, 1111], [28, 888, login, pass], [29, 1222, G12anna, 12345], [30, 1231, G12taras, 1111], [31, 4563, Ro66999, qwerrtt], [32, 6768, G12anna, 1111], [33, 6798, G12anna, 1111], [34, 7757, G12, 1111], [35, 7767, G12, 1111], [36, 7777, G12taras, 1111], [37, 7778, G12daria, 1111], [38, 7787, G12, 1111], [39, 8000, G12Taras, 1111], [40, 9000, G12Taras, 1111], [41, 9100, G12Taras, 1111], [42, 9200, G12Taras, 1111], [43, 9231, G12taras, 1111], [44, 11111, sdfsdf21, sdsdv], [45, 12345, login777, pass], [46, 14125, G15_Maslovskyj, qwazsxdc], [47, 45653, Ro66999, qwerrtt], [48, 60606, G12daria, 123456], [49, 60607, G12daria, 123456], [50, 60608, G12daria, 123456], [51, 60609, G12daria, 123456], [52, 60610, G12daria, 123456], [53, 66666, Roma_G12, superpuperPassw], [54, 77786, G12daria, 1111], [55, 99987, Savchuk, test], [56, 99999, G15, THE BEST], [57, 122112, VAsya, cool], [58, 27012058, G12denis, 1991], [59, 270192058, G12denis, 1991], [60, 456321456, Roman66, qwerrtt], [61, 456321457, mara, newPass]]
2016-01-06 19:35:53   INFO [libs.DataBase] : Date was read url database: jdbc:mysql://193.178.34.55:3306/old_qa
2016-01-06 19:35:53   INFO [libs.DataBase] : Read SQL driver 
2016-01-06 19:35:53   INFO [libs.DataBase] :  user - old_qa pass PB3Q2F6tdSD9cL3z
2016-01-06 19:35:55   INFO [libs.DataBase] : connection was donecom.mysql.jdbc.JDBC4Connection@4c75cab9
2016-01-06 19:35:55   INFO [tests.TestBD] : [[, id, login, pass], [1, 1, G15, THE BEST], [2, 3, login3, blablabla], [3, 13, loginnew, passnew], [4, 14, login3, pass3], [5, 15, login3, pass3], [6, 16, loginnew, passnew], [7, 17, login3, pass3], [8, 18, login3, pass3], [9, 33, Radulenko, Taras], [10, 34, Radulenko1, Taras], [11, 35, Kamenets, Eugene], [12, 37, Golenya, Eugene], [13, 38, Golenya, Eugene], [14, 47, Khodolovskiy, Elisei], [15, 77, UshatovSergii, veryStrongPass], [16, 87, loginNovak, passNovak], [17, 89, Sieara, 123123123], [18, 101, Uglenko, Anton], [19, 102, Uglenko, Anton], [20, 180, Roman, Password], [21, 321, G12AAA, 7878], [22, 456, G12A, 4714], [23, 555, G12marina, 1111], [24, 666, Roma_G12, superpuperPassw], [25, 676, G12anna, 1111], [26, 771, G12AAA, aaa], [27, 777, G12daria, 1111], [28, 888, login, pass], [29, 1222, G12anna, 12345], [30, 1231, G12taras, 1111], [31, 4563, Ro66999, qwerrtt], [32, 6768, G12anna, 1111], [33, 6798, G12anna, 1111], [34, 7757, G12, 1111], [35, 7767, G12, 1111], [36, 7777, G12taras, 1111], [37, 7778, G12daria, 1111], [38, 7787, G12, 1111], [39, 8000, G12Taras, 1111], [40, 9000, G12Taras, 1111], [41, 9100, G12Taras, 1111], [42, 9200, G12Taras, 1111], [43, 9231, G12taras, 1111], [44, 11111, sdfsdf21, sdsdv], [45, 12345, login777, pass], [46, 14125, G15_Maslovskyj, qwazsxdc], [47, 45653, Ro66999, qwerrtt], [48, 60606, G12daria, 123456], [49, 60607, G12daria, 123456], [50, 60608, G12daria, 123456], [51, 60609, G12daria, 123456], [52, 60610, G12daria, 123456], [53, 66666, Roma_G12, superpuperPassw], [54, 77786, G12daria, 1111], [55, 99987, Savchuk, test], [56, 99999, G15, THE BEST], [57, 122112, VAsya, cool], [58, 27012058, G12denis, 1991], [59, 270192058, G12denis, 1991], [60, 456321456, Roman66, qwerrtt], [61, 456321457, mara, newPass]]
2016-01-06 19:36:23   INFO [libs.DataBase] : Date was read url database: jdbc:mysql://193.178.34.55:3306/old_qa
2016-01-06 19:36:23   INFO [libs.DataBase] : Read SQL driver 
2016-01-06 19:36:23   INFO [libs.DataBase] :  user - old_qa pass PB3Q2F6tdSD9cL3z
2016-01-06 19:36:24   INFO [libs.DataBase] : connection was donecom.mysql.jdbc.JDBC4Connection@4c75cab9
2016-01-06 19:36:25   INFO [tests.TestBD] : [[, id, login, pass], [1, 1, G15, THE BEST], [2, 3, login3, blablabla], [3, 13, loginnew, passnew], [4, 14, login3, pass3], [5, 15, login3, pass3], [6, 16, loginnew, passnew], [7, 17, login3, pass3], [8, 18, login3, pass3], [9, 33, Radulenko, Taras], [10, 34, Radulenko1, Taras], [11, 35, Kamenets, Eugene], [12, 37, Golenya, Eugene], [13, 38, Golenya, Eugene], [14, 47, Khodolovskiy, Elisei], [15, 77, UshatovSergii, veryStrongPass], [16, 87, loginNovak, passNovak], [17, 89, Sieara, 123123123], [18, 101, Uglenko, Anton], [19, 102, Uglenko, Anton], [20, 180, Roman, Password], [21, 321, G12AAA, 7878], [22, 456, G12A, 4714], [23, 555, G12marina, 1111], [24, 666, Roma_G12, superpuperPassw], [25, 676, G12anna, 1111], [26, 771, G12AAA, aaa], [27, 777, G12daria, 1111], [28, 888, login, pass], [29, 1222, G12anna, 12345], [30, 1231, G12taras, 1111], [31, 4563, Ro66999, qwerrtt], [32, 6768, G12anna, 1111], [33, 6798, G12anna, 1111], [34, 7757, G12, 1111], [35, 7767, G12, 1111], [36, 7777, G12taras, 1111], [37, 7778, G12daria, 1111], [38, 7787, G12, 1111], [39, 8000, G12Taras, 1111], [40, 9000, G12Taras, 1111], [41, 9100, G12Taras, 1111], [42, 9200, G12Taras, 1111], [43, 9231, G12taras, 1111], [44, 11111, sdfsdf21, sdsdv], [45, 12345, login777, pass], [46, 14125, G15_Maslovskyj, qwazsxdc], [47, 45653, Ro66999, qwerrtt], [48, 60606, G12daria, 123456], [49, 60607, G12daria, 123456], [50, 60608, G12daria, 123456], [51, 60609, G12daria, 123456], [52, 60610, G12daria, 123456], [53, 66666, Roma_G12, superpuperPassw], [54, 77786, G12daria, 1111], [55, 99987, Savchuk, test], [56, 99999, G15, THE BEST], [57, 122112, VAsya, cool], [58, 27012058, G12denis, 1991], [59, 270192058, G12denis, 1991], [60, 456321456, Roman66, qwerrtt], [61, 456321457, mara, newPass]]
2016-01-06 21:39:21   INFO [pages.ZapisatsaPage] : Page is opened
2016-01-06 21:39:24   INFO [pages.ZapisatsaPage] : PL/SQL was inputed and selected from DropDovn list
2016-01-06 21:39:24   INFO [pages.ZapisatsaPage] : ValueEliseeva set 
2016-01-06 21:39:25   INFO [pages.ZapisatsaPage] : ValueElena set 
2016-01-06 21:39:25   INFO [pages.ZapisatsaPage] : Value911 set 
2016-01-06 21:39:26   INFO [pages.ZapisatsaPage] : Valueqwerty@ww.dd set 
2016-01-06 21:39:26   INFO [pages.ZapisatsaPage] : Valueredji set 
2016-01-06 21:39:27   INFO [pages.ZapisatsaPage] : Valuegdgfdg set 
2016-01-06 21:39:33   INFO [pages.ZapisatsaPage] : Click buttonBy.xpath: .//form[@class='wpcf7-form']//input[@type='submit']
2016-01-06 21:39:38  ERROR [pages.ZapisatsaPage] : Error: Needed element was not found
2016-06-06 19:51:34   INFO [libs.DataBase] : Date was read url database: jdbc:mysql://193.178.34.55:3306/old_qa
2016-06-06 19:51:34   INFO [libs.DataBase] : Read SQL driver 
2016-06-06 19:51:34   INFO [libs.DataBase] :  user - old_qa pass PB3Q2F6tdSD9cL3z
2016-06-06 19:51:36   INFO [libs.DataBase] : connection was donecom.mysql.jdbc.JDBC4Connection@763d9750
2016-06-06 19:51:36   INFO [tests.TestBD] : [[, id, login, pass], [1, 1, G15, THE BEST], [2, 3, login3, blablabla], [3, 13, loginnew, passnew], [4, 14, login3, pass3], [5, 15, login3, pass3], [6, 16, loginnew, passnew], [7, 17, login3, pass3], [8, 18, login3, pass3], [9, 33, Radulenko, Taras], [10, 34, Radulenko1, Taras], [11, 35, Kamenets, Eugene], [12, 37, Golenya, Eugene], [13, 38, Golenya, Eugene], [14, 47, Khodolovskiy, Elisei], [15, 77, UshatovSergii, veryStrongPass], [16, 87, loginNovak, passNovak], [17, 89, Sieara, 123123123], [18, 101, Uglenko, Anton], [19, 102, Uglenko, Anton], [20, 180, Roman, Password], [21, 321, G12AAA, 7878], [22, 456, G12A, 4714], [23, 555, G12marina, 1111], [24, 666, Roma_G12, superpuperPassw], [25, 676, G12anna, 1111], [26, 771, G12AAA, aaa], [27, 777, G12daria, 1111], [28, 888, login, pass], [29, 1222, G12anna, 12345], [30, 1231, G12taras, 1111], [31, 4563, Ro66999, qwerrtt], [32, 6768, G12anna, 1111], [33, 6798, G12anna, 1111], [34, 7757, G12, 1111], [35, 7767, G12, 1111], [36, 7777, G12taras, 1111], [37, 7778, G12daria, 1111], [38, 7787, G12, 1111], [39, 8000, G12Taras, 1111], [40, 9000, G12Taras, 1111], [41, 9100, G12Taras, 1111], [42, 9200, G12Taras, 1111], [43, 9231, G12taras, 1111], [44, 11111, sdfsdf21, sdsdv], [45, 12345, login777, pass], [46, 14125, G15_Maslovskyj, qwazsxdc], [47, 45653, Ro66999, qwerrtt], [48, 60606, G12daria, 123456], [49, 60607, G12daria, 123456], [50, 60608, G12daria, 123456], [51, 60609, G12daria, 123456], [52, 60610, G12daria, 123456], [53, 66666, Roma_G12, superpuperPassw], [54, 77786, G12daria, 1111], [55, 99987, Savchuk, test], [56, 99999, G15, THE BEST], [57, 122112, VAsya, cool], [58, 27012058, G12denis, 1991], [59, 270192058, G12denis, 1991], [60, 456321456, Roman66, qwerrtt], [61, 456321457, mara, newPass]]
2016-08-06 19:53:30   INFO [libs.DataBase] : Date was read url database: jdbc:mysql://193.178.34.55:3306/old_qa
2016-08-06 19:53:30   INFO [libs.DataBase] : Read SQL driver 
2016-08-06 19:53:30   INFO [libs.DataBase] :  user - old_qa pass PB3Q2F6tdSD9cL3z
2016-08-06 19:53:32   INFO [libs.DataBase] : connection was donecom.mysql.jdbc.JDBC4Connection@763d9750
2016-08-06 19:53:32   INFO [tests.TestBD] : [[, id, login, pass], [1, 1, G15, THE BEST], [2, 3, login3, blablabla], [3, 13, loginnew, passnew], [4, 14, login3, pass3], [5, 15, login3, pass3], [6, 16, loginnew, passnew], [7, 17, login3, pass3], [8, 18, login3, pass3], [9, 33, Radulenko, Taras], [10, 34, Radulenko1, Taras], [11, 35, Kamenets, Eugene], [12, 37, Golenya, Eugene], [13, 38, Golenya, Eugene], [14, 47, Khodolovskiy, Elisei], [15, 77, UshatovSergii, veryStrongPass], [16, 87, loginNovak, passNovak], [17, 89, Sieara, 123123123], [18, 101, Uglenko, Anton], [19, 102, Uglenko, Anton], [20, 180, Roman, Password], [21, 321, G12AAA, 7878], [22, 456, G12A, 4714], [23, 555, G12marina, 1111], [24, 666, Roma_G12, superpuperPassw], [25, 676, G12anna, 1111], [26, 771, G12AAA, aaa], [27, 777, G12daria, 1111], [28, 888, login, pass], [29, 1222, G12anna, 12345], [30, 1231, G12taras, 1111], [31, 4563, Ro66999, qwerrtt], [32, 6768, G12anna, 1111], [33, 6798, G12anna, 1111], [34, 7757, G12, 1111], [35, 7767, G12, 1111], [36, 7777, G12taras, 1111], [37, 7778, G12daria, 1111], [38, 7787, G12, 1111], [39, 8000, G12Taras, 1111], [40, 9000, G12Taras, 1111], [41, 9100, G12Taras, 1111], [42, 9200, G12Taras, 1111], [43, 9231, G12taras, 1111], [44, 11111, sdfsdf21, sdsdv], [45, 12345, login777, pass], [46, 14125, G15_Maslovskyj, qwazsxdc], [47, 45653, Ro66999, qwerrtt], [48, 60606, G12daria, 123456], [49, 60607, G12daria, 123456], [50, 60608, G12daria, 123456], [51, 60609, G12daria, 123456], [52, 60610, G12daria, 123456], [53, 66666, Roma_G12, superpuperPassw], [54, 77786, G12daria, 1111], [55, 99987, Savchuk, test], [56, 99999, G15, THE BEST], [57, 122112, VAsya, cool], [58, 27012058, G12denis, 1991], [59, 270192058, G12denis, 1991], [60, 456321456, Roman66, qwerrtt], [61, 456321457, mara, newPass]]
2016-30-08 23:31:23   INFO [libs.DataBase] : Date was read url database: jdbc:mysql://193.178.34.55:3306/old_qa
2016-30-08 23:31:23   INFO [libs.DataBase] : Read SQL driver 
2016-30-08 23:31:23   INFO [libs.DataBase] :  user - old_qa pass PB3Q2F6tdSD9cL3z
2016-30-08 23:31:24   INFO [libs.DataBase] : connection was donecom.mysql.jdbc.JDBC4Connection@31b7dea0
2016-30-08 23:31:24   INFO [tests.TestBD] : [[, id, login, pass], [1, 1, G15, THE BEST], [2, 3, login3, blablabla], [3, 13, loginnew, passnew], [4, 14, login3, pass3], [5, 15, login3, pass3], [6, 16, loginnew, passnew], [7, 17, login3, pass3], [8, 18, login3, pass3], [9, 33, Radulenko, Taras], [10, 34, Radulenko1, Taras], [11, 35, Kamenets, Eugene], [12, 37, Golenya, Eugene], [13, 38, Golenya, Eugene], [14, 47, Khodolovskiy, Elisei], [15, 77, UshatovSergii, veryStrongPass], [16, 87, loginNovak, passNovak], [17, 89, Sieara, 123123123], [18, 101, Uglenko, Anton], [19, 102, Uglenko, Anton], [20, 180, Roman, Password], [21, 321, G12AAA, 7878], [22, 456, G12A, 4714], [23, 555, G12marina, 1111], [24, 666, Roma_G12, superpuperPassw], [25, 676, G12anna, 1111], [26, 771, G12AAA, aaa], [27, 777, G12daria, 1111], [28, 888, login, pass], [29, 1222, G12anna, 12345], [30, 1231, G12taras, 1111], [31, 4563, Ro66999, qwerrtt], [32, 6768, G12anna, 1111], [33, 6798, G12anna, 1111], [34, 7757, G12, 1111], [35, 7767, G12, 1111], [36, 7777, G12taras, 1111], [37, 7778, G12daria, 1111], [38, 7787, G12, 1111], [39, 8000, G12Taras, 1111], [40, 9000, G12Taras, 1111], [41, 9100, G12Taras, 1111], [42, 9200, G12Taras, 1111], [43, 9231, G12taras, 1111], [44, 11111, sdfsdf21, sdsdv], [45, 12345, login777, pass], [46, 14125, G15_Maslovskyj, qwazsxdc], [47, 45653, Ro66999, qwerrtt], [48, 60606, G12daria, 123456], [49, 60607, G12daria, 123456], [50, 60608, G12daria, 123456], [51, 60609, G12daria, 123456], [52, 60610, G12daria, 123456], [53, 66666, Roma_G12, superpuperPassw], [54, 77786, G12daria, 1111], [55, 99987, Savchuk, test], [56, 99999, G15, THE BEST], [57, 122112, VAsya, cool], [58, 27012058, G12denis, 1991], [59, 270192058, G12denis, 1991], [60, 456321456, Roman66, qwerrtt], [61, 456321457, mara, newPass]]
2016-30-08 23:40:39   INFO [pages.ZapisatsaPage] : Page is opened
2016-30-08 23:40:40   INFO [pages.ZapisatsaPage] : PL/SQL was inputed and selected from DropDovn list
2016-30-08 23:40:40   INFO [pages.ZapisatsaPage] : ValueEliseeva set 
2016-30-08 23:40:40   INFO [pages.ZapisatsaPage] : ValueElena set 
2016-30-08 23:40:40   INFO [pages.ZapisatsaPage] : Value911 set 
2016-30-08 23:40:40   INFO [pages.ZapisatsaPage] : Valueqwerty@ww.dd set 
2016-30-08 23:40:40   INFO [pages.ZapisatsaPage] : Valueredji set 
2016-30-08 23:40:40   INFO [pages.ZapisatsaPage] : Valuegdgfdg set 
2016-30-08 23:40:43   INFO [pages.ZapisatsaPage] : Click buttonBy.xpath: .//form[@class='wpcf7-form']//input[@type='submit']
2016-30-08 23:40:48  ERROR [pages.ZapisatsaPage] : Error: Needed element was not found
2016-30-08 23:45:06   INFO [pages.ZapisatsaPage] : Page is opened
2016-30-08 23:45:07   INFO [pages.ZapisatsaPage] : PL/SQL was inputed and selected from DropDovn list
2016-30-08 23:45:07   INFO [pages.ZapisatsaPage] : ValueEliseeva set 
2016-30-08 23:45:07   INFO [pages.ZapisatsaPage] : ValueElena set 
2016-30-08 23:45:07   INFO [pages.ZapisatsaPage] : Value911 set 
2016-30-08 23:45:07   INFO [pages.ZapisatsaPage] : Valueqwerty@ww.dd set 
2016-30-08 23:45:07   INFO [pages.ZapisatsaPage] : Valueredji set 
2016-30-08 23:45:07   INFO [pages.ZapisatsaPage] : Valuegdgfdg set 
2016-30-08 23:45:09   INFO [pages.ZapisatsaPage] : Click buttonBy.xpath: .//form[@class='wpcf7-form']//input[@type='submit']
2016-30-08 23:45:14  ERROR [pages.ZapisatsaPage] : Error: Needed element was not found
2016-30-08 23:52:25   INFO [pages.ZapisatsaPage] : Page is opened
2016-30-08 23:52:25   INFO [pages.ZapisatsaPage] : PL/SQL was inputed and selected from DropDovn list
2016-30-08 23:52:25   INFO [pages.ZapisatsaPage] : ValueEliseeva set 
2016-30-08 23:52:25   INFO [pages.ZapisatsaPage] : ValueElena set 
2016-30-08 23:52:26   INFO [pages.ZapisatsaPage] : Value911 set 
2016-30-08 23:52:26   INFO [pages.ZapisatsaPage] : Valueqwerty@ww.dd set 
2016-30-08 23:52:26   INFO [pages.ZapisatsaPage] : Valueredji set 
2016-30-08 23:52:26   INFO [pages.ZapisatsaPage] : Valuegdgfdg set 
2016-30-08 23:52:28   INFO [pages.ZapisatsaPage] : Click buttonBy.xpath: .//form[@class='wpcf7-form']//input[@type='submit']
2016-30-08 23:52:33  ERROR [pages.ZapisatsaPage] : Error: Needed element was not found
2016-30-08 23:54:36   INFO [pages.ZapisatsaPage] : Page is opened
2016-30-08 23:54:36   INFO [pages.ZapisatsaPage] : PL/SQL was inputed and selected from DropDovn list
2016-30-08 23:54:36   INFO [pages.ZapisatsaPage] : ValueRu set 
2016-30-08 23:54:36   INFO [pages.ZapisatsaPage] : ValueRedji set 
2016-30-08 23:54:37   INFO [pages.ZapisatsaPage] : Value911 set 
2016-30-08 23:54:37   INFO [pages.ZapisatsaPage] : Valueqwerty@ww.dd set 
2016-30-08 23:54:37   INFO [pages.ZapisatsaPage] : Valueredji set 
2016-30-08 23:54:37   INFO [pages.ZapisatsaPage] : Valuegdgfdg set 
2016-30-08 23:54:39   INFO [pages.ZapisatsaPage] : Click buttonBy.xpath: .//form[@class='wpcf7-form']//input[@type='submit']
2016-30-08 23:54:44  ERROR [pages.ZapisatsaPage] : Error: Needed element was not found
2016-30-08 23:59:56   INFO [pages.ZapisatsaPage] : Page is opened
2016-30-08 23:59:57   INFO [pages.ZapisatsaPage] : PL/SQL was inputed and selected from DropDovn list
2016-30-08 23:59:57   INFO [pages.ZapisatsaPage] : ValueRu set 
2016-30-08 23:59:57   INFO [pages.ZapisatsaPage] : ValueRedji set 
2016-30-08 23:59:57   INFO [pages.ZapisatsaPage] : Value911 set 
2016-30-08 23:59:57   INFO [pages.ZapisatsaPage] : Valueqwerty@ww.dd set 
2016-30-08 23:59:57   INFO [pages.ZapisatsaPage] : Valueredji set 
2016-30-08 23:59:57   INFO [pages.ZapisatsaPage] : Valuegdgfdg set 
2016-30-08 23:59:59   INFO [pages.ZapisatsaPage] : Click buttonBy.xpath: .//form[@class='wpcf7-form']//input[@type='submit']
2016-31-08 00:00:05  ERROR [pages.ZapisatsaPage] : Error: Needed element was not found
2016-31-08 00:00:44   INFO [pages.ZapisatsaPage] : Page is opened
2016-31-08 00:00:45   INFO [pages.ZapisatsaPage] : PL/SQL was inputed and selected from DropDovn list
2016-31-08 00:00:45   INFO [pages.ZapisatsaPage] : ValueRu set 
2016-31-08 00:00:45   INFO [pages.ZapisatsaPage] : ValueRedji set 
2016-31-08 00:00:45   INFO [pages.ZapisatsaPage] : Value911 set 
2016-31-08 00:00:45   INFO [pages.ZapisatsaPage] : Valueqwerty@ww.dd set 
2016-31-08 00:00:45   INFO [pages.ZapisatsaPage] : Valueredji set 
2016-31-08 00:00:45   INFO [pages.ZapisatsaPage] : Valuegdgfdg set 
2016-31-08 00:00:47   INFO [pages.ZapisatsaPage] : Click buttonBy.xpath: .//form[@class='wpcf7-form']//input[@type='submit']
2016-31-08 00:00:53  ERROR [pages.ZapisatsaPage] : Error: Needed element was not found
2016-31-08 00:02:24   INFO [pages.ZapisatsaPage] : Page is opened
2016-31-08 00:02:25   INFO [pages.ZapisatsaPage] : PL/SQL was inputed and selected from DropDovn list
2016-31-08 00:02:25   INFO [pages.ZapisatsaPage] : ValueRu set 
2016-31-08 00:02:25   INFO [pages.ZapisatsaPage] : ValueRedji set 
2016-31-08 00:02:25   INFO [pages.ZapisatsaPage] : Value911 set 
2016-31-08 00:02:25  ERROR [pages.ZapisatsaPage] : Error: inputTextToField catch org.openqa.selenium.InvalidSelectorException: The given selector .//*[@id='wpcf7-f1088-p1089-o1']/form/p[5]/span/input'] is either invalid or does not result in a WebElement. The following error occurred:
InvalidSelectorError: Unable to locate an element with the xpath expression .//*[@id='wpcf7-f1088-p1089-o1']/form/p[5]/span/input'] because of the following error:
SyntaxError: The expression is not a legal expression.
Command duration or timeout: 13 milliseconds
For documentation on this error, please visit: http://seleniumhq.org/exceptions/invalid_selector_exception.html
Build info: version: '2.53.0', revision: '35ae25b', time: '2016-03-15 17:00:58'
System info: host: 'Регинка-ПК', ip: '192.168.0.103', os.name: 'Windows 7', os.arch: 'amd64', os.version: '6.1', java.version: '1.8.0_91'
Driver info: org.openqa.selenium.firefox.FirefoxDriver
Capabilities [{applicationCacheEnabled=true, rotatable=false, handlesAlerts=true, databaseEnabled=true, version=36.0.4, platform=WINDOWS, nativeEvents=false, acceptSslCerts=true, webStorageEnabled=true, locationContextEnabled=true, browserName=firefox, takesScreenshot=true, javascriptEnabled=true, cssSelectorsEnabled=true}]
Session ID: fe29b02d-5187-4322-9032-7088a5c721de
*** Element info: {Using=xpath, value=.//*[@id='wpcf7-f1088-p1089-o1']/form/p[5]/span/input']}
2016-31-08 00:02:25  ERROR [pages.ZapisatsaPage] : Error: inputTextToField catch org.openqa.selenium.InvalidSelectorException: The given selector .//*[@id='wpcf7-f1088-p1089-o1']/form/p[5]/span/input'] is either invalid or does not result in a WebElement. The following error occurred:
InvalidSelectorError: Unable to locate an element with the xpath expression .//*[@id='wpcf7-f1088-p1089-o1']/form/p[5]/span/input'] because of the following error:
SyntaxError: The expression is not a legal expression.
Command duration or timeout: 563 milliseconds
For documentation on this error, please visit: http://seleniumhq.org/exceptions/invalid_selector_exception.html
Build info: version: '2.53.0', revision: '35ae25b', time: '2016-03-15 17:00:58'
System info: host: 'Регинка-ПК', ip: '192.168.0.103', os.name: 'Windows 7', os.arch: 'amd64', os.version: '6.1', java.version: '1.8.0_91'
Driver info: org.openqa.selenium.firefox.FirefoxDriver
Capabilities [{applicationCacheEnabled=true, rotatable=false, handlesAlerts=true, databaseEnabled=true, version=36.0.4, platform=WINDOWS, nativeEvents=false, acceptSslCerts=true, webStorageEnabled=true, locationContextEnabled=true, browserName=firefox, takesScreenshot=true, javascriptEnabled=true, cssSelectorsEnabled=true}]
Session ID: fe29b02d-5187-4322-9032-7088a5c721de
*** Element info: {Using=xpath, value=.//*[@id='wpcf7-f1088-p1089-o1']/form/p[5]/span/input']}
2016-31-08 00:02:25   INFO [pages.ZapisatsaPage] : Valuegdgfdg set 
2016-31-08 00:02:27   INFO [pages.ZapisatsaPage] : Click buttonBy.xpath: .//form[@class='wpcf7-form']//input[@type='submit']
2016-31-08 00:02:45   INFO [pages.ZapisatsaPage] : Page is opened
2016-31-08 00:02:46   INFO [pages.ZapisatsaPage] : PL/SQL was inputed and selected from DropDovn list
2016-31-08 00:02:46   INFO [pages.ZapisatsaPage] : ValueRu set 
2016-31-08 00:02:46   INFO [pages.ZapisatsaPage] : ValueRedji set 
2016-31-08 00:02:46   INFO [pages.ZapisatsaPage] : Value911 set 
2016-31-08 00:02:46   INFO [pages.ZapisatsaPage] : Valueqwerty@ww.dd set 
2016-31-08 00:02:46   INFO [pages.ZapisatsaPage] : Valueredji set 
2016-31-08 00:02:46   INFO [pages.ZapisatsaPage] : Valuegdgfdg set 
2016-31-08 00:02:48   INFO [pages.ZapisatsaPage] : Click buttonBy.xpath: .//form[@class='wpcf7-form']//input[@type='submit']
2016-31-08 00:02:54  ERROR [pages.ZapisatsaPage] : Error: Needed element was not found
2016-31-08 00:03:32   INFO [pages.ZapisatsaPage] : Page is opened
2016-31-08 00:03:33   INFO [pages.ZapisatsaPage] : PL/SQL was inputed and selected from DropDovn list
2016-31-08 00:03:33   INFO [pages.ZapisatsaPage] : ValueRu set 
2016-31-08 00:03:33   INFO [pages.ZapisatsaPage] : ValueRedji set 
2016-31-08 00:03:33   INFO [pages.ZapisatsaPage] : Value911 set 
2016-31-08 00:03:33   INFO [pages.ZapisatsaPage] : Valueqwerty@ww.dd set 
2016-31-08 00:03:33   INFO [pages.ZapisatsaPage] : Valueredji set 
2016-31-08 00:03:33   INFO [pages.ZapisatsaPage] : Valuegdgfdg set 
2016-31-08 00:03:35   INFO [pages.ZapisatsaPage] : Click buttonBy.xpath: .//form[@class='wpcf7-form']//input[@type='submit']
2016-31-08 00:03:40  ERROR [pages.ZapisatsaPage] : Error: Needed element was not found
2016-31-08 00:04:21   INFO [pages.ZapisatsaPage] : Page is opened
2016-31-08 00:04:22   INFO [pages.ZapisatsaPage] : PL/SQL was inputed and selected from DropDovn list
2016-31-08 00:04:22   INFO [pages.ZapisatsaPage] : ValueRu set 
2016-31-08 00:04:22   INFO [pages.ZapisatsaPage] : ValueRedji set 
2016-31-08 00:04:22   INFO [pages.ZapisatsaPage] : Value911 set 
2016-31-08 00:04:22   INFO [pages.ZapisatsaPage] : Valueqwerty@ww.dd set 
2016-31-08 00:04:22   INFO [pages.ZapisatsaPage] : Valueredji set 
2016-31-08 00:04:22   INFO [pages.ZapisatsaPage] : Valuegdgfdg set 
2016-31-08 00:04:24   INFO [pages.ZapisatsaPage] : Click buttonBy.xpath: .//form[@class='wpcf7-form']//input[@type='submit']
2016-31-08 00:04:29  ERROR [pages.ZapisatsaPage] : Error: Needed element was not found
2016-31-08 00:06:03   INFO [pages.ZapisatsaPage] : Page is opened
2016-31-08 00:06:03   INFO [pages.ZapisatsaPage] : PL/SQL was inputed and selected from DropDovn list
2016-31-08 00:06:03   INFO [pages.ZapisatsaPage] : ValueRu set 
2016-31-08 00:06:03   INFO [pages.ZapisatsaPage] : ValueRedji set 
2016-31-08 00:06:04   INFO [pages.ZapisatsaPage] : Value911 set 
2016-31-08 00:06:04   INFO [pages.ZapisatsaPage] : Valueqwerty@ww.dd set 
2016-31-08 00:06:04   INFO [pages.ZapisatsaPage] : Valueredji set 
2016-31-08 00:06:04   INFO [pages.ZapisatsaPage] : Valuegdgfdg set 
2016-31-08 00:06:06   INFO [pages.ZapisatsaPage] : Click buttonBy.xpath: .//form[@class='wpcf7-form']//input[@type='submit']
2016-31-08 00:06:11  ERROR [pages.ZapisatsaPage] : Error: Needed element was not found
2016-31-08 00:08:35   INFO [pages.ZapisatsaPage] : Page is opened
2016-31-08 00:08:35   INFO [pages.ZapisatsaPage] : PL/SQL was inputed and selected from DropDovn list
2016-31-08 00:08:35   INFO [pages.ZapisatsaPage] : ValueRu set 
2016-31-08 00:08:35   INFO [pages.ZapisatsaPage] : ValueRedji set 
2016-31-08 00:08:35   INFO [pages.ZapisatsaPage] : Value911 set 
2016-31-08 00:08:35   INFO [pages.ZapisatsaPage] : Valueqwerty@ww.dd set 
2016-31-08 00:08:35   INFO [pages.ZapisatsaPage] : Valueredji set 
2016-31-08 00:08:36   INFO [pages.ZapisatsaPage] : Valuegdgfdg set 
2016-31-08 00:08:38   INFO [pages.ZapisatsaPage] : Click buttonBy.xpath: .//form[@class='wpcf7-form']//input[@type='submit']
2016-31-08 00:08:43  ERROR [pages.ZapisatsaPage] : Error: Needed element was not found
2016-31-08 00:10:23   INFO [pages.ZapisatsaPage] : Page is opened
2016-31-08 00:10:23   INFO [pages.ZapisatsaPage] : PL/SQL was inputed and selected from DropDovn list
2016-31-08 00:10:23   INFO [pages.ZapisatsaPage] : ValueRu set 
2016-31-08 00:10:23   INFO [pages.ZapisatsaPage] : ValueRedji set 
2016-31-08 00:10:23   INFO [pages.ZapisatsaPage] : Value911 set 
2016-31-08 00:10:24   INFO [pages.ZapisatsaPage] : Valueqwerty@ww.dd set 
2016-31-08 00:10:24   INFO [pages.ZapisatsaPage] : Valueredji set 
2016-31-08 00:10:24   INFO [pages.ZapisatsaPage] : Valuegdgfdg set 
2016-31-08 00:10:26   INFO [pages.ZapisatsaPage] : Click buttonBy.xpath: .//form[@class='wpcf7-form']//input[@type='submit']
2016-31-08 00:10:31  ERROR [pages.ZapisatsaPage] : Error: Needed element was not found
2016-31-08 00:10:55   INFO [pages.ZapisatsaPage] : Page is opened
2016-31-08 00:10:55   INFO [pages.ZapisatsaPage] : PL/SQL was inputed and selected from DropDovn list
2016-31-08 00:10:55   INFO [pages.ZapisatsaPage] : ValueRu set 
2016-31-08 00:10:55   INFO [pages.ZapisatsaPage] : ValueRedji set 
2016-31-08 00:10:55   INFO [pages.ZapisatsaPage] : Value911 set 
2016-31-08 00:10:55   INFO [pages.ZapisatsaPage] : Valueqwerty@ww.dd set 
2016-31-08 00:10:55   INFO [pages.ZapisatsaPage] : Valueredji set 
2016-31-08 00:10:56   INFO [pages.ZapisatsaPage] : Valuegdgfdg set 
2016-31-08 00:10:58   INFO [pages.ZapisatsaPage] : Click buttonBy.xpath: .//form[@class='wpcf7-form']//input[@type='submit']
2016-31-08 00:11:02  ERROR [pages.ZapisatsaPage] : Error: Needed element was not found
2016-31-08 00:11:54   INFO [pages.ZapisatsaPage] : Page is opened
2016-31-08 00:11:55   INFO [pages.ZapisatsaPage] : PL/SQL was inputed and selected from DropDovn list
2016-31-08 00:11:55   INFO [pages.ZapisatsaPage] : ValueRu set 
2016-31-08 00:11:55   INFO [pages.ZapisatsaPage] : ValueRedji set 
2016-31-08 00:11:55   INFO [pages.ZapisatsaPage] : Value911 set 
2016-31-08 00:11:55   INFO [pages.ZapisatsaPage] : Valueqwerty@ww.dd set 
2016-31-08 00:11:55   INFO [pages.ZapisatsaPage] : Valueredji set 
2016-31-08 00:11:55   INFO [pages.ZapisatsaPage] : Valuegdgfdg set 
2016-31-08 00:11:57   INFO [pages.ZapisatsaPage] : Click buttonBy.xpath: .//form[@class='wpcf7-form']//input[@type='submit']
2016-31-08 00:12:02  ERROR [pages.ZapisatsaPage] : Error: Needed element was not found
2016-31-08 00:17:08   INFO [pages.ZapisatsaPage] : Page is opened
2016-31-08 00:17:08   INFO [pages.ZapisatsaPage] : Value Redji set 
2016-31-08 00:17:08   INFO [pages.ZapisatsaPage] : PL/SQL was inputed and selected from DropDovn list
2016-31-08 00:17:09   INFO [pages.ZapisatsaPage] : Value Ru set 
2016-31-08 00:17:09   INFO [pages.ZapisatsaPage] : Value 911 set 
2016-31-08 00:17:09   INFO [pages.ZapisatsaPage] : Value qwerty@ww.dd set 
2016-31-08 00:17:09   INFO [pages.ZapisatsaPage] : Value redji set 
2016-31-08 00:17:09   INFO [pages.ZapisatsaPage] : Value gdgfdg set 
2016-31-08 00:17:11   INFO [pages.ZapisatsaPage] : Click buttonBy.xpath: .//form[@class='wpcf7-form']//input[@type='submit']
2016-31-08 00:17:16  ERROR [pages.ZapisatsaPage] : Error: Needed element was not found
2016-31-08 00:17:34   INFO [pages.ZapisatsaPage] : Page is opened
2016-31-08 00:17:35   INFO [pages.ZapisatsaPage] : Value  rrrRedji set 
2016-31-08 00:17:35   INFO [pages.ZapisatsaPage] : PL/SQL was inputed and selected from DropDovn list
2016-31-08 00:17:35   INFO [pages.ZapisatsaPage] : Value Ru set 
2016-31-08 00:17:35   INFO [pages.ZapisatsaPage] : Value 911 set 
2016-31-08 00:17:35   INFO [pages.ZapisatsaPage] : Value qwerty@ww.dd set 
2016-31-08 00:17:35   INFO [pages.ZapisatsaPage] : Value redji set 
2016-31-08 00:17:35   INFO [pages.ZapisatsaPage] : Value gdgfdg set 
2016-31-08 00:17:37   INFO [pages.ZapisatsaPage] : Click buttonBy.xpath: .//form[@class='wpcf7-form']//input[@type='submit']
2016-31-08 00:17:44  ERROR [pages.ZapisatsaPage] : Error: Needed element was not found
2016-31-08 00:18:23   INFO [pages.ZapisatsaPage] : Page is opened
2016-31-08 00:18:23   INFO [pages.ZapisatsaPage] : Value rrrrrrredji set 
2016-31-08 00:18:24   INFO [pages.ZapisatsaPage] : PL/SQL was inputed and selected from DropDovn list
2016-31-08 00:18:24   INFO [pages.ZapisatsaPage] : Value Ru set 
2016-31-08 00:18:24   INFO [pages.ZapisatsaPage] : Value Redji set 
2016-31-08 00:18:24   INFO [pages.ZapisatsaPage] : Value 911 set 
2016-31-08 00:18:24   INFO [pages.ZapisatsaPage] : Value qwerty@ww.dd set 
2016-31-08 00:18:24   INFO [pages.ZapisatsaPage] : Value gdgfdg set 
2016-31-08 00:18:26   INFO [pages.ZapisatsaPage] : Click buttonBy.xpath: .//form[@class='wpcf7-form']//input[@type='submit']
2016-31-08 00:18:31  ERROR [pages.ZapisatsaPage] : Error: Needed element was not found
2016-31-08 00:19:44   INFO [pages.ZapisatsaPage] : Page is opened
2016-31-08 00:19:45   INFO [pages.ZapisatsaPage] : PL/SQL was inputed and selected from DropDovn list
2016-31-08 00:19:45   INFO [pages.ZapisatsaPage] : Value Ru set 
2016-31-08 00:19:45   INFO [pages.ZapisatsaPage] : Value Redji set 
2016-31-08 00:19:45   INFO [pages.ZapisatsaPage] : Value 911 set 
2016-31-08 00:19:45   INFO [pages.ZapisatsaPage] : Value qwerty@ww.dd set 
2016-31-08 00:19:45   INFO [pages.ZapisatsaPage] : Value redji set 
2016-31-08 00:19:45   INFO [pages.ZapisatsaPage] : Value gdgfdg set 
2016-31-08 00:19:47   INFO [pages.ZapisatsaPage] : Click buttonBy.xpath: .//form[@class='wpcf7-form']//input[@type='submit']
2016-31-08 00:19:48   INFO [pages.ZapisatsaPage] : Needed element was found By.xpath: //div[@class='wpcf7-response-output wpcf7-mail-sent-ok']
2016-01-09 09:35:33   INFO [pages.ZapisatsaPage] : Page is opened
2016-01-09 09:35:34   INFO [pages.ZapisatsaPage] : PL/SQL was inputed and selected from DropDovn list
2016-01-09 09:35:34   INFO [pages.ZapisatsaPage] : Value Ru set 
2016-01-09 09:35:34   INFO [pages.ZapisatsaPage] : Value Redji set 
2016-01-09 09:35:34   INFO [pages.ZapisatsaPage] : Value 911 set 
2016-01-09 09:35:34   INFO [pages.ZapisatsaPage] : Value qwerty@ww.dd set 
2016-01-09 09:35:34   INFO [pages.ZapisatsaPage] : Value redji set 
2016-01-09 09:35:34   INFO [pages.ZapisatsaPage] : Value gdgfdg set 
2016-01-09 09:35:37   INFO [pages.ZapisatsaPage] : Click buttonBy.xpath: .//form[@class='wpcf7-form']//input[@type='submit']
2016-01-09 09:35:37   INFO [pages.ZapisatsaPage] : Needed element was found By.xpath: //div[@class='wpcf7-response-output wpcf7-mail-sent-ok']
2016-01-09 09:58:12   INFO [pages.ZapisatsaPage] : Page is opened
2016-01-09 09:58:13   INFO [pages.ZapisatsaPage] : PL/SQL was inputed and selected from DropDovn list
2016-01-09 09:58:13   INFO [pages.ZapisatsaPage] : Value Ru set 
2016-01-09 09:58:13   INFO [pages.ZapisatsaPage] : Value Redji set 
2016-01-09 09:58:13   INFO [pages.ZapisatsaPage] : Value 911 set 
2016-01-09 09:58:13   INFO [pages.ZapisatsaPage] : Value qwerty@ww.dd set 
2016-01-09 09:58:13   INFO [pages.ZapisatsaPage] : Value redji set 
2016-01-09 09:58:13   INFO [pages.ZapisatsaPage] : Value gdgfdg set 
2016-01-09 09:58:16   INFO [pages.ZapisatsaPage] : Click buttonBy.xpath: .//form[@class='wpcf7-form']//input[@type='submit']
2016-01-09 09:58:16   INFO [pages.ZapisatsaPage] : Needed element was found By.xpath: //div[@class='wpcf7-response-output wpcf7-mail-sent-ok']
2016-01-09 10:33:15   INFO [pages.ZapisatsaPage] : Page is opened
2016-01-09 10:33:15   INFO [pages.ZapisatsaPage] : Zimbabwe was inputed and selected from DropDovn list
2016-01-09 10:33:15   INFO [pages.ZapisatsaPage] : Value Redji set 
2016-01-09 10:33:16   INFO [pages.ZapisatsaPage] : Value 911 set 
2016-01-09 10:33:16   INFO [pages.ZapisatsaPage] : Value qwerty@ww.dd set 
2016-01-09 10:33:16   INFO [pages.ZapisatsaPage] : Click buttonBy.xpath: .//*[@id='olgs_email']
2016-01-09 10:33:21  ERROR [pages.ZapisatsaPage] : Error: Needed element was not found
2016-01-09 10:35:37   INFO [pages.ZapisatsaPage] : Page is opened
2016-01-09 10:35:37   INFO [pages.ZapisatsaPage] : Zimbabwe was inputed and selected from DropDovn list
2016-01-09 10:35:37   INFO [pages.ZapisatsaPage] : Value Redji set 
2016-01-09 10:35:37   INFO [pages.ZapisatsaPage] : Value 911 set 
2016-01-09 10:35:38   INFO [pages.ZapisatsaPage] : Value qwerty@ww.dd set 
2016-01-09 10:35:38   INFO [pages.ZapisatsaPage] : Click buttonBy.xpath: .//*[@id='olgs_email']
2016-01-09 10:35:43  ERROR [pages.ZapisatsaPage] : Error: Needed element was not found
2016-01-09 10:36:36   INFO [pages.ZapisatsaPage] : Page is opened
2016-01-09 10:36:36   INFO [pages.ZapisatsaPage] : Zimbabwe was inputed and selected from DropDovn list
2016-01-09 10:36:36   INFO [pages.ZapisatsaPage] : Value Redji set 
2016-01-09 10:36:36   INFO [pages.ZapisatsaPage] : Value 911 set 
2016-01-09 10:36:37   INFO [pages.ZapisatsaPage] : Value qwerty@ww.dd set 
2016-01-09 10:36:37   INFO [pages.ZapisatsaPage] : Click buttonBy.xpath: //*[@id='olgs_phone_two_fields_2']
2016-01-09 10:36:42  ERROR [pages.ZapisatsaPage] : Error: Needed element was not found
2016-01-09 10:37:21   INFO [pages.ZapisatsaPage] : Page is opened
2016-01-09 10:37:21   INFO [pages.ZapisatsaPage] : Zimbabwe was inputed and selected from DropDovn list
2016-01-09 10:37:21   INFO [pages.ZapisatsaPage] : Value Redji set 
2016-01-09 10:37:21   INFO [pages.ZapisatsaPage] : Value 911 set 
2016-01-09 10:37:21   INFO [pages.ZapisatsaPage] : Value qwerty@ww.dd set 
2016-01-09 10:38:21   INFO [pages.ZapisatsaPage] : Click buttonBy.xpath: //*[@id='olgs_submit']
2016-01-09 10:38:26  ERROR [pages.ZapisatsaPage] : Error: Needed element was not found
2016-01-09 10:44:18   INFO [pages.ZapisatsaPage] : Page is opened
2016-01-09 10:44:19   INFO [pages.ZapisatsaPage] : Zimbabwe was inputed and selected from DropDovn list
2016-01-09 10:44:19   INFO [pages.ZapisatsaPage] : Value Test_lp set 
2016-01-09 10:44:20   INFO [pages.ZapisatsaPage] : Value 911 set 
2016-01-09 10:44:20   INFO [pages.ZapisatsaPage] : Value qwerty@ww.dd set 
2016-01-09 10:44:42   INFO [pages.ZapisatsaPage] : Click buttonBy.xpath: //*[@id='olgs_submit']
2016-01-09 10:45:24  ERROR [pages.ZapisatsaPage] : Error: Needed element was not found
2016-01-09 10:46:22   INFO [pages.ZapisatsaPage] : Page is opened
2016-01-09 10:46:23   INFO [pages.ZapisatsaPage] : Zimbabwe was inputed and selected from DropDovn list
2016-01-09 10:46:23   INFO [pages.ZapisatsaPage] : Value Test_lp set 
2016-01-09 10:46:23   INFO [pages.ZapisatsaPage] : Value 911 set 
2016-01-09 10:46:23   INFO [pages.ZapisatsaPage] : Value qwerty11@ww.dd set 
2016-01-09 10:46:28   INFO [pages.ZapisatsaPage] : Click buttonBy.xpath: //*[@id='olgs_submit']
2016-01-09 10:46:44  ERROR [pages.ZapisatsaPage] : Error: Needed element was not foundBy.xpath: //div[@class='content']//input[@name='Congratulations'] 
2016-01-09 10:48:47   INFO [pages.ZapisatsaPage] : Page is opened
2016-01-09 10:48:47   INFO [pages.ZapisatsaPage] : Ukraine was inputed and selected from DropDovn list
2016-01-09 10:48:47   INFO [pages.ZapisatsaPage] : Value Test_lp1 set 
2016-01-09 10:48:47   INFO [pages.ZapisatsaPage] : Value 123456783534 set 
2016-01-09 10:48:47   INFO [pages.ZapisatsaPage] : Value test@ww.dd set 
2016-01-09 10:48:53   INFO [pages.ZapisatsaPage] : Click buttonBy.xpath: //*[@id='olgs_submit']
2016-01-09 10:49:35  ERROR [pages.ZapisatsaPage] : Error: Needed element was not foundBy.xpath: //div[@class='content']//input[@name='Congratulations'] 
2016-01-09 11:40:49   INFO [pages.ZapisatsaPage] : Page is opened
2016-01-09 11:40:50   INFO [pages.ZapisatsaPage] : Ukraine was inputed and selected from DropDovn list
2016-01-09 11:40:50   INFO [pages.ZapisatsaPage] : Value Test_lp1 set 
2016-01-09 11:40:50   INFO [pages.ZapisatsaPage] : Value 123456783534 set 
2016-01-09 11:40:51   INFO [pages.ZapisatsaPage] : Value test11@ww.dd set 
2016-01-09 11:41:12   INFO [pages.ZapisatsaPage] : Click buttonBy.xpath: //*[@id='olgs_submit']
2016-01-09 11:41:54  ERROR [pages.ZapisatsaPage] : Error: Needed element was not foundBy.xpath: //div[@class='content']//input[@name='Congratulations'] 
2016-01-09 12:27:39   INFO [pages.ZapisatsaPage] : Page is opened
2016-01-09 12:27:40   INFO [pages.ZapisatsaPage] : Ukraine was inputed and selected from DropDovn list
2016-01-09 12:27:40   INFO [pages.ZapisatsaPage] : Value Test_lp1 set 
2016-01-09 12:27:40   INFO [pages.ZapisatsaPage] : Value 123456783534 set 
2016-01-09 12:27:40   INFO [pages.ZapisatsaPage] : Value test11@ww.dd set 
2016-01-09 12:27:44   INFO [pages.ZapisatsaPage] : Click buttonBy.xpath: //*[@id='olgs_submit']
2016-01-09 12:28:07  ERROR [pages.ZapisatsaPage] : Error: Needed element was not foundBy.xpath: //div[@class='content']//input[@name='Congratulations'] 
2016-01-09 12:46:29   INFO [pages.ZapisatsaPage] : Page is opened
2016-01-09 12:46:30   INFO [pages.ZapisatsaPage] : Ukraine was inputed and selected from DropDovn list
2016-01-09 12:46:30   INFO [pages.ZapisatsaPage] : Value Test_lp2 set 
2016-01-09 12:46:30   INFO [pages.ZapisatsaPage] : Value 1235653534 set 
2016-01-09 12:46:30   INFO [pages.ZapisatsaPage] : Value test111@ww.dd set 
2016-01-09 12:46:35   INFO [pages.ZapisatsaPage] : Click buttonBy.xpath: //*[@id='olgs_submit']
2016-01-09 12:47:15  ERROR [pages.ZapisatsaPage] : Error: Needed element was not foundBy.xpath: //h1[contains (text(), 'Congratulations')]
2016-01-09 13:12:53   INFO [pages.ZapisatsaPage] : Page is opened
2016-01-09 13:13:35  ERROR [pages.ZapisatsaPage] : Error: valueUkraine was not inputted and selected from DropDown list
2016-01-09 13:13:40  ERROR [pages.ZapisatsaPage] : Error: inputTextToField catch org.openqa.selenium.NoSuchElementException: Unable to locate element: {"method":"xpath","selector":".//*[@id='olgs_fullname']"}
Command duration or timeout: 5.05 seconds
For documentation on this error, please visit: http://seleniumhq.org/exceptions/no_such_element.html
Build info: version: '2.53.0', revision: '35ae25b', time: '2016-03-15 17:00:58'
System info: host: 'DEV2-PC-8129', ip: '192.168.8.129', os.name: 'Windows 10', os.arch: 'amd64', os.version: '10.0', java.version: '1.8.0_91'
Driver info: org.openqa.selenium.firefox.FirefoxDriver
Capabilities [{applicationCacheEnabled=true, rotatable=false, handlesAlerts=true, databaseEnabled=true, version=36.0, platform=WINDOWS, nativeEvents=false, acceptSslCerts=true, webStorageEnabled=true, locationContextEnabled=true, browserName=firefox, takesScreenshot=true, javascriptEnabled=true, cssSelectorsEnabled=true}]
Session ID: 4d93885c-9938-4f0c-84db-5385de34c6d6
*** Element info: {Using=xpath, value=.//*[@id='olgs_fullname']}
2016-01-09 13:13:45  ERROR [pages.ZapisatsaPage] : Error: inputTextToField catch org.openqa.selenium.NoSuchElementException: Unable to locate element: {"method":"xpath","selector":".//*[@id='olgs_phone']"}
Command duration or timeout: 5.14 seconds
For documentation on this error, please visit: http://seleniumhq.org/exceptions/no_such_element.html
Build info: version: '2.53.0', revision: '35ae25b', time: '2016-03-15 17:00:58'
System info: host: 'DEV2-PC-8129', ip: '192.168.8.129', os.name: 'Windows 10', os.arch: 'amd64', os.version: '10.0', java.version: '1.8.0_91'
Driver info: org.openqa.selenium.firefox.FirefoxDriver
Capabilities [{applicationCacheEnabled=true, rotatable=false, handlesAlerts=true, databaseEnabled=true, version=36.0, platform=WINDOWS, nativeEvents=false, acceptSslCerts=true, webStorageEnabled=true, locationContextEnabled=true, browserName=firefox, takesScreenshot=true, javascriptEnabled=true, cssSelectorsEnabled=true}]
Session ID: 4d93885c-9938-4f0c-84db-5385de34c6d6
*** Element info: {Using=xpath, value=.//*[@id='olgs_phone']}
2016-01-09 13:13:50  ERROR [pages.ZapisatsaPage] : Error: inputTextToField catch org.openqa.selenium.NoSuchElementException: Unable to locate element: {"method":"xpath","selector":".//*[@id='olgs_email']"}
Command duration or timeout: 5.04 seconds
For documentation on this error, please visit: http://seleniumhq.org/exceptions/no_such_element.html
Build info: version: '2.53.0', revision: '35ae25b', time: '2016-03-15 17:00:58'
System info: host: 'DEV2-PC-8129', ip: '192.168.8.129', os.name: 'Windows 10', os.arch: 'amd64', os.version: '10.0', java.version: '1.8.0_91'
Driver info: org.openqa.selenium.firefox.FirefoxDriver
Capabilities [{applicationCacheEnabled=true, rotatable=false, handlesAlerts=true, databaseEnabled=true, version=36.0, platform=WINDOWS, nativeEvents=false, acceptSslCerts=true, webStorageEnabled=true, locationContextEnabled=true, browserName=firefox, takesScreenshot=true, javascriptEnabled=true, cssSelectorsEnabled=true}]
Session ID: 4d93885c-9938-4f0c-84db-5385de34c6d6
*** Element info: {Using=xpath, value=.//*[@id='olgs_email']}
2016-01-09 13:13:56  ERROR [pages.ZapisatsaPage] : Error: clickButton catch org.openqa.selenium.NoSuchElementException: Unable to locate element: {"method":"xpath","selector":"//*[@id='olgs_submit']"}
Command duration or timeout: 5.10 seconds
For documentation on this error, please visit: http://seleniumhq.org/exceptions/no_such_element.html
Build info: version: '2.53.0', revision: '35ae25b', time: '2016-03-15 17:00:58'
System info: host: 'DEV2-PC-8129', ip: '192.168.8.129', os.name: 'Windows 10', os.arch: 'amd64', os.version: '10.0', java.version: '1.8.0_91'
Driver info: org.openqa.selenium.firefox.FirefoxDriver
Capabilities [{applicationCacheEnabled=true, rotatable=false, handlesAlerts=true, databaseEnabled=true, version=36.0, platform=WINDOWS, nativeEvents=false, acceptSslCerts=true, webStorageEnabled=true, locationContextEnabled=true, browserName=firefox, takesScreenshot=true, javascriptEnabled=true, cssSelectorsEnabled=true}]
Session ID: 4d93885c-9938-4f0c-84db-5385de34c6d6
*** Element info: {Using=xpath, value=//*[@id='olgs_submit']}
2016-01-09 13:23:04   INFO [pages.ZapisatsaPage] : Page is opened
2016-01-09 13:23:31  ERROR [pages.ZapisatsaPage] : Error: valueUkraine was not inputted and selected from DropDown list
2016-01-09 13:23:41  ERROR [pages.ZapisatsaPage] : Error: inputTextToField catch org.openqa.selenium.NoSuchElementException: Unable to locate element: {"method":"xpath","selector":".//*[@id='olgs_fullname']"}
Command duration or timeout: 10.09 seconds
For documentation on this error, please visit: http://seleniumhq.org/exceptions/no_such_element.html
Build info: version: '2.53.0', revision: '35ae25b', time: '2016-03-15 17:00:58'
System info: host: 'DEV2-PC-8129', ip: '192.168.8.129', os.name: 'Windows 10', os.arch: 'amd64', os.version: '10.0', java.version: '1.8.0_91'
Driver info: org.openqa.selenium.firefox.FirefoxDriver
Capabilities [{applicationCacheEnabled=true, rotatable=false, handlesAlerts=true, databaseEnabled=true, version=36.0, platform=WINDOWS, nativeEvents=false, acceptSslCerts=true, webStorageEnabled=true, locationContextEnabled=true, browserName=firefox, takesScreenshot=true, javascriptEnabled=true, cssSelectorsEnabled=true}]
Session ID: ff31b812-ab93-44c5-9b2a-5cf815c6f6c2
*** Element info: {Using=xpath, value=.//*[@id='olgs_fullname']}
2016-01-09 13:23:51  ERROR [pages.ZapisatsaPage] : Error: inputTextToField catch org.openqa.selenium.NoSuchElementException: Unable to locate element: {"method":"xpath","selector":".//*[@id='olgs_phone']"}
Command duration or timeout: 10.07 seconds
For documentation on this error, please visit: http://seleniumhq.org/exceptions/no_such_element.html
Build info: version: '2.53.0', revision: '35ae25b', time: '2016-03-15 17:00:58'
System info: host: 'DEV2-PC-8129', ip: '192.168.8.129', os.name: 'Windows 10', os.arch: 'amd64', os.version: '10.0', java.version: '1.8.0_91'
Driver info: org.openqa.selenium.firefox.FirefoxDriver
Capabilities [{applicationCacheEnabled=true, rotatable=false, handlesAlerts=true, databaseEnabled=true, version=36.0, platform=WINDOWS, nativeEvents=false, acceptSslCerts=true, webStorageEnabled=true, locationContextEnabled=true, browserName=firefox, takesScreenshot=true, javascriptEnabled=true, cssSelectorsEnabled=true}]
Session ID: ff31b812-ab93-44c5-9b2a-5cf815c6f6c2
*** Element info: {Using=xpath, value=.//*[@id='olgs_phone']}
2016-01-09 13:24:01  ERROR [pages.ZapisatsaPage] : Error: inputTextToField catch org.openqa.selenium.NoSuchElementException: Unable to locate element: {"method":"xpath","selector":".//*[@id='olgs_email']"}
Command duration or timeout: 10.10 seconds
For documentation on this error, please visit: http://seleniumhq.org/exceptions/no_such_element.html
Build info: version: '2.53.0', revision: '35ae25b', time: '2016-03-15 17:00:58'
System info: host: 'DEV2-PC-8129', ip: '192.168.8.129', os.name: 'Windows 10', os.arch: 'amd64', os.version: '10.0', java.version: '1.8.0_91'
Driver info: org.openqa.selenium.firefox.FirefoxDriver
Capabilities [{applicationCacheEnabled=true, rotatable=false, handlesAlerts=true, databaseEnabled=true, version=36.0, platform=WINDOWS, nativeEvents=false, acceptSslCerts=true, webStorageEnabled=true, locationContextEnabled=true, browserName=firefox, takesScreenshot=true, javascriptEnabled=true, cssSelectorsEnabled=true}]
Session ID: ff31b812-ab93-44c5-9b2a-5cf815c6f6c2
*** Element info: {Using=xpath, value=.//*[@id='olgs_email']}
2016-01-09 13:24:11  ERROR [pages.ZapisatsaPage] : Error: clickButton catch org.openqa.selenium.NoSuchElementException: Unable to locate element: {"method":"xpath","selector":"//*[@id='olgs_submit']"}
Command duration or timeout: 10.11 seconds
For documentation on this error, please visit: http://seleniumhq.org/exceptions/no_such_element.html
Build info: version: '2.53.0', revision: '35ae25b', time: '2016-03-15 17:00:58'
System info: host: 'DEV2-PC-8129', ip: '192.168.8.129', os.name: 'Windows 10', os.arch: 'amd64', os.version: '10.0', java.version: '1.8.0_91'
Driver info: org.openqa.selenium.firefox.FirefoxDriver
Capabilities [{applicationCacheEnabled=true, rotatable=false, handlesAlerts=true, databaseEnabled=true, version=36.0, platform=WINDOWS, nativeEvents=false, acceptSslCerts=true, webStorageEnabled=true, locationContextEnabled=true, browserName=firefox, takesScreenshot=true, javascriptEnabled=true, cssSelectorsEnabled=true}]
Session ID: ff31b812-ab93-44c5-9b2a-5cf815c6f6c2
*** Element info: {Using=xpath, value=//*[@id='olgs_submit']}
2016-01-09 13:27:31   INFO [pages.ZapisatsaPage] : Page is opened
2016-01-09 13:27:41  ERROR [pages.ZapisatsaPage] : Error: valueUkraine was not inputted and selected from DropDown list
2016-01-09 13:27:51  ERROR [pages.ZapisatsaPage] : Error: inputTextToField catch org.openqa.selenium.NoSuchElementException: Unable to locate element: {"method":"xpath","selector":".//*[@id='olgs_fullname']"}
Command duration or timeout: 10.13 seconds
For documentation on this error, please visit: http://seleniumhq.org/exceptions/no_such_element.html
Build info: version: '2.53.0', revision: '35ae25b', time: '2016-03-15 17:00:58'
System info: host: 'DEV2-PC-8129', ip: '192.168.8.129', os.name: 'Windows 10', os.arch: 'amd64', os.version: '10.0', java.version: '1.8.0_91'
Driver info: org.openqa.selenium.firefox.FirefoxDriver
Capabilities [{applicationCacheEnabled=true, rotatable=false, handlesAlerts=true, databaseEnabled=true, version=36.0, platform=WINDOWS, nativeEvents=false, acceptSslCerts=true, webStorageEnabled=true, locationContextEnabled=true, browserName=firefox, takesScreenshot=true, javascriptEnabled=true, cssSelectorsEnabled=true}]
Session ID: a5777af9-5dde-4881-8bd8-d645e8d48593
*** Element info: {Using=xpath, value=.//*[@id='olgs_fullname']}
2016-01-09 13:28:01  ERROR [pages.ZapisatsaPage] : Error: inputTextToField catch org.openqa.selenium.NoSuchElementException: Unable to locate element: {"method":"xpath","selector":".//*[@id='olgs_phone']"}
Command duration or timeout: 10.07 seconds
For documentation on this error, please visit: http://seleniumhq.org/exceptions/no_such_element.html
Build info: version: '2.53.0', revision: '35ae25b', time: '2016-03-15 17:00:58'
System info: host: 'DEV2-PC-8129', ip: '192.168.8.129', os.name: 'Windows 10', os.arch: 'amd64', os.version: '10.0', java.version: '1.8.0_91'
Driver info: org.openqa.selenium.firefox.FirefoxDriver
Capabilities [{applicationCacheEnabled=true, rotatable=false, handlesAlerts=true, databaseEnabled=true, version=36.0, platform=WINDOWS, nativeEvents=false, acceptSslCerts=true, webStorageEnabled=true, locationContextEnabled=true, browserName=firefox, takesScreenshot=true, javascriptEnabled=true, cssSelectorsEnabled=true}]
Session ID: a5777af9-5dde-4881-8bd8-d645e8d48593
*** Element info: {Using=xpath, value=.//*[@id='olgs_phone']}
2016-01-09 13:28:11  ERROR [pages.ZapisatsaPage] : Error: inputTextToField catch org.openqa.selenium.NoSuchElementException: Unable to locate element: {"method":"xpath","selector":".//*[@id='olgs_email']"}
Command duration or timeout: 10.08 seconds
For documentation on this error, please visit: http://seleniumhq.org/exceptions/no_such_element.html
Build info: version: '2.53.0', revision: '35ae25b', time: '2016-03-15 17:00:58'
System info: host: 'DEV2-PC-8129', ip: '192.168.8.129', os.name: 'Windows 10', os.arch: 'amd64', os.version: '10.0', java.version: '1.8.0_91'
Driver info: org.openqa.selenium.firefox.FirefoxDriver
Capabilities [{applicationCacheEnabled=true, rotatable=false, handlesAlerts=true, databaseEnabled=true, version=36.0, platform=WINDOWS, nativeEvents=false, acceptSslCerts=true, webStorageEnabled=true, locationContextEnabled=true, browserName=firefox, takesScreenshot=true, javascriptEnabled=true, cssSelectorsEnabled=true}]
Session ID: a5777af9-5dde-4881-8bd8-d645e8d48593
*** Element info: {Using=xpath, value=.//*[@id='olgs_email']}
2016-01-09 13:28:21  ERROR [pages.ZapisatsaPage] : Error: clickButton catch org.openqa.selenium.NoSuchElementException: Unable to locate element: {"method":"xpath","selector":"//*[@id='olgs_submit']"}
Command duration or timeout: 10.14 seconds
For documentation on this error, please visit: http://seleniumhq.org/exceptions/no_such_element.html
Build info: version: '2.53.0', revision: '35ae25b', time: '2016-03-15 17:00:58'
System info: host: 'DEV2-PC-8129', ip: '192.168.8.129', os.name: 'Windows 10', os.arch: 'amd64', os.version: '10.0', java.version: '1.8.0_91'
Driver info: org.openqa.selenium.firefox.FirefoxDriver
Capabilities [{applicationCacheEnabled=true, rotatable=false, handlesAlerts=true, databaseEnabled=true, version=36.0, platform=WINDOWS, nativeEvents=false, acceptSslCerts=true, webStorageEnabled=true, locationContextEnabled=true, browserName=firefox, takesScreenshot=true, javascriptEnabled=true, cssSelectorsEnabled=true}]
Session ID: a5777af9-5dde-4881-8bd8-d645e8d48593
*** Element info: {Using=xpath, value=//*[@id='olgs_submit']}
2016-01-09 13:32:38   INFO [pages.ZapisatsaPage] : Page is opened
2016-01-09 13:32:49  ERROR [pages.ZapisatsaPage] : Error: valueUkraine was not inputted and selected from DropDown list
2016-01-09 13:32:59  ERROR [pages.ZapisatsaPage] : Error: inputTextToField catch org.openqa.selenium.NoSuchElementException: Unable to locate element: {"method":"xpath","selector":".//*[@id='olgs_fullname']"}
Command duration or timeout: 10.12 seconds
For documentation on this error, please visit: http://seleniumhq.org/exceptions/no_such_element.html
Build info: version: '2.53.0', revision: '35ae25b', time: '2016-03-15 17:00:58'
System info: host: 'DEV2-PC-8129', ip: '192.168.8.129', os.name: 'Windows 10', os.arch: 'amd64', os.version: '10.0', java.version: '1.8.0_91'
Driver info: org.openqa.selenium.firefox.FirefoxDriver
Capabilities [{applicationCacheEnabled=true, rotatable=false, handlesAlerts=true, databaseEnabled=true, version=36.0, platform=WINDOWS, nativeEvents=false, acceptSslCerts=true, webStorageEnabled=true, locationContextEnabled=true, browserName=firefox, takesScreenshot=true, javascriptEnabled=true, cssSelectorsEnabled=true}]
Session ID: 71f560ec-9af6-4ed6-b825-5450c2b4bfe3
*** Element info: {Using=xpath, value=.//*[@id='olgs_fullname']}
2016-01-09 13:33:09  ERROR [pages.ZapisatsaPage] : Error: inputTextToField catch org.openqa.selenium.NoSuchElementException: Unable to locate element: {"method":"xpath","selector":".//*[@id='olgs_phone']"}
Command duration or timeout: 10.05 seconds
For documentation on this error, please visit: http://seleniumhq.org/exceptions/no_such_element.html
Build info: version: '2.53.0', revision: '35ae25b', time: '2016-03-15 17:00:58'
System info: host: 'DEV2-PC-8129', ip: '192.168.8.129', os.name: 'Windows 10', os.arch: 'amd64', os.version: '10.0', java.version: '1.8.0_91'
Driver info: org.openqa.selenium.firefox.FirefoxDriver
Capabilities [{applicationCacheEnabled=true, rotatable=false, handlesAlerts=true, databaseEnabled=true, version=36.0, platform=WINDOWS, nativeEvents=false, acceptSslCerts=true, webStorageEnabled=true, locationContextEnabled=true, browserName=firefox, takesScreenshot=true, javascriptEnabled=true, cssSelectorsEnabled=true}]
Session ID: 71f560ec-9af6-4ed6-b825-5450c2b4bfe3
*** Element info: {Using=xpath, value=.//*[@id='olgs_phone']}
2016-01-09 13:33:19  ERROR [pages.ZapisatsaPage] : Error: inputTextToField catch org.openqa.selenium.NoSuchElementException: Unable to locate element: {"method":"xpath","selector":"//*[@id='olgs_email']"}
Command duration or timeout: 10.15 seconds
For documentation on this error, please visit: http://seleniumhq.org/exceptions/no_such_element.html
Build info: version: '2.53.0', revision: '35ae25b', time: '2016-03-15 17:00:58'
System info: host: 'DEV2-PC-8129', ip: '192.168.8.129', os.name: 'Windows 10', os.arch: 'amd64', os.version: '10.0', java.version: '1.8.0_91'
Driver info: org.openqa.selenium.firefox.FirefoxDriver
Capabilities [{applicationCacheEnabled=true, rotatable=false, handlesAlerts=true, databaseEnabled=true, version=36.0, platform=WINDOWS, nativeEvents=false, acceptSslCerts=true, webStorageEnabled=true, locationContextEnabled=true, browserName=firefox, takesScreenshot=true, javascriptEnabled=true, cssSelectorsEnabled=true}]
Session ID: 71f560ec-9af6-4ed6-b825-5450c2b4bfe3
*** Element info: {Using=xpath, value=//*[@id='olgs_email']}
2016-01-09 13:33:29  ERROR [pages.ZapisatsaPage] : Error: clickButton catch org.openqa.selenium.NoSuchElementException: Unable to locate element: {"method":"xpath","selector":".//*[@id='olgs_submit']"}
Command duration or timeout: 10.04 seconds
For documentation on this error, please visit: http://seleniumhq.org/exceptions/no_such_element.html
Build info: version: '2.53.0', revision: '35ae25b', time: '2016-03-15 17:00:58'
System info: host: 'DEV2-PC-8129', ip: '192.168.8.129', os.name: 'Windows 10', os.arch: 'amd64', os.version: '10.0', java.version: '1.8.0_91'
Driver info: org.openqa.selenium.firefox.FirefoxDriver
Capabilities [{applicationCacheEnabled=true, rotatable=false, handlesAlerts=true, databaseEnabled=true, version=36.0, platform=WINDOWS, nativeEvents=false, acceptSslCerts=true, webStorageEnabled=true, locationContextEnabled=true, browserName=firefox, takesScreenshot=true, javascriptEnabled=true, cssSelectorsEnabled=true}]
Session ID: 71f560ec-9af6-4ed6-b825-5450c2b4bfe3
*** Element info: {Using=xpath, value=.//*[@id='olgs_submit']}
2016-01-09 13:37:11   INFO [pages.ZapisatsaPage] : Page is opened
2016-01-09 13:37:11   INFO [pages.ZapisatsaPage] : Ukraine was inputed and selected from DropDovn list
2016-01-09 13:37:11   INFO [pages.ZapisatsaPage] : Value Test_site set 
2016-01-09 13:37:11   INFO [pages.ZapisatsaPage] : Value 1235653534 set 
2016-01-09 13:37:11   INFO [pages.ZapisatsaPage] : Value test1122@ww.dd set 
2016-01-09 13:37:12   INFO [pages.ZapisatsaPage] : Click buttonBy.xpath: .//*[@id='olgs_submit_button']
2016-01-09 13:37:22  ERROR [pages.ZapisatsaPage] : Error: Needed element was not foundBy.xpath: //h1[contains (text(), 'Congratulations')]
2016-01-09 13:38:54   INFO [pages.ZapisatsaPage] : Page is opened
2016-01-09 13:38:54   INFO [pages.ZapisatsaPage] : Ukraine was inputed and selected from DropDovn list
2016-01-09 13:38:54   INFO [pages.ZapisatsaPage] : Value Test_site set 
2016-01-09 13:38:55   INFO [pages.ZapisatsaPage] : Value 1235653534 set 
2016-01-09 13:38:55   INFO [pages.ZapisatsaPage] : Value test1122@ww.dd set 
2016-01-09 13:38:55   INFO [pages.ZapisatsaPage] : Click buttonBy.xpath: .//*[@id='olgs_submit_button']
2016-01-09 13:39:06  ERROR [pages.ZapisatsaPage] : Error: Needed element was not foundBy.xpath: //h1[contains (text(), 'Congratulations')]
2016-01-09 13:39:36   INFO [pages.ZapisatsaPage] : Page is opened
2016-01-09 13:39:37   INFO [pages.ZapisatsaPage] : Ukraine was inputed and selected from DropDovn list
2016-01-09 13:39:37   INFO [pages.ZapisatsaPage] : Value Test_site set 
2016-01-09 13:39:37   INFO [pages.ZapisatsaPage] : Value 1235653534 set 
2016-01-09 13:39:37   INFO [pages.ZapisatsaPage] : Value test1122@ww.dd set 
2016-01-09 13:39:43   INFO [pages.ZapisatsaPage] : Click buttonBy.xpath: .//*[@id='olgs_submit_button']
2016-01-09 13:40:10  ERROR [pages.ZapisatsaPage] : Error: Needed element was not foundBy.xpath: //h1[contains (text(), 'Congratulations')]
2016-01-09 13:40:56   INFO [pages.ZapisatsaPage] : Page is opened
2016-01-09 13:40:56   INFO [pages.ZapisatsaPage] : Ukraine was inputed and selected from DropDovn list
2016-01-09 13:40:56   INFO [pages.ZapisatsaPage] : Value Test_site set 
2016-01-09 13:40:56   INFO [pages.ZapisatsaPage] : Value 7777 set 
2016-01-09 13:40:56   INFO [pages.ZapisatsaPage] : Value test11223@ww.dd set 
2016-01-09 13:41:13   INFO [pages.ZapisatsaPage] : Click buttonBy.xpath: .//*[@id='olgs_submit_button']
2016-01-09 13:41:41  ERROR [pages.ZapisatsaPage] : Error: Needed element was not foundBy.xpath: //h1[contains (text(), 'Congratulations')]
2016-01-09 14:20:23   INFO [pages.ZapisatsaPage] : Page is opened
2016-01-09 14:20:23   INFO [pages.ZapisatsaPage] : Ukraine was inputed and selected from DropDovn list
2016-01-09 14:20:23   INFO [pages.ZapisatsaPage] : Value Test_site set 
2016-01-09 14:20:23   INFO [pages.ZapisatsaPage] : Value 7777 set 
2016-01-09 14:20:23   INFO [pages.ZapisatsaPage] : Value test11223@ww.dd set 
2016-01-09 14:20:24   INFO [pages.ZapisatsaPage] : Click buttonBy.xpath: .//*[@id='olgs_submit_button']
2016-01-09 14:20:34  ERROR [pages.ZapisatsaPage] : Error: Needed element was not foundBy.xpath: //h1[contains (text(), 'Congratulations')]
2016-01-09 14:22:50   INFO [pages.ZapisatsaPage] : Page is opened
2016-01-09 14:23:00  ERROR [pages.ZapisatsaPage] : Error: valueUkraine was not inputted and selected from DropDown list
2016-01-09 14:23:10  ERROR [pages.ZapisatsaPage] : Error: inputTextToField catch org.openqa.selenium.NoSuchElementException: Unable to locate element: {"method":"xpath","selector":".//*[@id='olgs_fullname_line']"}
Command duration or timeout: 10.16 seconds
For documentation on this error, please visit: http://seleniumhq.org/exceptions/no_such_element.html
Build info: version: '2.53.0', revision: '35ae25b', time: '2016-03-15 17:00:58'
System info: host: 'DEV2-PC-8129', ip: '192.168.8.129', os.name: 'Windows 10', os.arch: 'amd64', os.version: '10.0', java.version: '1.8.0_91'
Driver info: org.openqa.selenium.firefox.FirefoxDriver
Capabilities [{applicationCacheEnabled=true, rotatable=false, handlesAlerts=true, databaseEnabled=true, version=43.0.1, platform=WINDOWS, nativeEvents=false, acceptSslCerts=true, webStorageEnabled=true, locationContextEnabled=true, browserName=firefox, takesScreenshot=true, javascriptEnabled=true, cssSelectorsEnabled=true}]
Session ID: d46b6ce8-c6ba-47a2-92f6-92744b5aafb0
*** Element info: {Using=xpath, value=.//*[@id='olgs_fullname_line']}
2016-01-09 14:23:21  ERROR [pages.ZapisatsaPage] : Error: inputTextToField catch org.openqa.selenium.NoSuchElementException: Unable to locate element: {"method":"xpath","selector":".//*[@id='olgs_phone_two_fields_2']"}
Command duration or timeout: 10.10 seconds
For documentation on this error, please visit: http://seleniumhq.org/exceptions/no_such_element.html
Build info: version: '2.53.0', revision: '35ae25b', time: '2016-03-15 17:00:58'
System info: host: 'DEV2-PC-8129', ip: '192.168.8.129', os.name: 'Windows 10', os.arch: 'amd64', os.version: '10.0', java.version: '1.8.0_91'
Driver info: org.openqa.selenium.firefox.FirefoxDriver
Capabilities [{applicationCacheEnabled=true, rotatable=false, handlesAlerts=true, databaseEnabled=true, version=43.0.1, platform=WINDOWS, nativeEvents=false, acceptSslCerts=true, webStorageEnabled=true, locationContextEnabled=true, browserName=firefox, takesScreenshot=true, javascriptEnabled=true, cssSelectorsEnabled=true}]
Session ID: d46b6ce8-c6ba-47a2-92f6-92744b5aafb0
*** Element info: {Using=xpath, value=.//*[@id='olgs_phone_two_fields_2']}
2016-01-09 14:23:31  ERROR [pages.ZapisatsaPage] : Error: inputTextToField catch org.openqa.selenium.NoSuchElementException: Unable to locate element: {"method":"xpath","selector":".//*[@id='olgs_email_label']"}
Command duration or timeout: 10.09 seconds
For documentation on this error, please visit: http://seleniumhq.org/exceptions/no_such_element.html
Build info: version: '2.53.0', revision: '35ae25b', time: '2016-03-15 17:00:58'
System info: host: 'DEV2-PC-8129', ip: '192.168.8.129', os.name: 'Windows 10', os.arch: 'amd64', os.version: '10.0', java.version: '1.8.0_91'
Driver info: org.openqa.selenium.firefox.FirefoxDriver
Capabilities [{applicationCacheEnabled=true, rotatable=false, handlesAlerts=true, databaseEnabled=true, version=43.0.1, platform=WINDOWS, nativeEvents=false, acceptSslCerts=true, webStorageEnabled=true, locationContextEnabled=true, browserName=firefox, takesScreenshot=true, javascriptEnabled=true, cssSelectorsEnabled=true}]
Session ID: d46b6ce8-c6ba-47a2-92f6-92744b5aafb0
*** Element info: {Using=xpath, value=.//*[@id='olgs_email_label']}
2016-01-09 14:23:41  ERROR [pages.ZapisatsaPage] : Error: clickButton catch org.openqa.selenium.NoSuchElementException: Unable to locate element: {"method":"xpath","selector":".//*[@id='olgs_submit_button']"}
Command duration or timeout: 10.04 seconds
For documentation on this error, please visit: http://seleniumhq.org/exceptions/no_such_element.html
Build info: version: '2.53.0', revision: '35ae25b', time: '2016-03-15 17:00:58'
System info: host: 'DEV2-PC-8129', ip: '192.168.8.129', os.name: 'Windows 10', os.arch: 'amd64', os.version: '10.0', java.version: '1.8.0_91'
Driver info: org.openqa.selenium.firefox.FirefoxDriver
Capabilities [{applicationCacheEnabled=true, rotatable=false, handlesAlerts=true, databaseEnabled=true, version=43.0.1, platform=WINDOWS, nativeEvents=false, acceptSslCerts=true, webStorageEnabled=true, locationContextEnabled=true, browserName=firefox, takesScreenshot=true, javascriptEnabled=true, cssSelectorsEnabled=true}]
Session ID: d46b6ce8-c6ba-47a2-92f6-92744b5aafb0
*** Element info: {Using=xpath, value=.//*[@id='olgs_submit_button']}
2016-01-09 14:31:29   INFO [pages.ZapisatsaPage] : Page is opened
2016-01-09 14:31:37  ERROR [pages.ZapisatsaPage] : Error: valueUkraine was not inputted and selected from DropDown list
2016-01-09 14:31:38  ERROR [pages.ZapisatsaPage] : Error: inputTextToField catch org.openqa.selenium.remote.UnreachableBrowserException: Error communicating with the remote browser. It may have died.
Build info: version: '2.53.0', revision: '35ae25b', time: '2016-03-15 17:00:58'
System info: host: 'DEV2-PC-8129', ip: '192.168.8.129', os.name: 'Windows 10', os.arch: 'amd64', os.version: '10.0', java.version: '1.8.0_91'
Driver info: driver.version: RemoteWebDriver
Capabilities [{applicationCacheEnabled=true, rotatable=false, handlesAlerts=true, databaseEnabled=true, version=43.0.1, platform=WINDOWS, nativeEvents=false, acceptSslCerts=true, webStorageEnabled=true, locationContextEnabled=true, browserName=firefox, takesScreenshot=true, javascriptEnabled=true, cssSelectorsEnabled=true}]
Session ID: 112ea24d-fa36-4b71-afba-78b984e6c9ce
2016-01-09 14:31:39  ERROR [pages.ZapisatsaPage] : Error: inputTextToField catch org.openqa.selenium.remote.UnreachableBrowserException: Error communicating with the remote browser. It may have died.
Build info: version: '2.53.0', revision: '35ae25b', time: '2016-03-15 17:00:58'
System info: host: 'DEV2-PC-8129', ip: '192.168.8.129', os.name: 'Windows 10', os.arch: 'amd64', os.version: '10.0', java.version: '1.8.0_91'
Driver info: driver.version: RemoteWebDriver
Capabilities [{applicationCacheEnabled=true, rotatable=false, handlesAlerts=true, databaseEnabled=true, version=43.0.1, platform=WINDOWS, nativeEvents=false, acceptSslCerts=true, webStorageEnabled=true, locationContextEnabled=true, browserName=firefox, takesScreenshot=true, javascriptEnabled=true, cssSelectorsEnabled=true}]
Session ID: 112ea24d-fa36-4b71-afba-78b984e6c9ce
2016-01-09 14:31:40  ERROR [pages.ZapisatsaPage] : Error: inputTextToField catch org.openqa.selenium.remote.UnreachableBrowserException: Error communicating with the remote browser. It may have died.
Build info: version: '2.53.0', revision: '35ae25b', time: '2016-03-15 17:00:58'
System info: host: 'DEV2-PC-8129', ip: '192.168.8.129', os.name: 'Windows 10', os.arch: 'amd64', os.version: '10.0', java.version: '1.8.0_91'
Driver info: driver.version: RemoteWebDriver
Capabilities [{applicationCacheEnabled=true, rotatable=false, handlesAlerts=true, databaseEnabled=true, version=43.0.1, platform=WINDOWS, nativeEvents=false, acceptSslCerts=true, webStorageEnabled=true, locationContextEnabled=true, browserName=firefox, takesScreenshot=true, javascriptEnabled=true, cssSelectorsEnabled=true}]
Session ID: 112ea24d-fa36-4b71-afba-78b984e6c9ce
2016-01-09 14:31:41  ERROR [pages.ZapisatsaPage] : Error: clickButton catch org.openqa.selenium.remote.UnreachableBrowserException: Error communicating with the remote browser. It may have died.
Build info: version: '2.53.0', revision: '35ae25b', time: '2016-03-15 17:00:58'
System info: host: 'DEV2-PC-8129', ip: '192.168.8.129', os.name: 'Windows 10', os.arch: 'amd64', os.version: '10.0', java.version: '1.8.0_91'
Driver info: driver.version: RemoteWebDriver
Capabilities [{applicationCacheEnabled=true, rotatable=false, handlesAlerts=true, databaseEnabled=true, version=43.0.1, platform=WINDOWS, nativeEvents=false, acceptSslCerts=true, webStorageEnabled=true, locationContextEnabled=true, browserName=firefox, takesScreenshot=true, javascriptEnabled=true, cssSelectorsEnabled=true}]
Session ID: 112ea24d-fa36-4b71-afba-78b984e6c9ce
2016-01-09 14:33:32   INFO [pages.ZapisatsaPage] : Page is opened
2016-01-09 14:33:40  ERROR [pages.ZapisatsaPage] : Error: valueUkraine was not inputted and selected from DropDown list
2016-01-09 14:33:41  ERROR [pages.ZapisatsaPage] : Error: inputTextToField catch org.openqa.selenium.remote.UnreachableBrowserException: Error communicating with the remote browser. It may have died.
Build info: version: '2.53.0', revision: '35ae25b', time: '2016-03-15 17:00:58'
System info: host: 'DEV2-PC-8129', ip: '192.168.8.129', os.name: 'Windows 10', os.arch: 'amd64', os.version: '10.0', java.version: '1.8.0_91'
Driver info: driver.version: RemoteWebDriver
Capabilities [{applicationCacheEnabled=true, rotatable=false, handlesAlerts=true, databaseEnabled=true, version=43.0.1, platform=WINDOWS, nativeEvents=false, acceptSslCerts=true, webStorageEnabled=true, locationContextEnabled=true, browserName=firefox, takesScreenshot=true, javascriptEnabled=true, cssSelectorsEnabled=true}]
Session ID: b1fd7e31-a9ed-41d1-b433-e01fb6db98f7
2016-01-09 14:33:42  ERROR [pages.ZapisatsaPage] : Error: inputTextToField catch org.openqa.selenium.remote.UnreachableBrowserException: Error communicating with the remote browser. It may have died.
Build info: version: '2.53.0', revision: '35ae25b', time: '2016-03-15 17:00:58'
System info: host: 'DEV2-PC-8129', ip: '192.168.8.129', os.name: 'Windows 10', os.arch: 'amd64', os.version: '10.0', java.version: '1.8.0_91'
Driver info: driver.version: RemoteWebDriver
Capabilities [{applicationCacheEnabled=true, rotatable=false, handlesAlerts=true, databaseEnabled=true, version=43.0.1, platform=WINDOWS, nativeEvents=false, acceptSslCerts=true, webStorageEnabled=true, locationContextEnabled=true, browserName=firefox, takesScreenshot=true, javascriptEnabled=true, cssSelectorsEnabled=true}]
Session ID: b1fd7e31-a9ed-41d1-b433-e01fb6db98f7
2016-01-09 14:33:43  ERROR [pages.ZapisatsaPage] : Error: inputTextToField catch org.openqa.selenium.remote.UnreachableBrowserException: Error communicating with the remote browser. It may have died.
Build info: version: '2.53.0', revision: '35ae25b', time: '2016-03-15 17:00:58'
System info: host: 'DEV2-PC-8129', ip: '192.168.8.129', os.name: 'Windows 10', os.arch: 'amd64', os.version: '10.0', java.version: '1.8.0_91'
Driver info: driver.version: RemoteWebDriver
Capabilities [{applicationCacheEnabled=true, rotatable=false, handlesAlerts=true, databaseEnabled=true, version=43.0.1, platform=WINDOWS, nativeEvents=false, acceptSslCerts=true, webStorageEnabled=true, locationContextEnabled=true, browserName=firefox, takesScreenshot=true, javascriptEnabled=true, cssSelectorsEnabled=true}]
Session ID: b1fd7e31-a9ed-41d1-b433-e01fb6db98f7
2016-01-09 14:33:44  ERROR [pages.ZapisatsaPage] : Error: clickButton catch org.openqa.selenium.remote.UnreachableBrowserException: Error communicating with the remote browser. It may have died.
Build info: version: '2.53.0', revision: '35ae25b', time: '2016-03-15 17:00:58'
System info: host: 'DEV2-PC-8129', ip: '192.168.8.129', os.name: 'Windows 10', os.arch: 'amd64', os.version: '10.0', java.version: '1.8.0_91'
Driver info: driver.version: RemoteWebDriver
Capabilities [{applicationCacheEnabled=true, rotatable=false, handlesAlerts=true, databaseEnabled=true, version=43.0.1, platform=WINDOWS, nativeEvents=false, acceptSslCerts=true, webStorageEnabled=true, locationContextEnabled=true, browserName=firefox, takesScreenshot=true, javascriptEnabled=true, cssSelectorsEnabled=true}]
Session ID: b1fd7e31-a9ed-41d1-b433-e01fb6db98f7
2016-01-09 14:45:51   INFO [pages.ZapisatsaPage] : Page is opened
2016-01-09 14:46:01  ERROR [pages.ZapisatsaPage] : Error: valueUkraine was not inputted and selected from DropDown list
2016-01-09 14:46:11  ERROR [pages.ZapisatsaPage] : Error: inputTextToField catch org.openqa.selenium.NoSuchElementException: Unable to locate element: {"method":"xpath","selector":".//*[@id='olgs_fullname']"}
Command duration or timeout: 10.06 seconds
For documentation on this error, please visit: http://seleniumhq.org/exceptions/no_such_element.html
Build info: version: '2.53.0', revision: '35ae25b', time: '2016-03-15 17:00:58'
System info: host: 'DEV2-PC-8129', ip: '192.168.8.129', os.name: 'Windows 10', os.arch: 'amd64', os.version: '10.0', java.version: '1.8.0_91'
Driver info: org.openqa.selenium.firefox.FirefoxDriver
Capabilities [{applicationCacheEnabled=true, rotatable=false, handlesAlerts=true, databaseEnabled=true, version=43.0.1, platform=WINDOWS, nativeEvents=false, acceptSslCerts=true, webStorageEnabled=true, locationContextEnabled=true, browserName=firefox, takesScreenshot=true, javascriptEnabled=true, cssSelectorsEnabled=true}]
Session ID: a45a4068-b944-49aa-8e5b-5943d6657dc0
*** Element info: {Using=xpath, value=.//*[@id='olgs_fullname']}
2016-01-09 14:46:21  ERROR [pages.ZapisatsaPage] : Error: inputTextToField catch org.openqa.selenium.NoSuchElementException: Unable to locate element: {"method":"xpath","selector":".//*[@id='olgs_phone']"}
Command duration or timeout: 10.06 seconds
For documentation on this error, please visit: http://seleniumhq.org/exceptions/no_such_element.html
Build info: version: '2.53.0', revision: '35ae25b', time: '2016-03-15 17:00:58'
System info: host: 'DEV2-PC-8129', ip: '192.168.8.129', os.name: 'Windows 10', os.arch: 'amd64', os.version: '10.0', java.version: '1.8.0_91'
Driver info: org.openqa.selenium.firefox.FirefoxDriver
Capabilities [{applicationCacheEnabled=true, rotatable=false, handlesAlerts=true, databaseEnabled=true, version=43.0.1, platform=WINDOWS, nativeEvents=false, acceptSslCerts=true, webStorageEnabled=true, locationContextEnabled=true, browserName=firefox, takesScreenshot=true, javascriptEnabled=true, cssSelectorsEnabled=true}]
Session ID: a45a4068-b944-49aa-8e5b-5943d6657dc0
*** Element info: {Using=xpath, value=.//*[@id='olgs_phone']}
2016-01-09 14:46:31  ERROR [pages.ZapisatsaPage] : Error: inputTextToField catch org.openqa.selenium.NoSuchElementException: Unable to locate element: {"method":"xpath","selector":".//*[@id='olgs_email']"}
Command duration or timeout: 10.13 seconds
For documentation on this error, please visit: http://seleniumhq.org/exceptions/no_such_element.html
Build info: version: '2.53.0', revision: '35ae25b', time: '2016-03-15 17:00:58'
System info: host: 'DEV2-PC-8129', ip: '192.168.8.129', os.name: 'Windows 10', os.arch: 'amd64', os.version: '10.0', java.version: '1.8.0_91'
Driver info: org.openqa.selenium.firefox.FirefoxDriver
Capabilities [{applicationCacheEnabled=true, rotatable=false, handlesAlerts=true, databaseEnabled=true, version=43.0.1, platform=WINDOWS, nativeEvents=false, acceptSslCerts=true, webStorageEnabled=true, locationContextEnabled=true, browserName=firefox, takesScreenshot=true, javascriptEnabled=true, cssSelectorsEnabled=true}]
Session ID: a45a4068-b944-49aa-8e5b-5943d6657dc0
*** Element info: {Using=xpath, value=.//*[@id='olgs_email']}
2016-01-09 14:46:42  ERROR [pages.ZapisatsaPage] : Error: clickButton catch org.openqa.selenium.NoSuchElementException: Unable to locate element: {"method":"xpath","selector":".//*[@id='olgs_submit']"}
Command duration or timeout: 10.10 seconds
For documentation on this error, please visit: http://seleniumhq.org/exceptions/no_such_element.html
Build info: version: '2.53.0', revision: '35ae25b', time: '2016-03-15 17:00:58'
System info: host: 'DEV2-PC-8129', ip: '192.168.8.129', os.name: 'Windows 10', os.arch: 'amd64', os.version: '10.0', java.version: '1.8.0_91'
Driver info: org.openqa.selenium.firefox.FirefoxDriver
Capabilities [{applicationCacheEnabled=true, rotatable=false, handlesAlerts=true, databaseEnabled=true, version=43.0.1, platform=WINDOWS, nativeEvents=false, acceptSslCerts=true, webStorageEnabled=true, locationContextEnabled=true, browserName=firefox, takesScreenshot=true, javascriptEnabled=true, cssSelectorsEnabled=true}]
Session ID: a45a4068-b944-49aa-8e5b-5943d6657dc0
*** Element info: {Using=xpath, value=.//*[@id='olgs_submit']}
2016-01-09 15:05:06   INFO [pages.ZapisatsaPage] : Page is opened
2016-01-09 15:05:12  ERROR [pages.ZapisatsaPage] : Error: valueUkraine was not inputted and selected from DropDown list
2016-01-09 15:05:13  ERROR [pages.ZapisatsaPage] : Error: inputTextToField catch org.openqa.selenium.remote.UnreachableBrowserException: Error communicating with the remote browser. It may have died.
Build info: version: '2.53.0', revision: '35ae25b', time: '2016-03-15 17:00:58'
System info: host: 'DEV2-PC-8129', ip: '192.168.8.129', os.name: 'Windows 10', os.arch: 'amd64', os.version: '10.0', java.version: '1.8.0_91'
Driver info: driver.version: RemoteWebDriver
Capabilities [{applicationCacheEnabled=true, rotatable=false, handlesAlerts=true, databaseEnabled=true, version=43.0.1, platform=WINDOWS, nativeEvents=false, acceptSslCerts=true, webStorageEnabled=true, locationContextEnabled=true, browserName=firefox, takesScreenshot=true, javascriptEnabled=true, cssSelectorsEnabled=true}]
Session ID: 8ecfbbaa-1a8e-4cf0-8978-4503d6c72116
2016-01-09 15:05:14  ERROR [pages.ZapisatsaPage] : Error: inputTextToField catch org.openqa.selenium.remote.UnreachableBrowserException: Error communicating with the remote browser. It may have died.
Build info: version: '2.53.0', revision: '35ae25b', time: '2016-03-15 17:00:58'
System info: host: 'DEV2-PC-8129', ip: '192.168.8.129', os.name: 'Windows 10', os.arch: 'amd64', os.version: '10.0', java.version: '1.8.0_91'
Driver info: driver.version: RemoteWebDriver
Capabilities [{applicationCacheEnabled=true, rotatable=false, handlesAlerts=true, databaseEnabled=true, version=43.0.1, platform=WINDOWS, nativeEvents=false, acceptSslCerts=true, webStorageEnabled=true, locationContextEnabled=true, browserName=firefox, takesScreenshot=true, javascriptEnabled=true, cssSelectorsEnabled=true}]
Session ID: 8ecfbbaa-1a8e-4cf0-8978-4503d6c72116
2016-01-09 15:05:15  ERROR [pages.ZapisatsaPage] : Error: inputTextToField catch org.openqa.selenium.remote.UnreachableBrowserException: Error communicating with the remote browser. It may have died.
Build info: version: '2.53.0', revision: '35ae25b', time: '2016-03-15 17:00:58'
System info: host: 'DEV2-PC-8129', ip: '192.168.8.129', os.name: 'Windows 10', os.arch: 'amd64', os.version: '10.0', java.version: '1.8.0_91'
Driver info: driver.version: RemoteWebDriver
Capabilities [{applicationCacheEnabled=true, rotatable=false, handlesAlerts=true, databaseEnabled=true, version=43.0.1, platform=WINDOWS, nativeEvents=false, acceptSslCerts=true, webStorageEnabled=true, locationContextEnabled=true, browserName=firefox, takesScreenshot=true, javascriptEnabled=true, cssSelectorsEnabled=true}]
Session ID: 8ecfbbaa-1a8e-4cf0-8978-4503d6c72116
2016-01-09 15:05:16  ERROR [pages.ZapisatsaPage] : Error: clickButton catch org.openqa.selenium.remote.UnreachableBrowserException: Error communicating with the remote browser. It may have died.
Build info: version: '2.53.0', revision: '35ae25b', time: '2016-03-15 17:00:58'
System info: host: 'DEV2-PC-8129', ip: '192.168.8.129', os.name: 'Windows 10', os.arch: 'amd64', os.version: '10.0', java.version: '1.8.0_91'
Driver info: driver.version: RemoteWebDriver
Capabilities [{applicationCacheEnabled=true, rotatable=false, handlesAlerts=true, databaseEnabled=true, version=43.0.1, platform=WINDOWS, nativeEvents=false, acceptSslCerts=true, webStorageEnabled=true, locationContextEnabled=true, browserName=firefox, takesScreenshot=true, javascriptEnabled=true, cssSelectorsEnabled=true}]
Session ID: 8ecfbbaa-1a8e-4cf0-8978-4503d6c72116
2016-01-09 15:07:30   INFO [pages.ZapisatsaPage] : Page is opened
2016-01-09 15:08:01  ERROR [pages.ZapisatsaPage] : Error: valueUkraine was not inputted and selected from DropDown list
2016-01-09 15:08:11  ERROR [pages.ZapisatsaPage] : Error: inputTextToField catch org.openqa.selenium.NoSuchElementException: Unable to locate element: {"method":"xpath","selector":".//input[@id='olgs_fullname']"}
Command duration or timeout: 10.07 seconds
For documentation on this error, please visit: http://seleniumhq.org/exceptions/no_such_element.html
Build info: version: '2.53.0', revision: '35ae25b', time: '2016-03-15 17:00:58'
System info: host: 'DEV2-PC-8129', ip: '192.168.8.129', os.name: 'Windows 10', os.arch: 'amd64', os.version: '10.0', java.version: '1.8.0_91'
Driver info: org.openqa.selenium.firefox.FirefoxDriver
Capabilities [{applicationCacheEnabled=true, rotatable=false, handlesAlerts=true, databaseEnabled=true, version=43.0.1, platform=WINDOWS, nativeEvents=false, acceptSslCerts=true, webStorageEnabled=true, locationContextEnabled=true, browserName=firefox, takesScreenshot=true, javascriptEnabled=true, cssSelectorsEnabled=true}]
Session ID: 16e93003-bb62-4e1e-a05e-bb3a7ce5e616
*** Element info: {Using=xpath, value=.//input[@id='olgs_fullname']}
2016-01-09 15:08:21  ERROR [pages.ZapisatsaPage] : Error: inputTextToField catch org.openqa.selenium.NoSuchElementException: Unable to locate element: {"method":"xpath","selector":".//*[@id='olgs_phone']"}
Command duration or timeout: 10.12 seconds
For documentation on this error, please visit: http://seleniumhq.org/exceptions/no_such_element.html
Build info: version: '2.53.0', revision: '35ae25b', time: '2016-03-15 17:00:58'
System info: host: 'DEV2-PC-8129', ip: '192.168.8.129', os.name: 'Windows 10', os.arch: 'amd64', os.version: '10.0', java.version: '1.8.0_91'
Driver info: org.openqa.selenium.firefox.FirefoxDriver
Capabilities [{applicationCacheEnabled=true, rotatable=false, handlesAlerts=true, databaseEnabled=true, version=43.0.1, platform=WINDOWS, nativeEvents=false, acceptSslCerts=true, webStorageEnabled=true, locationContextEnabled=true, browserName=firefox, takesScreenshot=true, javascriptEnabled=true, cssSelectorsEnabled=true}]
Session ID: 16e93003-bb62-4e1e-a05e-bb3a7ce5e616
*** Element info: {Using=xpath, value=.//*[@id='olgs_phone']}
2016-01-09 15:08:31  ERROR [pages.ZapisatsaPage] : Error: inputTextToField catch org.openqa.selenium.NoSuchElementException: Unable to locate element: {"method":"xpath","selector":".//input[@id='olgs_email']"}
Command duration or timeout: 10.12 seconds
For documentation on this error, please visit: http://seleniumhq.org/exceptions/no_such_element.html
Build info: version: '2.53.0', revision: '35ae25b', time: '2016-03-15 17:00:58'
System info: host: 'DEV2-PC-8129', ip: '192.168.8.129', os.name: 'Windows 10', os.arch: 'amd64', os.version: '10.0', java.version: '1.8.0_91'
Driver info: org.openqa.selenium.firefox.FirefoxDriver
Capabilities [{applicationCacheEnabled=true, rotatable=false, handlesAlerts=true, databaseEnabled=true, version=43.0.1, platform=WINDOWS, nativeEvents=false, acceptSslCerts=true, webStorageEnabled=true, locationContextEnabled=true, browserName=firefox, takesScreenshot=true, javascriptEnabled=true, cssSelectorsEnabled=true}]
Session ID: 16e93003-bb62-4e1e-a05e-bb3a7ce5e616
*** Element info: {Using=xpath, value=.//input[@id='olgs_email']}
2016-01-09 15:08:41  ERROR [pages.ZapisatsaPage] : Error: clickButton catch org.openqa.selenium.NoSuchElementException: Unable to locate element: {"method":"xpath","selector":".//*[@id='olgs_submit']"}
Command duration or timeout: 10.08 seconds
For documentation on this error, please visit: http://seleniumhq.org/exceptions/no_such_element.html
Build info: version: '2.53.0', revision: '35ae25b', time: '2016-03-15 17:00:58'
System info: host: 'DEV2-PC-8129', ip: '192.168.8.129', os.name: 'Windows 10', os.arch: 'amd64', os.version: '10.0', java.version: '1.8.0_91'
Driver info: org.openqa.selenium.firefox.FirefoxDriver
Capabilities [{applicationCacheEnabled=true, rotatable=false, handlesAlerts=true, databaseEnabled=true, version=43.0.1, platform=WINDOWS, nativeEvents=false, acceptSslCerts=true, webStorageEnabled=true, locationContextEnabled=true, browserName=firefox, takesScreenshot=true, javascriptEnabled=true, cssSelectorsEnabled=true}]
Session ID: 16e93003-bb62-4e1e-a05e-bb3a7ce5e616
*** Element info: {Using=xpath, value=.//*[@id='olgs_submit']}
2016-01-09 15:10:02   INFO [pages.ZapisatsaPage] : Page is opened
2016-01-09 15:10:16  ERROR [pages.ZapisatsaPage] : Error: clickButton catch org.openqa.selenium.remote.UnreachableBrowserException: Error communicating with the remote browser. It may have died.
Build info: version: '2.53.0', revision: '35ae25b', time: '2016-03-15 17:00:58'
System info: host: 'DEV2-PC-8129', ip: '192.168.8.129', os.name: 'Windows 10', os.arch: 'amd64', os.version: '10.0', java.version: '1.8.0_91'
Driver info: driver.version: RemoteWebDriver
Capabilities [{applicationCacheEnabled=true, rotatable=false, handlesAlerts=true, databaseEnabled=true, version=43.0.1, platform=WINDOWS, nativeEvents=false, acceptSslCerts=true, webStorageEnabled=true, locationContextEnabled=true, browserName=firefox, takesScreenshot=true, javascriptEnabled=true, cssSelectorsEnabled=true}]
Session ID: 9d4caa24-01ce-48b3-acd4-735dbb67ce5f
2016-01-09 15:10:41   INFO [pages.ZapisatsaPage] : Page is opened
2016-01-09 15:10:52  ERROR [pages.ZapisatsaPage] : Error: clickButton catch org.openqa.selenium.NoSuchElementException: Unable to locate element: {"method":"xpath","selector":".//*[@id='olgs_submit']"}
Command duration or timeout: 10.85 seconds
For documentation on this error, please visit: http://seleniumhq.org/exceptions/no_such_element.html
Build info: version: '2.53.0', revision: '35ae25b', time: '2016-03-15 17:00:58'
System info: host: 'DEV2-PC-8129', ip: '192.168.8.129', os.name: 'Windows 10', os.arch: 'amd64', os.version: '10.0', java.version: '1.8.0_91'
Driver info: org.openqa.selenium.firefox.FirefoxDriver
Capabilities [{applicationCacheEnabled=true, rotatable=false, handlesAlerts=true, databaseEnabled=true, version=43.0.1, platform=WINDOWS, nativeEvents=false, acceptSslCerts=true, webStorageEnabled=true, locationContextEnabled=true, browserName=firefox, takesScreenshot=true, javascriptEnabled=true, cssSelectorsEnabled=true}]
Session ID: f36ee8db-71c6-401d-b567-5d2aa7dc87e4
*** Element info: {Using=xpath, value=.//*[@id='olgs_submit']}
2016-01-09 15:16:45   INFO [pages.ZapisatsaPage] : Page is opened
2016-01-09 15:16:56  ERROR [pages.ZapisatsaPage] : Error: inputTextToField catch org.openqa.selenium.NoSuchElementException: Unable to locate element: {"method":"xpath","selector":".//*[@class='olgs_input_text']"}
Command duration or timeout: 10.84 seconds
For documentation on this error, please visit: http://seleniumhq.org/exceptions/no_such_element.html
Build info: version: '2.53.0', revision: '35ae25b', time: '2016-03-15 17:00:58'
System info: host: 'DEV2-PC-8129', ip: '192.168.8.129', os.name: 'Windows 10', os.arch: 'amd64', os.version: '10.0', java.version: '1.8.0_91'
Driver info: org.openqa.selenium.firefox.FirefoxDriver
Capabilities [{applicationCacheEnabled=true, rotatable=false, handlesAlerts=true, databaseEnabled=true, version=43.0.1, platform=WINDOWS, nativeEvents=false, acceptSslCerts=true, webStorageEnabled=true, locationContextEnabled=true, browserName=firefox, takesScreenshot=true, javascriptEnabled=true, cssSelectorsEnabled=true}]
Session ID: a2388515-024f-4775-bc2f-4dfefac24d01
*** Element info: {Using=xpath, value=.//*[@class='olgs_input_text']}
2016-01-09 15:17:06  ERROR [pages.ZapisatsaPage] : Error: clickButton catch org.openqa.selenium.NoSuchElementException: Unable to locate element: {"method":"xpath","selector":".//*[@id='olgs_submit']"}
Command duration or timeout: 10.11 seconds
For documentation on this error, please visit: http://seleniumhq.org/exceptions/no_such_element.html
Build info: version: '2.53.0', revision: '35ae25b', time: '2016-03-15 17:00:58'
System info: host: 'DEV2-PC-8129', ip: '192.168.8.129', os.name: 'Windows 10', os.arch: 'amd64', os.version: '10.0', java.version: '1.8.0_91'
Driver info: org.openqa.selenium.firefox.FirefoxDriver
Capabilities [{applicationCacheEnabled=true, rotatable=false, handlesAlerts=true, databaseEnabled=true, version=43.0.1, platform=WINDOWS, nativeEvents=false, acceptSslCerts=true, webStorageEnabled=true, locationContextEnabled=true, browserName=firefox, takesScreenshot=true, javascriptEnabled=true, cssSelectorsEnabled=true}]
Session ID: a2388515-024f-4775-bc2f-4dfefac24d01
*** Element info: {Using=xpath, value=.//*[@id='olgs_submit']}
2016-01-09 15:53:33  ERROR [pages.ZapisatsaPage] : Error:org.openqa.selenium.remote.UnreachableBrowserException: Error communicating with the remote browser. It may have died.
Build info: version: '2.53.0', revision: '35ae25b', time: '2016-03-15 17:00:58'
System info: host: 'DEV2-PC-8129', ip: '192.168.8.129', os.name: 'Windows 10', os.arch: 'amd64', os.version: '10.0', java.version: '1.8.0_91'
Driver info: driver.version: RemoteWebDriver
Capabilities [{applicationCacheEnabled=true, rotatable=false, handlesAlerts=true, databaseEnabled=true, version=43.0.1, platform=WINDOWS, nativeEvents=false, acceptSslCerts=true, webStorageEnabled=true, locationContextEnabled=true, browserName=firefox, takesScreenshot=true, javascriptEnabled=true, cssSelectorsEnabled=true}]
Session ID: b38b7880-2c1a-41e1-afbe-1017fdcc2629
2016-01-09 15:53:34  ERROR [pages.ZapisatsaPage] : Error: inputTextToField catch org.openqa.selenium.remote.UnreachableBrowserException: Error communicating with the remote browser. It may have died.
Build info: version: '2.53.0', revision: '35ae25b', time: '2016-03-15 17:00:58'
System info: host: 'DEV2-PC-8129', ip: '192.168.8.129', os.name: 'Windows 10', os.arch: 'amd64', os.version: '10.0', java.version: '1.8.0_91'
Driver info: driver.version: RemoteWebDriver
Capabilities [{applicationCacheEnabled=true, rotatable=false, handlesAlerts=true, databaseEnabled=true, version=43.0.1, platform=WINDOWS, nativeEvents=false, acceptSslCerts=true, webStorageEnabled=true, locationContextEnabled=true, browserName=firefox, takesScreenshot=true, javascriptEnabled=true, cssSelectorsEnabled=true}]
Session ID: b38b7880-2c1a-41e1-afbe-1017fdcc2629
2016-01-09 15:53:35  ERROR [pages.ZapisatsaPage] : Error: clickButton catch org.openqa.selenium.remote.UnreachableBrowserException: Error communicating with the remote browser. It may have died.
Build info: version: '2.53.0', revision: '35ae25b', time: '2016-03-15 17:00:58'
System info: host: 'DEV2-PC-8129', ip: '192.168.8.129', os.name: 'Windows 10', os.arch: 'amd64', os.version: '10.0', java.version: '1.8.0_91'
Driver info: driver.version: RemoteWebDriver
Capabilities [{applicationCacheEnabled=true, rotatable=false, handlesAlerts=true, databaseEnabled=true, version=43.0.1, platform=WINDOWS, nativeEvents=false, acceptSslCerts=true, webStorageEnabled=true, locationContextEnabled=true, browserName=firefox, takesScreenshot=true, javascriptEnabled=true, cssSelectorsEnabled=true}]
Session ID: b38b7880-2c1a-41e1-afbe-1017fdcc2629
2016-02-09 10:07:26   INFO [pages.ZapisatsaPage] : Page is opened
2016-02-09 10:07:39  ERROR [pages.ZapisatsaPage] : Error: valueUkraine was not inputted and selected from DropDown list
2016-02-09 10:07:40  ERROR [pages.ZapisatsaPage] : Error: inputTextToField catch org.openqa.selenium.remote.UnreachableBrowserException: Error communicating with the remote browser. It may have died.
Build info: version: '2.53.0', revision: '35ae25b', time: '2016-03-15 17:00:58'
System info: host: 'DEV2-PC-8129', ip: '192.168.8.129', os.name: 'Windows 10', os.arch: 'amd64', os.version: '10.0', java.version: '1.8.0_91'
Driver info: driver.version: RemoteWebDriver
Capabilities [{applicationCacheEnabled=true, rotatable=false, handlesAlerts=true, databaseEnabled=true, version=43.0.1, platform=WINDOWS, nativeEvents=false, acceptSslCerts=true, webStorageEnabled=true, locationContextEnabled=true, browserName=firefox, takesScreenshot=true, javascriptEnabled=true, cssSelectorsEnabled=true}]
Session ID: 3b74be7a-b591-41a0-9208-5aff94e6ae44
2016-02-09 10:07:41  ERROR [pages.ZapisatsaPage] : Error: inputTextToField catch org.openqa.selenium.remote.UnreachableBrowserException: Error communicating with the remote browser. It may have died.
Build info: version: '2.53.0', revision: '35ae25b', time: '2016-03-15 17:00:58'
System info: host: 'DEV2-PC-8129', ip: '192.168.8.129', os.name: 'Windows 10', os.arch: 'amd64', os.version: '10.0', java.version: '1.8.0_91'
Driver info: driver.version: RemoteWebDriver
Capabilities [{applicationCacheEnabled=true, rotatable=false, handlesAlerts=true, databaseEnabled=true, version=43.0.1, platform=WINDOWS, nativeEvents=false, acceptSslCerts=true, webStorageEnabled=true, locationContextEnabled=true, browserName=firefox, takesScreenshot=true, javascriptEnabled=true, cssSelectorsEnabled=true}]
Session ID: 3b74be7a-b591-41a0-9208-5aff94e6ae44
2016-02-09 10:07:42  ERROR [pages.ZapisatsaPage] : Error: inputTextToField catch org.openqa.selenium.remote.UnreachableBrowserException: Error communicating with the remote browser. It may have died.
Build info: version: '2.53.0', revision: '35ae25b', time: '2016-03-15 17:00:58'
System info: host: 'DEV2-PC-8129', ip: '192.168.8.129', os.name: 'Windows 10', os.arch: 'amd64', os.version: '10.0', java.version: '1.8.0_91'
Driver info: driver.version: RemoteWebDriver
Capabilities [{applicationCacheEnabled=true, rotatable=false, handlesAlerts=true, databaseEnabled=true, version=43.0.1, platform=WINDOWS, nativeEvents=false, acceptSslCerts=true, webStorageEnabled=true, locationContextEnabled=true, browserName=firefox, takesScreenshot=true, javascriptEnabled=true, cssSelectorsEnabled=true}]
Session ID: 3b74be7a-b591-41a0-9208-5aff94e6ae44
2016-02-09 10:07:43  ERROR [pages.ZapisatsaPage] : Error: clickButton catch org.openqa.selenium.remote.UnreachableBrowserException: Error communicating with the remote browser. It may have died.
Build info: version: '2.53.0', revision: '35ae25b', time: '2016-03-15 17:00:58'
System info: host: 'DEV2-PC-8129', ip: '192.168.8.129', os.name: 'Windows 10', os.arch: 'amd64', os.version: '10.0', java.version: '1.8.0_91'
Driver info: driver.version: RemoteWebDriver
Capabilities [{applicationCacheEnabled=true, rotatable=false, handlesAlerts=true, databaseEnabled=true, version=43.0.1, platform=WINDOWS, nativeEvents=false, acceptSslCerts=true, webStorageEnabled=true, locationContextEnabled=true, browserName=firefox, takesScreenshot=true, javascriptEnabled=true, cssSelectorsEnabled=true}]
Session ID: 3b74be7a-b591-41a0-9208-5aff94e6ae44
2016-02-09 10:09:42   INFO [pages.ZapisatsaPage] : Page is opened
2016-02-09 10:09:59  ERROR [pages.ZapisatsaPage] : Error: valueUkraine was not inputted and selected from DropDown list
2016-02-09 10:10:00  ERROR [pages.ZapisatsaPage] : Error: inputTextToField catch org.openqa.selenium.remote.UnreachableBrowserException: Error communicating with the remote browser. It may have died.
Build info: version: '2.53.0', revision: '35ae25b', time: '2016-03-15 17:00:58'
System info: host: 'DEV2-PC-8129', ip: '192.168.8.129', os.name: 'Windows 10', os.arch: 'amd64', os.version: '10.0', java.version: '1.8.0_91'
Driver info: driver.version: RemoteWebDriver
Capabilities [{applicationCacheEnabled=true, rotatable=false, handlesAlerts=true, databaseEnabled=true, version=43.0.1, platform=WINDOWS, nativeEvents=false, acceptSslCerts=true, webStorageEnabled=true, locationContextEnabled=true, browserName=firefox, takesScreenshot=true, javascriptEnabled=true, cssSelectorsEnabled=true}]
Session ID: 8db5247f-4184-4b3c-b0ff-ddf80ba3ef17
2016-02-09 10:10:01  ERROR [pages.ZapisatsaPage] : Error: inputTextToField catch org.openqa.selenium.remote.UnreachableBrowserException: Error communicating with the remote browser. It may have died.
Build info: version: '2.53.0', revision: '35ae25b', time: '2016-03-15 17:00:58'
System info: host: 'DEV2-PC-8129', ip: '192.168.8.129', os.name: 'Windows 10', os.arch: 'amd64', os.version: '10.0', java.version: '1.8.0_91'
Driver info: driver.version: RemoteWebDriver
Capabilities [{applicationCacheEnabled=true, rotatable=false, handlesAlerts=true, databaseEnabled=true, version=43.0.1, platform=WINDOWS, nativeEvents=false, acceptSslCerts=true, webStorageEnabled=true, locationContextEnabled=true, browserName=firefox, takesScreenshot=true, javascriptEnabled=true, cssSelectorsEnabled=true}]
Session ID: 8db5247f-4184-4b3c-b0ff-ddf80ba3ef17
2016-02-09 10:10:02  ERROR [pages.ZapisatsaPage] : Error: inputTextToField catch org.openqa.selenium.remote.UnreachableBrowserException: Error communicating with the remote browser. It may have died.
Build info: version: '2.53.0', revision: '35ae25b', time: '2016-03-15 17:00:58'
System info: host: 'DEV2-PC-8129', ip: '192.168.8.129', os.name: 'Windows 10', os.arch: 'amd64', os.version: '10.0', java.version: '1.8.0_91'
Driver info: driver.version: RemoteWebDriver
Capabilities [{applicationCacheEnabled=true, rotatable=false, handlesAlerts=true, databaseEnabled=true, version=43.0.1, platform=WINDOWS, nativeEvents=false, acceptSslCerts=true, webStorageEnabled=true, locationContextEnabled=true, browserName=firefox, takesScreenshot=true, javascriptEnabled=true, cssSelectorsEnabled=true}]
Session ID: 8db5247f-4184-4b3c-b0ff-ddf80ba3ef17
2016-02-09 10:10:03  ERROR [pages.ZapisatsaPage] : Error: clickButton catch org.openqa.selenium.remote.UnreachableBrowserException: Error communicating with the remote browser. It may have died.
Build info: version: '2.53.0', revision: '35ae25b', time: '2016-03-15 17:00:58'
System info: host: 'DEV2-PC-8129', ip: '192.168.8.129', os.name: 'Windows 10', os.arch: 'amd64', os.version: '10.0', java.version: '1.8.0_91'
Driver info: driver.version: RemoteWebDriver
Capabilities [{applicationCacheEnabled=true, rotatable=false, handlesAlerts=true, databaseEnabled=true, version=43.0.1, platform=WINDOWS, nativeEvents=false, acceptSslCerts=true, webStorageEnabled=true, locationContextEnabled=true, browserName=firefox, takesScreenshot=true, javascriptEnabled=true, cssSelectorsEnabled=true}]
Session ID: 8db5247f-4184-4b3c-b0ff-ddf80ba3ef17
2016-02-09 10:19:42   INFO [pages.ZapisatsaPage] : Page is opened
2016-02-09 10:19:43   INFO [pages.ZapisatsaPage] : Click buttonBy.xpath: //*[@id='start-for-copy']
2016-02-09 10:20:03  ERROR [pages.ZapisatsaPage] : Error: valueUkraine was not inputted and selected from DropDown list
2016-02-09 10:20:23  ERROR [pages.ZapisatsaPage] : Error: inputTextToField catch org.openqa.selenium.NoSuchElementException: Unable to locate element: {"method":"xpath","selector":".//*[@id='olgs_fullname']"}
Command duration or timeout: 20.09 seconds
For documentation on this error, please visit: http://seleniumhq.org/exceptions/no_such_element.html
Build info: version: '2.53.0', revision: '35ae25b', time: '2016-03-15 17:00:58'
System info: host: 'DEV2-PC-8129', ip: '192.168.8.129', os.name: 'Windows 10', os.arch: 'amd64', os.version: '10.0', java.version: '1.8.0_91'
Driver info: org.openqa.selenium.firefox.FirefoxDriver
Capabilities [{applicationCacheEnabled=true, rotatable=false, handlesAlerts=true, databaseEnabled=true, version=43.0.1, platform=WINDOWS, nativeEvents=false, acceptSslCerts=true, webStorageEnabled=true, locationContextEnabled=true, browserName=firefox, takesScreenshot=true, javascriptEnabled=true, cssSelectorsEnabled=true}]
Session ID: 079694c9-5118-40bd-be73-04f3c30b5ff6
*** Element info: {Using=xpath, value=.//*[@id='olgs_fullname']}
2016-02-09 10:20:43  ERROR [pages.ZapisatsaPage] : Error: inputTextToField catch org.openqa.selenium.NoSuchElementException: Unable to locate element: {"method":"xpath","selector":".//*[@id='olgs_phone']"}
Command duration or timeout: 20.11 seconds
For documentation on this error, please visit: http://seleniumhq.org/exceptions/no_such_element.html
Build info: version: '2.53.0', revision: '35ae25b', time: '2016-03-15 17:00:58'
System info: host: 'DEV2-PC-8129', ip: '192.168.8.129', os.name: 'Windows 10', os.arch: 'amd64', os.version: '10.0', java.version: '1.8.0_91'
Driver info: org.openqa.selenium.firefox.FirefoxDriver
Capabilities [{applicationCacheEnabled=true, rotatable=false, handlesAlerts=true, databaseEnabled=true, version=43.0.1, platform=WINDOWS, nativeEvents=false, acceptSslCerts=true, webStorageEnabled=true, locationContextEnabled=true, browserName=firefox, takesScreenshot=true, javascriptEnabled=true, cssSelectorsEnabled=true}]
Session ID: 079694c9-5118-40bd-be73-04f3c30b5ff6
*** Element info: {Using=xpath, value=.//*[@id='olgs_phone']}
2016-02-09 10:21:03  ERROR [pages.ZapisatsaPage] : Error: inputTextToField catch org.openqa.selenium.NoSuchElementException: Unable to locate element: {"method":"xpath","selector":".//input[@id='olgs_email']"}
Command duration or timeout: 20.10 seconds
For documentation on this error, please visit: http://seleniumhq.org/exceptions/no_such_element.html
Build info: version: '2.53.0', revision: '35ae25b', time: '2016-03-15 17:00:58'
System info: host: 'DEV2-PC-8129', ip: '192.168.8.129', os.name: 'Windows 10', os.arch: 'amd64', os.version: '10.0', java.version: '1.8.0_91'
Driver info: org.openqa.selenium.firefox.FirefoxDriver
Capabilities [{applicationCacheEnabled=true, rotatable=false, handlesAlerts=true, databaseEnabled=true, version=43.0.1, platform=WINDOWS, nativeEvents=false, acceptSslCerts=true, webStorageEnabled=true, locationContextEnabled=true, browserName=firefox, takesScreenshot=true, javascriptEnabled=true, cssSelectorsEnabled=true}]
Session ID: 079694c9-5118-40bd-be73-04f3c30b5ff6
*** Element info: {Using=xpath, value=.//input[@id='olgs_email']}
2016-02-09 10:21:23  ERROR [pages.ZapisatsaPage] : Error: clickButton catch org.openqa.selenium.NoSuchElementException: Unable to locate element: {"method":"xpath","selector":".//*[@id='olgs_submit']"}
Command duration or timeout: 20.07 seconds
For documentation on this error, please visit: http://seleniumhq.org/exceptions/no_such_element.html
Build info: version: '2.53.0', revision: '35ae25b', time: '2016-03-15 17:00:58'
System info: host: 'DEV2-PC-8129', ip: '192.168.8.129', os.name: 'Windows 10', os.arch: 'amd64', os.version: '10.0', java.version: '1.8.0_91'
Driver info: org.openqa.selenium.firefox.FirefoxDriver
Capabilities [{applicationCacheEnabled=true, rotatable=false, handlesAlerts=true, databaseEnabled=true, version=43.0.1, platform=WINDOWS, nativeEvents=false, acceptSslCerts=true, webStorageEnabled=true, locationContextEnabled=true, browserName=firefox, takesScreenshot=true, javascriptEnabled=true, cssSelectorsEnabled=true}]
Session ID: 079694c9-5118-40bd-be73-04f3c30b5ff6
*** Element info: {Using=xpath, value=.//*[@id='olgs_submit']}
2016-02-09 10:22:33   INFO [pages.ZapisatsaPage] : Page is opened
2016-02-09 10:22:33   INFO [pages.ZapisatsaPage] : Click buttonBy.xpath: .//*[@id='start-for-copy']/div[5]/a
2016-02-09 10:22:56  ERROR [pages.ZapisatsaPage] : Error: valueUkraine was not inputted and selected from DropDown list
2016-02-09 10:23:16  ERROR [pages.ZapisatsaPage] : Error: inputTextToField catch org.openqa.selenium.NoSuchElementException: Unable to locate element: {"method":"xpath","selector":".//*[@id='olgs_fullname']"}
Command duration or timeout: 20.09 seconds
For documentation on this error, please visit: http://seleniumhq.org/exceptions/no_such_element.html
Build info: version: '2.53.0', revision: '35ae25b', time: '2016-03-15 17:00:58'
System info: host: 'DEV2-PC-8129', ip: '192.168.8.129', os.name: 'Windows 10', os.arch: 'amd64', os.version: '10.0', java.version: '1.8.0_91'
Driver info: org.openqa.selenium.firefox.FirefoxDriver
Capabilities [{applicationCacheEnabled=true, rotatable=false, handlesAlerts=true, databaseEnabled=true, version=43.0.1, platform=WINDOWS, nativeEvents=false, acceptSslCerts=true, webStorageEnabled=true, locationContextEnabled=true, browserName=firefox, takesScreenshot=true, javascriptEnabled=true, cssSelectorsEnabled=true}]
Session ID: 50f51d86-e865-4dcd-9959-7e82a05375f1
*** Element info: {Using=xpath, value=.//*[@id='olgs_fullname']}
2016-02-09 10:23:37  ERROR [pages.ZapisatsaPage] : Error: inputTextToField catch org.openqa.selenium.NoSuchElementException: Unable to locate element: {"method":"xpath","selector":".//*[@id='olgs_phone']"}
Command duration or timeout: 20.11 seconds
For documentation on this error, please visit: http://seleniumhq.org/exceptions/no_such_element.html
Build info: version: '2.53.0', revision: '35ae25b', time: '2016-03-15 17:00:58'
System info: host: 'DEV2-PC-8129', ip: '192.168.8.129', os.name: 'Windows 10', os.arch: 'amd64', os.version: '10.0', java.version: '1.8.0_91'
Driver info: org.openqa.selenium.firefox.FirefoxDriver
Capabilities [{applicationCacheEnabled=true, rotatable=false, handlesAlerts=true, databaseEnabled=true, version=43.0.1, platform=WINDOWS, nativeEvents=false, acceptSslCerts=true, webStorageEnabled=true, locationContextEnabled=true, browserName=firefox, takesScreenshot=true, javascriptEnabled=true, cssSelectorsEnabled=true}]
Session ID: 50f51d86-e865-4dcd-9959-7e82a05375f1
*** Element info: {Using=xpath, value=.//*[@id='olgs_phone']}
2016-02-09 10:23:57  ERROR [pages.ZapisatsaPage] : Error: inputTextToField catch org.openqa.selenium.NoSuchElementException: Unable to locate element: {"method":"xpath","selector":".//input[@id='olgs_email']"}
Command duration or timeout: 20.09 seconds
For documentation on this error, please visit: http://seleniumhq.org/exceptions/no_such_element.html
Build info: version: '2.53.0', revision: '35ae25b', time: '2016-03-15 17:00:58'
System info: host: 'DEV2-PC-8129', ip: '192.168.8.129', os.name: 'Windows 10', os.arch: 'amd64', os.version: '10.0', java.version: '1.8.0_91'
Driver info: org.openqa.selenium.firefox.FirefoxDriver
Capabilities [{applicationCacheEnabled=true, rotatable=false, handlesAlerts=true, databaseEnabled=true, version=43.0.1, platform=WINDOWS, nativeEvents=false, acceptSslCerts=true, webStorageEnabled=true, locationContextEnabled=true, browserName=firefox, takesScreenshot=true, javascriptEnabled=true, cssSelectorsEnabled=true}]
Session ID: 50f51d86-e865-4dcd-9959-7e82a05375f1
*** Element info: {Using=xpath, value=.//input[@id='olgs_email']}
2016-02-09 10:24:17  ERROR [pages.ZapisatsaPage] : Error: clickButton catch org.openqa.selenium.NoSuchElementException: Unable to locate element: {"method":"xpath","selector":".//*[@id='olgs_submit']"}
Command duration or timeout: 20.10 seconds
For documentation on this error, please visit: http://seleniumhq.org/exceptions/no_such_element.html
Build info: version: '2.53.0', revision: '35ae25b', time: '2016-03-15 17:00:58'
System info: host: 'DEV2-PC-8129', ip: '192.168.8.129', os.name: 'Windows 10', os.arch: 'amd64', os.version: '10.0', java.version: '1.8.0_91'
Driver info: org.openqa.selenium.firefox.FirefoxDriver
Capabilities [{applicationCacheEnabled=true, rotatable=false, handlesAlerts=true, databaseEnabled=true, version=43.0.1, platform=WINDOWS, nativeEvents=false, acceptSslCerts=true, webStorageEnabled=true, locationContextEnabled=true, browserName=firefox, takesScreenshot=true, javascriptEnabled=true, cssSelectorsEnabled=true}]
Session ID: 50f51d86-e865-4dcd-9959-7e82a05375f1
*** Element info: {Using=xpath, value=.//*[@id='olgs_submit']}
2016-02-09 10:25:35   INFO [pages.ZapisatsaPage] : Page is opened
2016-02-09 10:25:45  ERROR [pages.ZapisatsaPage] : Error: clickButton catch org.openqa.selenium.remote.UnreachableBrowserException: Error communicating with the remote browser. It may have died.
Build info: version: '2.53.0', revision: '35ae25b', time: '2016-03-15 17:00:58'
System info: host: 'DEV2-PC-8129', ip: '192.168.8.129', os.name: 'Windows 10', os.arch: 'amd64', os.version: '10.0', java.version: '1.8.0_91'
Driver info: driver.version: RemoteWebDriver
Capabilities [{applicationCacheEnabled=true, rotatable=false, handlesAlerts=true, databaseEnabled=true, version=43.0.1, platform=WINDOWS, nativeEvents=false, acceptSslCerts=true, webStorageEnabled=true, locationContextEnabled=true, browserName=firefox, takesScreenshot=true, javascriptEnabled=true, cssSelectorsEnabled=true}]
Session ID: 526b0cc0-b41f-4abf-b1be-3b91332be786
2016-02-09 10:25:46  ERROR [pages.ZapisatsaPage] : Error: valueUkraine was not inputted and selected from DropDown list
2016-02-09 10:25:47  ERROR [pages.ZapisatsaPage] : Error: inputTextToField catch org.openqa.selenium.remote.UnreachableBrowserException: Error communicating with the remote browser. It may have died.
Build info: version: '2.53.0', revision: '35ae25b', time: '2016-03-15 17:00:58'
System info: host: 'DEV2-PC-8129', ip: '192.168.8.129', os.name: 'Windows 10', os.arch: 'amd64', os.version: '10.0', java.version: '1.8.0_91'
Driver info: driver.version: RemoteWebDriver
Capabilities [{applicationCacheEnabled=true, rotatable=false, handlesAlerts=true, databaseEnabled=true, version=43.0.1, platform=WINDOWS, nativeEvents=false, acceptSslCerts=true, webStorageEnabled=true, locationContextEnabled=true, browserName=firefox, takesScreenshot=true, javascriptEnabled=true, cssSelectorsEnabled=true}]
Session ID: 526b0cc0-b41f-4abf-b1be-3b91332be786
2016-02-09 10:25:48  ERROR [pages.ZapisatsaPage] : Error: inputTextToField catch org.openqa.selenium.remote.UnreachableBrowserException: Error communicating with the remote browser. It may have died.
Build info: version: '2.53.0', revision: '35ae25b', time: '2016-03-15 17:00:58'
System info: host: 'DEV2-PC-8129', ip: '192.168.8.129', os.name: 'Windows 10', os.arch: 'amd64', os.version: '10.0', java.version: '1.8.0_91'
Driver info: driver.version: RemoteWebDriver
Capabilities [{applicationCacheEnabled=true, rotatable=false, handlesAlerts=true, databaseEnabled=true, version=43.0.1, platform=WINDOWS, nativeEvents=false, acceptSslCerts=true, webStorageEnabled=true, locationContextEnabled=true, browserName=firefox, takesScreenshot=true, javascriptEnabled=true, cssSelectorsEnabled=true}]
Session ID: 526b0cc0-b41f-4abf-b1be-3b91332be786
2016-02-09 10:25:49  ERROR [pages.ZapisatsaPage] : Error: inputTextToField catch org.openqa.selenium.remote.UnreachableBrowserException: Error communicating with the remote browser. It may have died.
Build info: version: '2.53.0', revision: '35ae25b', time: '2016-03-15 17:00:58'
System info: host: 'DEV2-PC-8129', ip: '192.168.8.129', os.name: 'Windows 10', os.arch: 'amd64', os.version: '10.0', java.version: '1.8.0_91'
Driver info: driver.version: RemoteWebDriver
Capabilities [{applicationCacheEnabled=true, rotatable=false, handlesAlerts=true, databaseEnabled=true, version=43.0.1, platform=WINDOWS, nativeEvents=false, acceptSslCerts=true, webStorageEnabled=true, locationContextEnabled=true, browserName=firefox, takesScreenshot=true, javascriptEnabled=true, cssSelectorsEnabled=true}]
Session ID: 526b0cc0-b41f-4abf-b1be-3b91332be786
2016-02-09 10:25:50  ERROR [pages.ZapisatsaPage] : Error: clickButton catch org.openqa.selenium.remote.UnreachableBrowserException: Error communicating with the remote browser. It may have died.
Build info: version: '2.53.0', revision: '35ae25b', time: '2016-03-15 17:00:58'
System info: host: 'DEV2-PC-8129', ip: '192.168.8.129', os.name: 'Windows 10', os.arch: 'amd64', os.version: '10.0', java.version: '1.8.0_91'
Driver info: driver.version: RemoteWebDriver
Capabilities [{applicationCacheEnabled=true, rotatable=false, handlesAlerts=true, databaseEnabled=true, version=43.0.1, platform=WINDOWS, nativeEvents=false, acceptSslCerts=true, webStorageEnabled=true, locationContextEnabled=true, browserName=firefox, takesScreenshot=true, javascriptEnabled=true, cssSelectorsEnabled=true}]
Session ID: 526b0cc0-b41f-4abf-b1be-3b91332be786
2016-02-09 10:29:03   INFO [pages.ZapisatsaPage] : Page is opened
2016-02-09 10:29:04   INFO [pages.ZapisatsaPage] : Click buttonBy.xpath: .//*[@id='site']/div[1]/div[6]/a
2016-02-09 10:29:30  ERROR [pages.ZapisatsaPage] : Error: valueUkraine was not inputted and selected from DropDown list
2016-02-09 10:29:50  ERROR [pages.ZapisatsaPage] : Error: inputTextToField catch org.openqa.selenium.NoSuchElementException: Unable to locate element: {"method":"xpath","selector":".//*[@id='olgs_fullname']"}
Command duration or timeout: 20.11 seconds
For documentation on this error, please visit: http://seleniumhq.org/exceptions/no_such_element.html
Build info: version: '2.53.0', revision: '35ae25b', time: '2016-03-15 17:00:58'
System info: host: 'DEV2-PC-8129', ip: '192.168.8.129', os.name: 'Windows 10', os.arch: 'amd64', os.version: '10.0', java.version: '1.8.0_91'
Driver info: org.openqa.selenium.firefox.FirefoxDriver
Capabilities [{applicationCacheEnabled=true, rotatable=false, handlesAlerts=true, databaseEnabled=true, version=43.0.1, platform=WINDOWS, nativeEvents=false, acceptSslCerts=true, webStorageEnabled=true, locationContextEnabled=true, browserName=firefox, takesScreenshot=true, javascriptEnabled=true, cssSelectorsEnabled=true}]
Session ID: 6f6929cd-30bd-4a3a-8601-051f5df727d8
*** Element info: {Using=xpath, value=.//*[@id='olgs_fullname']}
2016-02-09 10:30:10  ERROR [pages.ZapisatsaPage] : Error: inputTextToField catch org.openqa.selenium.NoSuchElementException: Unable to locate element: {"method":"xpath","selector":".//*[@id='olgs_phone']"}
Command duration or timeout: 20.04 seconds
For documentation on this error, please visit: http://seleniumhq.org/exceptions/no_such_element.html
Build info: version: '2.53.0', revision: '35ae25b', time: '2016-03-15 17:00:58'
System info: host: 'DEV2-PC-8129', ip: '192.168.8.129', os.name: 'Windows 10', os.arch: 'amd64', os.version: '10.0', java.version: '1.8.0_91'
Driver info: org.openqa.selenium.firefox.FirefoxDriver
Capabilities [{applicationCacheEnabled=true, rotatable=false, handlesAlerts=true, databaseEnabled=true, version=43.0.1, platform=WINDOWS, nativeEvents=false, acceptSslCerts=true, webStorageEnabled=true, locationContextEnabled=true, browserName=firefox, takesScreenshot=true, javascriptEnabled=true, cssSelectorsEnabled=true}]
Session ID: 6f6929cd-30bd-4a3a-8601-051f5df727d8
*** Element info: {Using=xpath, value=.//*[@id='olgs_phone']}
2016-02-09 10:30:30  ERROR [pages.ZapisatsaPage] : Error: inputTextToField catch org.openqa.selenium.NoSuchElementException: Unable to locate element: {"method":"xpath","selector":".//input[@id='olgs_email']"}
Command duration or timeout: 20.09 seconds
For documentation on this error, please visit: http://seleniumhq.org/exceptions/no_such_element.html
Build info: version: '2.53.0', revision: '35ae25b', time: '2016-03-15 17:00:58'
System info: host: 'DEV2-PC-8129', ip: '192.168.8.129', os.name: 'Windows 10', os.arch: 'amd64', os.version: '10.0', java.version: '1.8.0_91'
Driver info: org.openqa.selenium.firefox.FirefoxDriver
Capabilities [{applicationCacheEnabled=true, rotatable=false, handlesAlerts=true, databaseEnabled=true, version=43.0.1, platform=WINDOWS, nativeEvents=false, acceptSslCerts=true, webStorageEnabled=true, locationContextEnabled=true, browserName=firefox, takesScreenshot=true, javascriptEnabled=true, cssSelectorsEnabled=true}]
Session ID: 6f6929cd-30bd-4a3a-8601-051f5df727d8
*** Element info: {Using=xpath, value=.//input[@id='olgs_email']}
2016-02-09 10:30:50  ERROR [pages.ZapisatsaPage] : Error: clickButton catch org.openqa.selenium.NoSuchElementException: Unable to locate element: {"method":"xpath","selector":".//*[@id='olgs_submit']"}
Command duration or timeout: 20.12 seconds
For documentation on this error, please visit: http://seleniumhq.org/exceptions/no_such_element.html
Build info: version: '2.53.0', revision: '35ae25b', time: '2016-03-15 17:00:58'
System info: host: 'DEV2-PC-8129', ip: '192.168.8.129', os.name: 'Windows 10', os.arch: 'amd64', os.version: '10.0', java.version: '1.8.0_91'
Driver info: org.openqa.selenium.firefox.FirefoxDriver
Capabilities [{applicationCacheEnabled=true, rotatable=false, handlesAlerts=true, databaseEnabled=true, version=43.0.1, platform=WINDOWS, nativeEvents=false, acceptSslCerts=true, webStorageEnabled=true, locationContextEnabled=true, browserName=firefox, takesScreenshot=true, javascriptEnabled=true, cssSelectorsEnabled=true}]
Session ID: 6f6929cd-30bd-4a3a-8601-051f5df727d8
*** Element info: {Using=xpath, value=.//*[@id='olgs_submit']}
2016-02-09 10:49:03   INFO [pages.ZapisatsaPage] : Page is opened
2016-02-09 10:49:24  ERROR [pages.ZapisatsaPage] : Error: clickButton catch org.openqa.selenium.NoSuchElementException: Unable to locate element: {"method":"xpath","selector":".//*[@id='site']/div[1]/div[6]/a"}
Command duration or timeout: 20.03 seconds
For documentation on this error, please visit: http://seleniumhq.org/exceptions/no_such_element.html
Build info: version: '2.53.0', revision: '35ae25b', time: '2016-03-15 17:00:58'
System info: host: 'DEV2-PC-8129', ip: '192.168.8.129', os.name: 'Windows 10', os.arch: 'amd64', os.version: '10.0', java.version: '1.8.0_91'
Driver info: org.openqa.selenium.firefox.FirefoxDriver
Capabilities [{applicationCacheEnabled=true, rotatable=false, handlesAlerts=true, databaseEnabled=true, version=43.0.1, platform=WINDOWS, nativeEvents=false, acceptSslCerts=true, webStorageEnabled=true, locationContextEnabled=true, browserName=firefox, takesScreenshot=true, javascriptEnabled=true, cssSelectorsEnabled=true}]
Session ID: 03cee0d5-7483-41d0-b8bf-ec6dce9a4fe8
*** Element info: {Using=xpath, value=.//*[@id='site']/div[1]/div[6]/a}
2016-02-09 10:49:44  ERROR [pages.ZapisatsaPage] : Error: valueUkraine was not inputted and selected from DropDown list
2016-02-09 10:49:44   INFO [pages.ZapisatsaPage] : Value Test_site set 
2016-02-09 10:49:44   INFO [pages.ZapisatsaPage] : Value 91111111 set 
2016-02-09 10:49:44   INFO [pages.ZapisatsaPage] : Value liuk2@wimsg.com set 
2016-02-09 10:50:04  ERROR [pages.ZapisatsaPage] : Error: clickButton catch org.openqa.selenium.NoSuchElementException: Unable to locate element: {"method":"id","selector":"reg_form"}
Command duration or timeout: 20.11 seconds
For documentation on this error, please visit: http://seleniumhq.org/exceptions/no_such_element.html
Build info: version: '2.53.0', revision: '35ae25b', time: '2016-03-15 17:00:58'
System info: host: 'DEV2-PC-8129', ip: '192.168.8.129', os.name: 'Windows 10', os.arch: 'amd64', os.version: '10.0', java.version: '1.8.0_91'
Driver info: org.openqa.selenium.firefox.FirefoxDriver
Capabilities [{applicationCacheEnabled=true, rotatable=false, handlesAlerts=true, databaseEnabled=true, version=43.0.1, platform=WINDOWS, nativeEvents=false, acceptSslCerts=true, webStorageEnabled=true, locationContextEnabled=true, browserName=firefox, takesScreenshot=true, javascriptEnabled=true, cssSelectorsEnabled=true}]
Session ID: 03cee0d5-7483-41d0-b8bf-ec6dce9a4fe8
*** Element info: {Using=id, value=reg_form}
2016-02-09 10:52:24   INFO [pages.ZapisatsaPage] : Page is opened
2016-02-09 10:52:44  ERROR [pages.ZapisatsaPage] : Error: valueUkraine was not inputted and selected from DropDown list
2016-02-09 10:53:05  ERROR [pages.ZapisatsaPage] : Error: inputTextToField catch org.openqa.selenium.NoSuchElementException: Unable to locate element: {"method":"xpath","selector":".//*[@id='olgs_fullname']"}
Command duration or timeout: 20.15 seconds
For documentation on this error, please visit: http://seleniumhq.org/exceptions/no_such_element.html
Build info: version: '2.53.0', revision: '35ae25b', time: '2016-03-15 17:00:58'
System info: host: 'DEV2-PC-8129', ip: '192.168.8.129', os.name: 'Windows 10', os.arch: 'amd64', os.version: '10.0', java.version: '1.8.0_91'
Driver info: org.openqa.selenium.firefox.FirefoxDriver
Capabilities [{applicationCacheEnabled=true, rotatable=false, handlesAlerts=true, databaseEnabled=true, version=43.0.1, platform=WINDOWS, nativeEvents=false, acceptSslCerts=true, webStorageEnabled=true, locationContextEnabled=true, browserName=firefox, takesScreenshot=true, javascriptEnabled=true, cssSelectorsEnabled=true}]
Session ID: 14e176e0-eccc-487f-a94b-2dd4c88f0166
*** Element info: {Using=xpath, value=.//*[@id='olgs_fullname']}
2016-02-09 10:53:25  ERROR [pages.ZapisatsaPage] : Error: inputTextToField catch org.openqa.selenium.NoSuchElementException: Unable to locate element: {"method":"xpath","selector":".//*[@id='olgs_phone']"}
Command duration or timeout: 20.12 seconds
For documentation on this error, please visit: http://seleniumhq.org/exceptions/no_such_element.html
Build info: version: '2.53.0', revision: '35ae25b', time: '2016-03-15 17:00:58'
System info: host: 'DEV2-PC-8129', ip: '192.168.8.129', os.name: 'Windows 10', os.arch: 'amd64', os.version: '10.0', java.version: '1.8.0_91'
Driver info: org.openqa.selenium.firefox.FirefoxDriver
Capabilities [{applicationCacheEnabled=true, rotatable=false, handlesAlerts=true, databaseEnabled=true, version=43.0.1, platform=WINDOWS, nativeEvents=false, acceptSslCerts=true, webStorageEnabled=true, locationContextEnabled=true, browserName=firefox, takesScreenshot=true, javascriptEnabled=true, cssSelectorsEnabled=true}]
Session ID: 14e176e0-eccc-487f-a94b-2dd4c88f0166
*** Element info: {Using=xpath, value=.//*[@id='olgs_phone']}
2016-02-09 10:53:45  ERROR [pages.ZapisatsaPage] : Error: inputTextToField catch org.openqa.selenium.NoSuchElementException: Unable to locate element: {"method":"xpath","selector":".//input[@id='olgs_email']"}
Command duration or timeout: 20.12 seconds
For documentation on this error, please visit: http://seleniumhq.org/exceptions/no_such_element.html
Build info: version: '2.53.0', revision: '35ae25b', time: '2016-03-15 17:00:58'
System info: host: 'DEV2-PC-8129', ip: '192.168.8.129', os.name: 'Windows 10', os.arch: 'amd64', os.version: '10.0', java.version: '1.8.0_91'
Driver info: org.openqa.selenium.firefox.FirefoxDriver
Capabilities [{applicationCacheEnabled=true, rotatable=false, handlesAlerts=true, databaseEnabled=true, version=43.0.1, platform=WINDOWS, nativeEvents=false, acceptSslCerts=true, webStorageEnabled=true, locationContextEnabled=true, browserName=firefox, takesScreenshot=true, javascriptEnabled=true, cssSelectorsEnabled=true}]
Session ID: 14e176e0-eccc-487f-a94b-2dd4c88f0166
*** Element info: {Using=xpath, value=.//input[@id='olgs_email']}
2016-02-09 10:53:45   INFO [pages.ZapisatsaPage] : Click buttonBy.xpath: .//*[@id='olgs_submit']
2016-02-09 10:57:28   INFO [pages.ZapisatsaPage] : Page is opened
2016-02-09 10:57:39  ERROR [pages.ZapisatsaPage] : Error: valueUkraine was not inputted and selected from DropDown list
2016-02-09 10:57:39   INFO [pages.ZapisatsaPage] : Value NEW_test_site set 
2016-02-09 10:57:49  ERROR [pages.ZapisatsaPage] : Error: inputTextToField catch org.openqa.selenium.NoSuchElementException: Unable to locate element: {"method":"id","selector":"reg_form"}
Command duration or timeout: 10.03 seconds
For documentation on this error, please visit: http://seleniumhq.org/exceptions/no_such_element.html
Build info: version: '2.53.0', revision: '35ae25b', time: '2016-03-15 17:00:58'
System info: host: 'DEV2-PC-8129', ip: '192.168.8.129', os.name: 'Windows 10', os.arch: 'amd64', os.version: '10.0', java.version: '1.8.0_91'
Driver info: org.openqa.selenium.firefox.FirefoxDriver
Capabilities [{applicationCacheEnabled=true, rotatable=false, handlesAlerts=true, databaseEnabled=true, version=43.0.1, platform=WINDOWS, nativeEvents=false, acceptSslCerts=true, webStorageEnabled=true, locationContextEnabled=true, browserName=firefox, takesScreenshot=true, javascriptEnabled=true, cssSelectorsEnabled=true}]
Session ID: 73e15497-2b98-49f4-8714-c86dd6ce07a2
*** Element info: {Using=id, value=reg_form}
2016-02-09 10:57:59  ERROR [pages.ZapisatsaPage] : Error: inputTextToField catch org.openqa.selenium.NoSuchElementException: Unable to locate element: {"method":"id","selector":"reg_form"}
Command duration or timeout: 10.07 seconds
For documentation on this error, please visit: http://seleniumhq.org/exceptions/no_such_element.html
Build info: version: '2.53.0', revision: '35ae25b', time: '2016-03-15 17:00:58'
System info: host: 'DEV2-PC-8129', ip: '192.168.8.129', os.name: 'Windows 10', os.arch: 'amd64', os.version: '10.0', java.version: '1.8.0_91'
Driver info: org.openqa.selenium.firefox.FirefoxDriver
Capabilities [{applicationCacheEnabled=true, rotatable=false, handlesAlerts=true, databaseEnabled=true, version=43.0.1, platform=WINDOWS, nativeEvents=false, acceptSslCerts=true, webStorageEnabled=true, locationContextEnabled=true, browserName=firefox, takesScreenshot=true, javascriptEnabled=true, cssSelectorsEnabled=true}]
Session ID: 73e15497-2b98-49f4-8714-c86dd6ce07a2
*** Element info: {Using=id, value=reg_form}
2016-02-09 10:57:59   INFO [pages.ZapisatsaPage] : Click buttonBy.xpath: .//*[@id='olgs_submit']
2016-02-09 10:59:32   INFO [pages.ZapisatsaPage] : Page is opened
2016-02-09 10:59:42  ERROR [pages.ZapisatsaPage] : Error: valueUkraine was not inputted and selected from DropDown list
2016-02-09 10:59:52  ERROR [pages.ZapisatsaPage] : Error: inputTextToField catch org.openqa.selenium.NoSuchElementException: Unable to locate element: {"method":"id","selector":"reg_form"}
Command duration or timeout: 10.07 seconds
For documentation on this error, please visit: http://seleniumhq.org/exceptions/no_such_element.html
Build info: version: '2.53.0', revision: '35ae25b', time: '2016-03-15 17:00:58'
System info: host: 'DEV2-PC-8129', ip: '192.168.8.129', os.name: 'Windows 10', os.arch: 'amd64', os.version: '10.0', java.version: '1.8.0_91'
Driver info: org.openqa.selenium.firefox.FirefoxDriver
Capabilities [{applicationCacheEnabled=true, rotatable=false, handlesAlerts=true, databaseEnabled=true, version=43.0.1, platform=WINDOWS, nativeEvents=false, acceptSslCerts=true, webStorageEnabled=true, locationContextEnabled=true, browserName=firefox, takesScreenshot=true, javascriptEnabled=true, cssSelectorsEnabled=true}]
Session ID: 65011814-dea8-4881-aeb4-e262cd5bb8eb
*** Element info: {Using=id, value=reg_form}
2016-02-09 11:00:03  ERROR [pages.ZapisatsaPage] : Error: inputTextToField catch org.openqa.selenium.NoSuchElementException: Unable to locate element: {"method":"id","selector":"reg_form"}
Command duration or timeout: 10.11 seconds
For documentation on this error, please visit: http://seleniumhq.org/exceptions/no_such_element.html
Build info: version: '2.53.0', revision: '35ae25b', time: '2016-03-15 17:00:58'
System info: host: 'DEV2-PC-8129', ip: '192.168.8.129', os.name: 'Windows 10', os.arch: 'amd64', os.version: '10.0', java.version: '1.8.0_91'
Driver info: org.openqa.selenium.firefox.FirefoxDriver
Capabilities [{applicationCacheEnabled=true, rotatable=false, handlesAlerts=true, databaseEnabled=true, version=43.0.1, platform=WINDOWS, nativeEvents=false, acceptSslCerts=true, webStorageEnabled=true, locationContextEnabled=true, browserName=firefox, takesScreenshot=true, javascriptEnabled=true, cssSelectorsEnabled=true}]
Session ID: 65011814-dea8-4881-aeb4-e262cd5bb8eb
*** Element info: {Using=id, value=reg_form}
2016-02-09 11:00:13  ERROR [pages.ZapisatsaPage] : Error: inputTextToField catch org.openqa.selenium.NoSuchElementException: Unable to locate element: {"method":"id","selector":"reg_form"}
Command duration or timeout: 10.06 seconds
For documentation on this error, please visit: http://seleniumhq.org/exceptions/no_such_element.html
Build info: version: '2.53.0', revision: '35ae25b', time: '2016-03-15 17:00:58'
System info: host: 'DEV2-PC-8129', ip: '192.168.8.129', os.name: 'Windows 10', os.arch: 'amd64', os.version: '10.0', java.version: '1.8.0_91'
Driver info: org.openqa.selenium.firefox.FirefoxDriver
Capabilities [{applicationCacheEnabled=true, rotatable=false, handlesAlerts=true, databaseEnabled=true, version=43.0.1, platform=WINDOWS, nativeEvents=false, acceptSslCerts=true, webStorageEnabled=true, locationContextEnabled=true, browserName=firefox, takesScreenshot=true, javascriptEnabled=true, cssSelectorsEnabled=true}]
Session ID: 65011814-dea8-4881-aeb4-e262cd5bb8eb
*** Element info: {Using=id, value=reg_form}
2016-02-09 11:00:13   INFO [pages.ZapisatsaPage] : Click buttonBy.xpath: .//*[@id='olgs_submit']
2016-02-09 11:00:55   INFO [pages.ZapisatsaPage] : Page is opened
2016-02-09 11:01:06  ERROR [pages.ZapisatsaPage] : Error: valueUkraine was not inputted and selected from DropDown list
2016-02-09 11:01:06   INFO [pages.ZapisatsaPage] : Value NEW_test_site set 
2016-02-09 11:01:16  ERROR [pages.ZapisatsaPage] : Error: inputTextToField catch org.openqa.selenium.NoSuchElementException: Unable to locate element: {"method":"id","selector":"reg_form"}
Command duration or timeout: 10.07 seconds
For documentation on this error, please visit: http://seleniumhq.org/exceptions/no_such_element.html
Build info: version: '2.53.0', revision: '35ae25b', time: '2016-03-15 17:00:58'
System info: host: 'DEV2-PC-8129', ip: '192.168.8.129', os.name: 'Windows 10', os.arch: 'amd64', os.version: '10.0', java.version: '1.8.0_91'
Driver info: org.openqa.selenium.firefox.FirefoxDriver
Capabilities [{applicationCacheEnabled=true, rotatable=false, handlesAlerts=true, databaseEnabled=true, version=43.0.1, platform=WINDOWS, nativeEvents=false, acceptSslCerts=true, webStorageEnabled=true, locationContextEnabled=true, browserName=firefox, takesScreenshot=true, javascriptEnabled=true, cssSelectorsEnabled=true}]
Session ID: ed55cff1-901b-48b6-851a-f10a0cc169b1
*** Element info: {Using=id, value=reg_form}
2016-02-09 11:01:26  ERROR [pages.ZapisatsaPage] : Error: inputTextToField catch org.openqa.selenium.NoSuchElementException: Unable to locate element: {"method":"id","selector":"reg_form"}
Command duration or timeout: 10.13 seconds
For documentation on this error, please visit: http://seleniumhq.org/exceptions/no_such_element.html
Build info: version: '2.53.0', revision: '35ae25b', time: '2016-03-15 17:00:58'
System info: host: 'DEV2-PC-8129', ip: '192.168.8.129', os.name: 'Windows 10', os.arch: 'amd64', os.version: '10.0', java.version: '1.8.0_91'
Driver info: org.openqa.selenium.firefox.FirefoxDriver
Capabilities [{applicationCacheEnabled=true, rotatable=false, handlesAlerts=true, databaseEnabled=true, version=43.0.1, platform=WINDOWS, nativeEvents=false, acceptSslCerts=true, webStorageEnabled=true, locationContextEnabled=true, browserName=firefox, takesScreenshot=true, javascriptEnabled=true, cssSelectorsEnabled=true}]
Session ID: ed55cff1-901b-48b6-851a-f10a0cc169b1
*** Element info: {Using=id, value=reg_form}
2016-02-09 11:01:26   INFO [pages.ZapisatsaPage] : Click buttonBy.xpath: .//*[@id='olgs_submit']
2016-02-09 11:03:24   INFO [pages.ZapisatsaPage] : Page is opened
2016-02-09 11:03:35  ERROR [pages.ZapisatsaPage] : Error: valueUkraine was not inputted and selected from DropDown list
2016-02-09 11:03:35   INFO [pages.ZapisatsaPage] : Value NEW_test_site set 
2016-02-09 11:03:36   INFO [pages.ZapisatsaPage] : Value 91111111 set 
2016-02-09 11:03:36   INFO [pages.ZapisatsaPage] : Value qwerty@wimsg.com set 
2016-02-09 11:03:46  ERROR [pages.ZapisatsaPage] : Error: clickButton catch org.openqa.selenium.NoSuchElementException: Unable to locate element: {"method":"xpath","selector":".//*[@id='olgs_submit']"}
Command duration or timeout: 10.03 seconds
For documentation on this error, please visit: http://seleniumhq.org/exceptions/no_such_element.html
Build info: version: '2.53.0', revision: '35ae25b', time: '2016-03-15 17:00:58'
System info: host: 'DEV2-PC-8129', ip: '192.168.8.129', os.name: 'Windows 10', os.arch: 'amd64', os.version: '10.0', java.version: '1.8.0_91'
Driver info: org.openqa.selenium.firefox.FirefoxDriver
Capabilities [{applicationCacheEnabled=true, rotatable=false, handlesAlerts=true, databaseEnabled=true, version=43.0.1, platform=WINDOWS, nativeEvents=false, acceptSslCerts=true, webStorageEnabled=true, locationContextEnabled=true, browserName=firefox, takesScreenshot=true, javascriptEnabled=true, cssSelectorsEnabled=true}]
Session ID: 79dde2f3-993f-409d-87dc-d3635d6675bc
*** Element info: {Using=xpath, value=.//*[@id='olgs_submit']}
2016-02-09 11:06:07   INFO [pages.ZapisatsaPage] : Page is opened
2016-02-09 11:06:18  ERROR [pages.ZapisatsaPage] : Error: valueUkraine was not inputted and selected from DropDown list
2016-02-09 11:06:18   INFO [pages.ZapisatsaPage] : Value NEW_test_site set 
2016-02-09 11:06:18   INFO [pages.ZapisatsaPage] : Value 91111111 set 
2016-02-09 11:06:19   INFO [pages.ZapisatsaPage] : Value qwerty@wimsg.com set 
2016-02-09 11:06:19   INFO [pages.ZapisatsaPage] : Click buttonBy.xpath: .//*[@id='olgs_submit']
2016-02-09 11:22:43   INFO [pages.ZapisatsaPage] : Page is opened
2016-02-09 11:22:53  ERROR [pages.ZapisatsaPage] : Error: valueUkraine was not inputted and selected from DropDown list
2016-02-09 11:22:53   INFO [pages.ZapisatsaPage] : Value NEW_test_site set 
2016-02-09 11:22:54   INFO [pages.ZapisatsaPage] : Value 91111111 set 
2016-02-09 11:22:54   INFO [pages.ZapisatsaPage] : Value qwerty@wimsg.com set 
2016-02-09 11:22:54   INFO [pages.ZapisatsaPage] : Click buttonBy.xpath: .//*[@id='olgs_submit']
2016-02-09 13:33:42   INFO [pages.ZapisatsaPage] : Page is opened
2016-02-09 13:33:52  ERROR [pages.ZapisatsaPage] : Error: valueUkraine was not inputted and selected from DropDown list
2016-02-09 13:33:52   INFO [pages.ZapisatsaPage] : Value NEW_test_site set 
2016-02-09 13:33:53   INFO [pages.ZapisatsaPage] : Value 91111111 set 
2016-02-09 13:33:53   INFO [pages.ZapisatsaPage] : Value qwerty1@wimsg.com set 
2016-02-09 13:33:53   INFO [pages.ZapisatsaPage] : Click buttonBy.xpath: .//*[@id='olgs_submit']
2016-02-09 13:37:37   INFO [pages.ZapisatsaPage] : Page is opened
2016-02-09 13:37:47  ERROR [pages.ZapisatsaPage] : Error: valueUkraine was not inputted and selected from DropDown list
2016-02-09 13:37:47   INFO [pages.ZapisatsaPage] : Value NEW_test_site set 
2016-02-09 13:37:48   INFO [pages.ZapisatsaPage] : Value 91111111 set 
2016-02-09 13:37:48   INFO [pages.ZapisatsaPage] : Value qwerty1@wimsg.com set 
2016-02-09 13:37:48   INFO [pages.ZapisatsaPage] : Click buttonBy.xpath: .//*[@id='olgs_submit']
2016-02-09 14:23:13   INFO [pages.ZapisatsaPage] : Page is opened
2016-02-09 14:23:23  ERROR [pages.ZapisatsaPage] : Error: valueUkraine was not inputted and selected from DropDown list
2016-02-09 14:23:33  ERROR [pages.ZapisatsaPage] : Error: inputTextToField catch org.openqa.selenium.NoSuchElementException: Unable to locate element: {"method":"id","selector":"reg_form"}
Command duration or timeout: 10.09 seconds
For documentation on this error, please visit: http://seleniumhq.org/exceptions/no_such_element.html
Build info: version: '2.53.0', revision: '35ae25b', time: '2016-03-15 17:00:58'
System info: host: 'DEV2-PC-8129', ip: '192.168.8.129', os.name: 'Windows 10', os.arch: 'amd64', os.version: '10.0', java.version: '1.8.0_91'
Driver info: org.openqa.selenium.firefox.FirefoxDriver
Capabilities [{applicationCacheEnabled=true, rotatable=false, handlesAlerts=true, databaseEnabled=true, version=43.0.1, platform=WINDOWS, nativeEvents=false, acceptSslCerts=true, webStorageEnabled=true, locationContextEnabled=true, browserName=firefox, takesScreenshot=true, javascriptEnabled=true, cssSelectorsEnabled=true}]
Session ID: df7ae8dd-c707-4dac-b74d-093df41f9974
*** Element info: {Using=id, value=reg_form}
2016-02-09 14:23:44  ERROR [pages.ZapisatsaPage] : Error: inputTextToField catch org.openqa.selenium.NoSuchElementException: Unable to locate element: {"method":"id","selector":"reg_form"}
Command duration or timeout: 10.15 seconds
For documentation on this error, please visit: http://seleniumhq.org/exceptions/no_such_element.html
Build info: version: '2.53.0', revision: '35ae25b', time: '2016-03-15 17:00:58'
System info: host: 'DEV2-PC-8129', ip: '192.168.8.129', os.name: 'Windows 10', os.arch: 'amd64', os.version: '10.0', java.version: '1.8.0_91'
Driver info: org.openqa.selenium.firefox.FirefoxDriver
Capabilities [{applicationCacheEnabled=true, rotatable=false, handlesAlerts=true, databaseEnabled=true, version=43.0.1, platform=WINDOWS, nativeEvents=false, acceptSslCerts=true, webStorageEnabled=true, locationContextEnabled=true, browserName=firefox, takesScreenshot=true, javascriptEnabled=true, cssSelectorsEnabled=true}]
Session ID: df7ae8dd-c707-4dac-b74d-093df41f9974
*** Element info: {Using=id, value=reg_form}
2016-02-09 14:23:54  ERROR [pages.ZapisatsaPage] : Error: inputTextToField catch org.openqa.selenium.NoSuchElementException: Unable to locate element: {"method":"id","selector":"reg_form"}
Command duration or timeout: 10.03 seconds
For documentation on this error, please visit: http://seleniumhq.org/exceptions/no_such_element.html
Build info: version: '2.53.0', revision: '35ae25b', time: '2016-03-15 17:00:58'
System info: host: 'DEV2-PC-8129', ip: '192.168.8.129', os.name: 'Windows 10', os.arch: 'amd64', os.version: '10.0', java.version: '1.8.0_91'
Driver info: org.openqa.selenium.firefox.FirefoxDriver
Capabilities [{applicationCacheEnabled=true, rotatable=false, handlesAlerts=true, databaseEnabled=true, version=43.0.1, platform=WINDOWS, nativeEvents=false, acceptSslCerts=true, webStorageEnabled=true, locationContextEnabled=true, browserName=firefox, takesScreenshot=true, javascriptEnabled=true, cssSelectorsEnabled=true}]
Session ID: df7ae8dd-c707-4dac-b74d-093df41f9974
*** Element info: {Using=id, value=reg_form}
2016-02-09 14:24:04  ERROR [pages.ZapisatsaPage] : Error: clickButton catch org.openqa.selenium.NoSuchElementException: Unable to locate element: {"method":"id","selector":"reg_form"}
Command duration or timeout: 10.09 seconds
For documentation on this error, please visit: http://seleniumhq.org/exceptions/no_such_element.html
Build info: version: '2.53.0', revision: '35ae25b', time: '2016-03-15 17:00:58'
System info: host: 'DEV2-PC-8129', ip: '192.168.8.129', os.name: 'Windows 10', os.arch: 'amd64', os.version: '10.0', java.version: '1.8.0_91'
Driver info: org.openqa.selenium.firefox.FirefoxDriver
Capabilities [{applicationCacheEnabled=true, rotatable=false, handlesAlerts=true, databaseEnabled=true, version=43.0.1, platform=WINDOWS, nativeEvents=false, acceptSslCerts=true, webStorageEnabled=true, locationContextEnabled=true, browserName=firefox, takesScreenshot=true, javascriptEnabled=true, cssSelectorsEnabled=true}]
Session ID: df7ae8dd-c707-4dac-b74d-093df41f9974
*** Element info: {Using=id, value=reg_form}
2016-02-09 14:25:23   INFO [pages.ZapisatsaPage] : Page is opened
2016-02-09 14:25:34  ERROR [pages.ZapisatsaPage] : Error: valueUkraine was not inputted and selected from DropDown list
2016-02-09 14:25:34   INFO [pages.ZapisatsaPage] : Value NEW_test_site set 
2016-02-09 14:25:34   INFO [pages.ZapisatsaPage] : Value 91111111 set 
2016-02-09 14:25:34   INFO [pages.ZapisatsaPage] : Value qwerty1@wimsg.com set 
2016-02-09 14:25:34   INFO [pages.ZapisatsaPage] : Click buttonBy.xpath: .//*[@id='olgs_submit']
2016-02-09 14:32:57   INFO [pages.ZapisatsaPage] : Page is opened
2016-02-09 14:33:07  ERROR [pages.ZapisatsaPage] : Error: valueAustria was not inputted and selected from DropDown list
2016-02-09 14:33:17  ERROR [pages.ZapisatsaPage] : Error: inputTextToField catch org.openqa.selenium.NoSuchElementException: Unable to locate element: {"method":"id","selector":"reg_form"}
Command duration or timeout: 10.06 seconds
For documentation on this error, please visit: http://seleniumhq.org/exceptions/no_such_element.html
Build info: version: '2.53.0', revision: '35ae25b', time: '2016-03-15 17:00:58'
System info: host: 'DEV2-PC-8129', ip: '192.168.8.129', os.name: 'Windows 10', os.arch: 'amd64', os.version: '10.0', java.version: '1.8.0_91'
Driver info: org.openqa.selenium.firefox.FirefoxDriver
Capabilities [{applicationCacheEnabled=true, rotatable=false, handlesAlerts=true, databaseEnabled=true, version=43.0.1, platform=WINDOWS, nativeEvents=false, acceptSslCerts=true, webStorageEnabled=true, locationContextEnabled=true, browserName=firefox, takesScreenshot=true, javascriptEnabled=true, cssSelectorsEnabled=true}]
Session ID: 9dec5dd7-341a-4cff-b309-15e8268090d3
*** Element info: {Using=id, value=reg_form}
2016-02-09 14:33:27  ERROR [pages.ZapisatsaPage] : Error: inputTextToField catch org.openqa.selenium.NoSuchElementException: Unable to locate element: {"method":"id","selector":"reg_form"}
Command duration or timeout: 10.13 seconds
For documentation on this error, please visit: http://seleniumhq.org/exceptions/no_such_element.html
Build info: version: '2.53.0', revision: '35ae25b', time: '2016-03-15 17:00:58'
System info: host: 'DEV2-PC-8129', ip: '192.168.8.129', os.name: 'Windows 10', os.arch: 'amd64', os.version: '10.0', java.version: '1.8.0_91'
Driver info: org.openqa.selenium.firefox.FirefoxDriver
Capabilities [{applicationCacheEnabled=true, rotatable=false, handlesAlerts=true, databaseEnabled=true, version=43.0.1, platform=WINDOWS, nativeEvents=false, acceptSslCerts=true, webStorageEnabled=true, locationContextEnabled=true, browserName=firefox, takesScreenshot=true, javascriptEnabled=true, cssSelectorsEnabled=true}]
Session ID: 9dec5dd7-341a-4cff-b309-15e8268090d3
*** Element info: {Using=id, value=reg_form}
2016-02-09 14:33:37  ERROR [pages.ZapisatsaPage] : Error: inputTextToField catch org.openqa.selenium.NoSuchElementException: Unable to locate element: {"method":"id","selector":"reg_form"}
Command duration or timeout: 10.05 seconds
For documentation on this error, please visit: http://seleniumhq.org/exceptions/no_such_element.html
Build info: version: '2.53.0', revision: '35ae25b', time: '2016-03-15 17:00:58'
System info: host: 'DEV2-PC-8129', ip: '192.168.8.129', os.name: 'Windows 10', os.arch: 'amd64', os.version: '10.0', java.version: '1.8.0_91'
Driver info: org.openqa.selenium.firefox.FirefoxDriver
Capabilities [{applicationCacheEnabled=true, rotatable=false, handlesAlerts=true, databaseEnabled=true, version=43.0.1, platform=WINDOWS, nativeEvents=false, acceptSslCerts=true, webStorageEnabled=true, locationContextEnabled=true, browserName=firefox, takesScreenshot=true, javascriptEnabled=true, cssSelectorsEnabled=true}]
Session ID: 9dec5dd7-341a-4cff-b309-15e8268090d3
*** Element info: {Using=id, value=reg_form}
2016-02-09 14:33:47  ERROR [pages.ZapisatsaPage] : Error: clickButton catch org.openqa.selenium.NoSuchElementException: Unable to locate element: {"method":"id","selector":"reg_form"}
Command duration or timeout: 10.12 seconds
For documentation on this error, please visit: http://seleniumhq.org/exceptions/no_such_element.html
Build info: version: '2.53.0', revision: '35ae25b', time: '2016-03-15 17:00:58'
System info: host: 'DEV2-PC-8129', ip: '192.168.8.129', os.name: 'Windows 10', os.arch: 'amd64', os.version: '10.0', java.version: '1.8.0_91'
Driver info: org.openqa.selenium.firefox.FirefoxDriver
Capabilities [{applicationCacheEnabled=true, rotatable=false, handlesAlerts=true, databaseEnabled=true, version=43.0.1, platform=WINDOWS, nativeEvents=false, acceptSslCerts=true, webStorageEnabled=true, locationContextEnabled=true, browserName=firefox, takesScreenshot=true, javascriptEnabled=true, cssSelectorsEnabled=true}]
Session ID: 9dec5dd7-341a-4cff-b309-15e8268090d3
*** Element info: {Using=id, value=reg_form}
2016-02-09 14:35:58   INFO [pages.ZapisatsaPage] : Page is opened
2016-02-09 14:36:08  ERROR [pages.ZapisatsaPage] : Error:org.openqa.selenium.NoSuchElementException: Unable to locate element: {"method":"xpath","selector":".//*[@id='olgs_country3']"}
Command duration or timeout: 10.09 seconds
For documentation on this error, please visit: http://seleniumhq.org/exceptions/no_such_element.html
Build info: version: '2.53.0', revision: '35ae25b', time: '2016-03-15 17:00:58'
System info: host: 'DEV2-PC-8129', ip: '192.168.8.129', os.name: 'Windows 10', os.arch: 'amd64', os.version: '10.0', java.version: '1.8.0_91'
Driver info: org.openqa.selenium.firefox.FirefoxDriver
Capabilities [{applicationCacheEnabled=true, rotatable=false, handlesAlerts=true, databaseEnabled=true, version=43.0.1, platform=WINDOWS, nativeEvents=false, acceptSslCerts=true, webStorageEnabled=true, locationContextEnabled=true, browserName=firefox, takesScreenshot=true, javascriptEnabled=true, cssSelectorsEnabled=true}]
Session ID: f042c056-8483-48f4-ba14-4deadca745eb
*** Element info: {Using=xpath, value=.//*[@id='olgs_country3']}
2016-02-09 14:36:18  ERROR [pages.ZapisatsaPage] : Error: inputTextToField catch org.openqa.selenium.NoSuchElementException: Unable to locate element: {"method":"id","selector":"reg_form"}
Command duration or timeout: 10.07 seconds
For documentation on this error, please visit: http://seleniumhq.org/exceptions/no_such_element.html
Build info: version: '2.53.0', revision: '35ae25b', time: '2016-03-15 17:00:58'
System info: host: 'DEV2-PC-8129', ip: '192.168.8.129', os.name: 'Windows 10', os.arch: 'amd64', os.version: '10.0', java.version: '1.8.0_91'
Driver info: org.openqa.selenium.firefox.FirefoxDriver
Capabilities [{applicationCacheEnabled=true, rotatable=false, handlesAlerts=true, databaseEnabled=true, version=43.0.1, platform=WINDOWS, nativeEvents=false, acceptSslCerts=true, webStorageEnabled=true, locationContextEnabled=true, browserName=firefox, takesScreenshot=true, javascriptEnabled=true, cssSelectorsEnabled=true}]
Session ID: f042c056-8483-48f4-ba14-4deadca745eb
*** Element info: {Using=id, value=reg_form}
2016-02-09 14:36:28  ERROR [pages.ZapisatsaPage] : Error: inputTextToField catch org.openqa.selenium.NoSuchElementException: Unable to locate element: {"method":"id","selector":"reg_form"}
Command duration or timeout: 10.06 seconds
For documentation on this error, please visit: http://seleniumhq.org/exceptions/no_such_element.html
Build info: version: '2.53.0', revision: '35ae25b', time: '2016-03-15 17:00:58'
System info: host: 'DEV2-PC-8129', ip: '192.168.8.129', os.name: 'Windows 10', os.arch: 'amd64', os.version: '10.0', java.version: '1.8.0_91'
Driver info: org.openqa.selenium.firefox.FirefoxDriver
Capabilities [{applicationCacheEnabled=true, rotatable=false, handlesAlerts=true, databaseEnabled=true, version=43.0.1, platform=WINDOWS, nativeEvents=false, acceptSslCerts=true, webStorageEnabled=true, locationContextEnabled=true, browserName=firefox, takesScreenshot=true, javascriptEnabled=true, cssSelectorsEnabled=true}]
Session ID: f042c056-8483-48f4-ba14-4deadca745eb
*** Element info: {Using=id, value=reg_form}
2016-02-09 14:36:39  ERROR [pages.ZapisatsaPage] : Error: inputTextToField catch org.openqa.selenium.NoSuchElementException: Unable to locate element: {"method":"id","selector":"reg_form"}
Command duration or timeout: 10.13 seconds
For documentation on this error, please visit: http://seleniumhq.org/exceptions/no_such_element.html
Build info: version: '2.53.0', revision: '35ae25b', time: '2016-03-15 17:00:58'
System info: host: 'DEV2-PC-8129', ip: '192.168.8.129', os.name: 'Windows 10', os.arch: 'amd64', os.version: '10.0', java.version: '1.8.0_91'
Driver info: org.openqa.selenium.firefox.FirefoxDriver
Capabilities [{applicationCacheEnabled=true, rotatable=false, handlesAlerts=true, databaseEnabled=true, version=43.0.1, platform=WINDOWS, nativeEvents=false, acceptSslCerts=true, webStorageEnabled=true, locationContextEnabled=true, browserName=firefox, takesScreenshot=true, javascriptEnabled=true, cssSelectorsEnabled=true}]
Session ID: f042c056-8483-48f4-ba14-4deadca745eb
*** Element info: {Using=id, value=reg_form}
2016-02-09 14:36:44  ERROR [pages.ZapisatsaPage] : Error: clickButton catch org.openqa.selenium.remote.UnreachableBrowserException: Error communicating with the remote browser. It may have died.
Build info: version: '2.53.0', revision: '35ae25b', time: '2016-03-15 17:00:58'
System info: host: 'DEV2-PC-8129', ip: '192.168.8.129', os.name: 'Windows 10', os.arch: 'amd64', os.version: '10.0', java.version: '1.8.0_91'
Driver info: driver.version: RemoteWebDriver
Capabilities [{applicationCacheEnabled=true, rotatable=false, handlesAlerts=true, databaseEnabled=true, version=43.0.1, platform=WINDOWS, nativeEvents=false, acceptSslCerts=true, webStorageEnabled=true, locationContextEnabled=true, browserName=firefox, takesScreenshot=true, javascriptEnabled=true, cssSelectorsEnabled=true}]
Session ID: f042c056-8483-48f4-ba14-4deadca745eb
2016-02-09 14:37:14   INFO [pages.ZapisatsaPage] : Page is opened
2016-02-09 14:37:24  ERROR [pages.ZapisatsaPage] : Error:org.openqa.selenium.NoSuchElementException: Unable to locate element: {"method":"xpath","selector":".//*[@id='olgs_country3']"}
Command duration or timeout: 10.04 seconds
For documentation on this error, please visit: http://seleniumhq.org/exceptions/no_such_element.html
Build info: version: '2.53.0', revision: '35ae25b', time: '2016-03-15 17:00:58'
System info: host: 'DEV2-PC-8129', ip: '192.168.8.129', os.name: 'Windows 10', os.arch: 'amd64', os.version: '10.0', java.version: '1.8.0_91'
Driver info: org.openqa.selenium.firefox.FirefoxDriver
Capabilities [{applicationCacheEnabled=true, rotatable=false, handlesAlerts=true, databaseEnabled=true, version=43.0.1, platform=WINDOWS, nativeEvents=false, acceptSslCerts=true, webStorageEnabled=true, locationContextEnabled=true, browserName=firefox, takesScreenshot=true, javascriptEnabled=true, cssSelectorsEnabled=true}]
Session ID: fa66fa65-b1d8-462f-aff8-8e0f6957857b
*** Element info: {Using=xpath, value=.//*[@id='olgs_country3']}
2016-02-09 14:37:34  ERROR [pages.ZapisatsaPage] : Error: inputTextToField catch org.openqa.selenium.NoSuchElementException: Unable to locate element: {"method":"id","selector":"reg_form"}
Command duration or timeout: 10.09 seconds
For documentation on this error, please visit: http://seleniumhq.org/exceptions/no_such_element.html
Build info: version: '2.53.0', revision: '35ae25b', time: '2016-03-15 17:00:58'
System info: host: 'DEV2-PC-8129', ip: '192.168.8.129', os.name: 'Windows 10', os.arch: 'amd64', os.version: '10.0', java.version: '1.8.0_91'
Driver info: org.openqa.selenium.firefox.FirefoxDriver
Capabilities [{applicationCacheEnabled=true, rotatable=false, handlesAlerts=true, databaseEnabled=true, version=43.0.1, platform=WINDOWS, nativeEvents=false, acceptSslCerts=true, webStorageEnabled=true, locationContextEnabled=true, browserName=firefox, takesScreenshot=true, javascriptEnabled=true, cssSelectorsEnabled=true}]
Session ID: fa66fa65-b1d8-462f-aff8-8e0f6957857b
*** Element info: {Using=id, value=reg_form}
2016-02-09 14:37:44  ERROR [pages.ZapisatsaPage] : Error: inputTextToField catch org.openqa.selenium.NoSuchElementException: Unable to locate element: {"method":"id","selector":"reg_form"}
Command duration or timeout: 10.07 seconds
For documentation on this error, please visit: http://seleniumhq.org/exceptions/no_such_element.html
Build info: version: '2.53.0', revision: '35ae25b', time: '2016-03-15 17:00:58'
System info: host: 'DEV2-PC-8129', ip: '192.168.8.129', os.name: 'Windows 10', os.arch: 'amd64', os.version: '10.0', java.version: '1.8.0_91'
Driver info: org.openqa.selenium.firefox.FirefoxDriver
Capabilities [{applicationCacheEnabled=true, rotatable=false, handlesAlerts=true, databaseEnabled=true, version=43.0.1, platform=WINDOWS, nativeEvents=false, acceptSslCerts=true, webStorageEnabled=true, locationContextEnabled=true, browserName=firefox, takesScreenshot=true, javascriptEnabled=true, cssSelectorsEnabled=true}]
Session ID: fa66fa65-b1d8-462f-aff8-8e0f6957857b
*** Element info: {Using=id, value=reg_form}
2016-02-09 14:37:54  ERROR [pages.ZapisatsaPage] : Error: inputTextToField catch org.openqa.selenium.NoSuchElementException: Unable to locate element: {"method":"id","selector":"reg_form"}
Command duration or timeout: 10.14 seconds
For documentation on this error, please visit: http://seleniumhq.org/exceptions/no_such_element.html
Build info: version: '2.53.0', revision: '35ae25b', time: '2016-03-15 17:00:58'
System info: host: 'DEV2-PC-8129', ip: '192.168.8.129', os.name: 'Windows 10', os.arch: 'amd64', os.version: '10.0', java.version: '1.8.0_91'
Driver info: org.openqa.selenium.firefox.FirefoxDriver
Capabilities [{applicationCacheEnabled=true, rotatable=false, handlesAlerts=true, databaseEnabled=true, version=43.0.1, platform=WINDOWS, nativeEvents=false, acceptSslCerts=true, webStorageEnabled=true, locationContextEnabled=true, browserName=firefox, takesScreenshot=true, javascriptEnabled=true, cssSelectorsEnabled=true}]
Session ID: fa66fa65-b1d8-462f-aff8-8e0f6957857b
*** Element info: {Using=id, value=reg_form}
2016-02-09 14:38:05  ERROR [pages.ZapisatsaPage] : Error: clickButton catch org.openqa.selenium.NoSuchElementException: Unable to locate element: {"method":"id","selector":"reg_form"}
Command duration or timeout: 10.13 seconds
For documentation on this error, please visit: http://seleniumhq.org/exceptions/no_such_element.html
Build info: version: '2.53.0', revision: '35ae25b', time: '2016-03-15 17:00:58'
System info: host: 'DEV2-PC-8129', ip: '192.168.8.129', os.name: 'Windows 10', os.arch: 'amd64', os.version: '10.0', java.version: '1.8.0_91'
Driver info: org.openqa.selenium.firefox.FirefoxDriver
Capabilities [{applicationCacheEnabled=true, rotatable=false, handlesAlerts=true, databaseEnabled=true, version=43.0.1, platform=WINDOWS, nativeEvents=false, acceptSslCerts=true, webStorageEnabled=true, locationContextEnabled=true, browserName=firefox, takesScreenshot=true, javascriptEnabled=true, cssSelectorsEnabled=true}]
Session ID: fa66fa65-b1d8-462f-aff8-8e0f6957857b
*** Element info: {Using=id, value=reg_form}
2016-02-09 14:39:35   INFO [pages.ZapisatsaPage] : Page is opened
2016-02-09 14:39:35   INFO [pages.ZapisatsaPage] : Value NEW_test_site set 
2016-02-09 14:39:46  ERROR [pages.ZapisatsaPage] : Error:org.openqa.selenium.NoSuchElementException: Unable to locate element: {"method":"xpath","selector":".//*[@id='olgs_country3']"}
Command duration or timeout: 10.06 seconds
For documentation on this error, please visit: http://seleniumhq.org/exceptions/no_such_element.html
Build info: version: '2.53.0', revision: '35ae25b', time: '2016-03-15 17:00:58'
System info: host: 'DEV2-PC-8129', ip: '192.168.8.129', os.name: 'Windows 10', os.arch: 'amd64', os.version: '10.0', java.version: '1.8.0_91'
Driver info: org.openqa.selenium.firefox.FirefoxDriver
Capabilities [{applicationCacheEnabled=true, rotatable=false, handlesAlerts=true, databaseEnabled=true, version=43.0.1, platform=WINDOWS, nativeEvents=false, acceptSslCerts=true, webStorageEnabled=true, locationContextEnabled=true, browserName=firefox, takesScreenshot=true, javascriptEnabled=true, cssSelectorsEnabled=true}]
Session ID: 139ecc79-f8bd-42e6-8205-ca7ebf1b947d
*** Element info: {Using=xpath, value=.//*[@id='olgs_country3']}
2016-02-09 14:39:56  ERROR [pages.ZapisatsaPage] : Error: inputTextToField catch org.openqa.selenium.NoSuchElementException: Unable to locate element: {"method":"id","selector":"reg_form"}
Command duration or timeout: 10.11 seconds
For documentation on this error, please visit: http://seleniumhq.org/exceptions/no_such_element.html
Build info: version: '2.53.0', revision: '35ae25b', time: '2016-03-15 17:00:58'
System info: host: 'DEV2-PC-8129', ip: '192.168.8.129', os.name: 'Windows 10', os.arch: 'amd64', os.version: '10.0', java.version: '1.8.0_91'
Driver info: org.openqa.selenium.firefox.FirefoxDriver
Capabilities [{applicationCacheEnabled=true, rotatable=false, handlesAlerts=true, databaseEnabled=true, version=43.0.1, platform=WINDOWS, nativeEvents=false, acceptSslCerts=true, webStorageEnabled=true, locationContextEnabled=true, browserName=firefox, takesScreenshot=true, javascriptEnabled=true, cssSelectorsEnabled=true}]
Session ID: 139ecc79-f8bd-42e6-8205-ca7ebf1b947d
*** Element info: {Using=id, value=reg_form}
2016-02-09 14:40:06  ERROR [pages.ZapisatsaPage] : Error: inputTextToField catch org.openqa.selenium.NoSuchElementException: Unable to locate element: {"method":"id","selector":"reg_form"}
Command duration or timeout: 10.05 seconds
For documentation on this error, please visit: http://seleniumhq.org/exceptions/no_such_element.html
Build info: version: '2.53.0', revision: '35ae25b', time: '2016-03-15 17:00:58'
System info: host: 'DEV2-PC-8129', ip: '192.168.8.129', os.name: 'Windows 10', os.arch: 'amd64', os.version: '10.0', java.version: '1.8.0_91'
Driver info: org.openqa.selenium.firefox.FirefoxDriver
Capabilities [{applicationCacheEnabled=true, rotatable=false, handlesAlerts=true, databaseEnabled=true, version=43.0.1, platform=WINDOWS, nativeEvents=false, acceptSslCerts=true, webStorageEnabled=true, locationContextEnabled=true, browserName=firefox, takesScreenshot=true, javascriptEnabled=true, cssSelectorsEnabled=true}]
Session ID: 139ecc79-f8bd-42e6-8205-ca7ebf1b947d
*** Element info: {Using=id, value=reg_form}
2016-02-09 14:40:16  ERROR [pages.ZapisatsaPage] : Error: clickButton catch org.openqa.selenium.NoSuchElementException: Unable to locate element: {"method":"id","selector":"reg_form"}
Command duration or timeout: 10.13 seconds
For documentation on this error, please visit: http://seleniumhq.org/exceptions/no_such_element.html
Build info: version: '2.53.0', revision: '35ae25b', time: '2016-03-15 17:00:58'
System info: host: 'DEV2-PC-8129', ip: '192.168.8.129', os.name: 'Windows 10', os.arch: 'amd64', os.version: '10.0', java.version: '1.8.0_91'
Driver info: org.openqa.selenium.firefox.FirefoxDriver
Capabilities [{applicationCacheEnabled=true, rotatable=false, handlesAlerts=true, databaseEnabled=true, version=43.0.1, platform=WINDOWS, nativeEvents=false, acceptSslCerts=true, webStorageEnabled=true, locationContextEnabled=true, browserName=firefox, takesScreenshot=true, javascriptEnabled=true, cssSelectorsEnabled=true}]
Session ID: 139ecc79-f8bd-42e6-8205-ca7ebf1b947d
*** Element info: {Using=id, value=reg_form}
2016-02-09 14:52:38   INFO [pages.ZapisatsaPage] : Page is opened
2016-02-09 14:52:39   INFO [pages.ZapisatsaPage] : Value NEW_test_site set 
2016-02-09 14:52:39   INFO [pages.ZapisatsaPage] : Value qwerty123@wimsg.com set 
2016-02-09 14:52:49  ERROR [pages.ZapisatsaPage] : Error:org.openqa.selenium.NoSuchElementException: Unable to locate element: {"method":"xpath","selector":".//*[@id='olgs_country3']"}
Command duration or timeout: 10.10 seconds
For documentation on this error, please visit: http://seleniumhq.org/exceptions/no_such_element.html
Build info: version: '2.53.0', revision: '35ae25b', time: '2016-03-15 17:00:58'
System info: host: 'DEV2-PC-8129', ip: '192.168.8.129', os.name: 'Windows 10', os.arch: 'amd64', os.version: '10.0', java.version: '1.8.0_91'
Driver info: org.openqa.selenium.firefox.FirefoxDriver
Capabilities [{applicationCacheEnabled=true, rotatable=false, handlesAlerts=true, databaseEnabled=true, version=43.0.1, platform=WINDOWS, nativeEvents=false, acceptSslCerts=true, webStorageEnabled=true, locationContextEnabled=true, browserName=firefox, takesScreenshot=true, javascriptEnabled=true, cssSelectorsEnabled=true}]
Session ID: abfef3ec-b22d-40af-a0b6-b02a32c11694
*** Element info: {Using=xpath, value=.//*[@id='olgs_country3']}
2016-02-09 14:53:00  ERROR [pages.ZapisatsaPage] : Error: inputTextToField catch org.openqa.selenium.NoSuchElementException: Unable to locate element: {"method":"id","selector":"reg_form"}
Command duration or timeout: 10.12 seconds
For documentation on this error, please visit: http://seleniumhq.org/exceptions/no_such_element.html
Build info: version: '2.53.0', revision: '35ae25b', time: '2016-03-15 17:00:58'
System info: host: 'DEV2-PC-8129', ip: '192.168.8.129', os.name: 'Windows 10', os.arch: 'amd64', os.version: '10.0', java.version: '1.8.0_91'
Driver info: org.openqa.selenium.firefox.FirefoxDriver
Capabilities [{applicationCacheEnabled=true, rotatable=false, handlesAlerts=true, databaseEnabled=true, version=43.0.1, platform=WINDOWS, nativeEvents=false, acceptSslCerts=true, webStorageEnabled=true, locationContextEnabled=true, browserName=firefox, takesScreenshot=true, javascriptEnabled=true, cssSelectorsEnabled=true}]
Session ID: abfef3ec-b22d-40af-a0b6-b02a32c11694
*** Element info: {Using=id, value=reg_form}
2016-02-09 14:53:10  ERROR [pages.ZapisatsaPage] : Error: clickButton catch org.openqa.selenium.NoSuchElementException: Unable to locate element: {"method":"id","selector":"reg_form"}
Command duration or timeout: 10.13 seconds
For documentation on this error, please visit: http://seleniumhq.org/exceptions/no_such_element.html
Build info: version: '2.53.0', revision: '35ae25b', time: '2016-03-15 17:00:58'
System info: host: 'DEV2-PC-8129', ip: '192.168.8.129', os.name: 'Windows 10', os.arch: 'amd64', os.version: '10.0', java.version: '1.8.0_91'
Driver info: org.openqa.selenium.firefox.FirefoxDriver
Capabilities [{applicationCacheEnabled=true, rotatable=false, handlesAlerts=true, databaseEnabled=true, version=43.0.1, platform=WINDOWS, nativeEvents=false, acceptSslCerts=true, webStorageEnabled=true, locationContextEnabled=true, browserName=firefox, takesScreenshot=true, javascriptEnabled=true, cssSelectorsEnabled=true}]
Session ID: abfef3ec-b22d-40af-a0b6-b02a32c11694
*** Element info: {Using=id, value=reg_form}
2016-02-09 15:10:41   INFO [pages.ZapisatsaPage] : Page is opened
2016-02-09 15:10:41   INFO [pages.ZapisatsaPage] : Value NEW_test_site set 
2016-02-09 15:10:42   INFO [pages.ZapisatsaPage] : Value qwerty123@wimsg.com set 
2016-02-09 15:10:42   INFO [pages.ZapisatsaPage] : Austria was inputed and selected from DropDovn list
2016-02-09 15:10:42   INFO [pages.ZapisatsaPage] : Value 91111111 set 
2016-02-09 15:10:42   INFO [pages.ZapisatsaPage] : Click buttonBy.xpath: .//*[@id='olgs_submit']
2016-02-09 15:11:04  ERROR [pages.ZapisatsaPage] : Error: Needed element was not foundBy.xpath: //h1[contains (text(),'Congratulations')]
2016-02-09 15:27:51   INFO [pages.ZapisatsaPage] : Page is opened
2016-02-09 15:27:52   INFO [pages.ZapisatsaPage] : Value NEW_test_site set 
2016-02-09 15:27:52   INFO [pages.ZapisatsaPage] : Value qwerty123@wimsg.com set 
2016-02-09 15:27:52   INFO [pages.ZapisatsaPage] : Austria was inputed and selected from DropDovn list
2016-02-09 15:27:53   INFO [pages.ZapisatsaPage] : Value 91111111 set 
2016-02-09 15:27:53   INFO [pages.ZapisatsaPage] : Click buttonBy.xpath: .//*[@id='olgs_submit']
2016-02-09 15:28:09  ERROR [pages.ZapisatsaPage] : Error: Needed element was not foundBy.xpath: //h1[contains (text(),'Congratulations')]
2016-02-09 15:29:00   INFO [pages.ZapisatsaPage] : Page is opened
2016-02-09 15:29:00   INFO [pages.ZapisatsaPage] : Value NEW_test_site set 
2016-02-09 15:29:01   INFO [pages.ZapisatsaPage] : Value qwerty111@wimsg.com set 
2016-02-09 15:29:01   INFO [pages.ZapisatsaPage] : Austria was inputed and selected from DropDovn list
2016-02-09 15:29:01   INFO [pages.ZapisatsaPage] : Value 7777 set 
2016-02-09 15:29:01   INFO [pages.ZapisatsaPage] : Click buttonBy.xpath: .//*[@id='olgs_submit']
2016-02-09 15:29:11  ERROR [pages.ZapisatsaPage] : Error: Needed element was not foundBy.xpath: //h1[contains (text(),'Congratulations')]
2016-02-09 15:29:32   INFO [pages.ZapisatsaPage] : Page is opened
2016-02-09 15:29:32   INFO [pages.ZapisatsaPage] : Value NEW_test_site set 
2016-02-09 15:29:33   INFO [pages.ZapisatsaPage] : Value qwerty111@wimsg.com set 
2016-02-09 15:29:33   INFO [pages.ZapisatsaPage] : Austria was inputed and selected from DropDovn list
2016-02-09 15:29:33   INFO [pages.ZapisatsaPage] : Value 777777 set 
2016-02-09 15:29:33   INFO [pages.ZapisatsaPage] : Click buttonBy.xpath: .//*[@id='olgs_submit']
2016-02-09 15:29:56  ERROR [pages.ZapisatsaPage] : Error: Needed element was not foundBy.xpath: //h1[contains (text(),'Congratulations')]
2016-02-09 15:52:54   INFO [pages.ZapisatsaPage] : Page is opened
2016-02-09 15:52:54   INFO [pages.ZapisatsaPage] : Value NEW_test_site set 
2016-02-09 15:52:55   INFO [pages.ZapisatsaPage] : Value qwerty111@wimsg.com set 
2016-02-09 15:52:55   INFO [pages.ZapisatsaPage] : Austria was inputed and selected from DropDovn list
2016-02-09 15:52:55   INFO [pages.ZapisatsaPage] : Value 777777 set 
2016-02-09 15:52:56   INFO [pages.ZapisatsaPage] : Click buttonBy.xpath: .//*[@id='olgs_submit']
2016-02-09 15:53:12  ERROR [pages.ZapisatsaPage] : Error: Needed element was not foundBy.xpath: //h1[contains (text(),'Congratulations')]
2016-02-09 15:54:33   INFO [pages.ZapisatsaPage] : Page is opened
2016-02-09 15:54:33   INFO [pages.ZapisatsaPage] : Value NEW_test_site set 
2016-02-09 15:54:34   INFO [pages.ZapisatsaPage] : Value qwerty11122@wimsg.com set 
2016-02-09 15:54:34   INFO [pages.ZapisatsaPage] : Austria was inputed and selected from DropDovn list
2016-02-09 15:54:34   INFO [pages.ZapisatsaPage] : Value 99999 set 
2016-02-09 15:54:34   INFO [pages.ZapisatsaPage] : Click buttonBy.xpath: .//*[@id='olgs_submit']
2016-02-09 15:54:45  ERROR [pages.ZapisatsaPage] : Error: Needed element was not foundBy.xpath: //h1[contains (text(),'Congratulations')]
2016-02-09 15:55:56   INFO [pages.ZapisatsaPage] : Page is opened
2016-02-09 15:55:57   INFO [pages.ZapisatsaPage] : Value NEW_test_site set 
2016-02-09 15:55:57   INFO [pages.ZapisatsaPage] : Value qwerty1112277@wimsg.com set 
2016-02-09 15:55:57   INFO [pages.ZapisatsaPage] : Austria was inputed and selected from DropDovn list
2016-02-09 15:55:58   INFO [pages.ZapisatsaPage] : Value 9999999 set 
2016-02-09 15:55:58   INFO [pages.ZapisatsaPage] : Click buttonBy.xpath: .//*[@id='olgs_submit']
2016-02-09 15:56:20  ERROR [pages.ZapisatsaPage] : Error: Needed element was not foundBy.xpath: //h1[contains (text(),'Congratulations')]
2016-02-09 16:01:40   INFO [pages.ZapisatsaPage] : Page is opened
2016-02-09 16:01:40   INFO [pages.ZapisatsaPage] : Value NEW_test_site set 
2016-02-09 16:01:41   INFO [pages.ZapisatsaPage] : Value q2@wimsg.com set 
2016-02-09 16:01:41   INFO [pages.ZapisatsaPage] : Austria was inputed and selected from DropDovn list
2016-02-09 16:01:41   INFO [pages.ZapisatsaPage] : Value 9999999 set 
2016-02-09 16:01:41   INFO [pages.ZapisatsaPage] : Click buttonBy.xpath: .//*[@id='olgs_submit']
2016-02-09 16:02:05  ERROR [pages.ZapisatsaPage] : Error: Needed element was not foundBy.xpath: .//h1[contains (text(), 'Congratulations')]
2016-02-09 16:43:21   INFO [pages.ZapisatsaPage] : Page is opened
2016-02-09 16:43:22   INFO [pages.ZapisatsaPage] : Value NEW_test_site set 
2016-02-09 16:43:22   INFO [pages.ZapisatsaPage] : Value q3@wimsg.com set 
2016-02-09 16:43:22   INFO [pages.ZapisatsaPage] : Austria was inputed and selected from DropDovn list
2016-02-09 16:43:23   INFO [pages.ZapisatsaPage] : Value 9999999 set 
2016-02-09 16:43:23   INFO [pages.ZapisatsaPage] : Click buttonBy.xpath: .//*[@id='olgs_submit']
2016-02-09 16:43:50  ERROR [pages.ZapisatsaPage] : Error: Needed element was not foundBy.xpath: .//button[text()='Activate your account']
2016-02-09 17:57:52   INFO [pages.ZapisatsaPage] : Page is opened
2016-02-09 17:57:52   INFO [pages.ZapisatsaPage] : Value NEW_test_site set 
2016-02-09 17:57:53   INFO [pages.ZapisatsaPage] : Value q4@wimsg.com set 
2016-02-09 17:57:53   INFO [pages.ZapisatsaPage] : Austria was inputed and selected from DropDovn list
2016-02-09 17:57:53   INFO [pages.ZapisatsaPage] : Value 9999999 set 
2016-02-09 17:57:53   INFO [pages.ZapisatsaPage] : Click buttonBy.xpath: .//*[@id='olgs_submit']
2016-02-09 17:58:15  ERROR [pages.ZapisatsaPage] : Error: Needed element was not foundBy.xpath: .//button[text()='Activate your account']
2016-02-09 18:00:04   INFO [pages.ZapisatsaPage] : Page is opened
2016-02-09 18:00:04   INFO [pages.ZapisatsaPage] : Value NEW_test_site set 
2016-02-09 18:00:05   INFO [pages.ZapisatsaPage] : Value q5@wimsg.com set 
2016-02-09 18:00:05   INFO [pages.ZapisatsaPage] : Austria was inputed and selected from DropDovn list
2016-02-09 18:00:05   INFO [pages.ZapisatsaPage] : Value 9999999 set 
2016-02-09 18:00:05   INFO [pages.ZapisatsaPage] : Click buttonBy.xpath: .//*[@id='olgs_submit']
2016-02-09 18:00:29  ERROR [pages.ZapisatsaPage] : Error: Needed element was not foundBy.xpath: .//button[text()='Activate your account']
2016-02-09 18:04:26   INFO [pages.ZapisatsaPage] : Page is opened
2016-02-09 18:04:26   INFO [pages.ZapisatsaPage] : Value NEW_test_site set 
2016-02-09 18:04:27   INFO [pages.ZapisatsaPage] : Value q5@wimsg.com set 
2016-02-09 18:04:27   INFO [pages.ZapisatsaPage] : Austria was inputed and selected from DropDovn list
2016-02-09 18:04:27   INFO [pages.ZapisatsaPage] : Value 9999999 set 
2016-02-09 18:04:27   INFO [pages.ZapisatsaPage] : Click buttonBy.xpath: .//*[@id='olgs_submit']
2016-02-09 18:04:44  ERROR [pages.ZapisatsaPage] : Error: Needed element was not foundBy.xpath: .//button[text()='Activate your account']
2016-05-09 09:42:48   INFO [pages.ZapisatsaPage] : Page is opened
2016-05-09 09:42:48   INFO [pages.ZapisatsaPage] : Value NEW_test_site set 
2016-05-09 09:42:49   INFO [pages.ZapisatsaPage] : Value q5@wimsg.com set 
2016-05-09 09:42:49   INFO [pages.ZapisatsaPage] : Austria was inputed and selected from DropDovn list
2016-05-09 09:42:49   INFO [pages.ZapisatsaPage] : Value 9999999 set 
2016-05-09 09:42:49   INFO [pages.ZapisatsaPage] : Click buttonBy.xpath: .//*[@id='olgs_submit']
2016-05-09 09:43:03  ERROR [pages.ZapisatsaPage] : Error: Needed element was not foundBy.xpath: .//button[text()='Activate your account']
2016-05-09 09:50:47   INFO [pages.ZapisatsaPage] : Page is opened
2016-05-09 09:50:48   INFO [pages.ZapisatsaPage] : Value NEW_test_site set 
2016-05-09 09:50:48   INFO [pages.ZapisatsaPage] : Value q6@wimsg.com set 
2016-05-09 09:50:48   INFO [pages.ZapisatsaPage] : Austria was inputed and selected from DropDovn list
2016-05-09 09:50:48   INFO [pages.ZapisatsaPage] : Value 9999999 set 
2016-05-09 09:50:49   INFO [pages.ZapisatsaPage] : Click buttonBy.xpath: .//*[@id='olgs_submit']
2016-05-09 09:50:53   INFO [pages.ZapisatsaPage] : Needed element was found By.xpath: .//*[@class='trading_room']
2016-05-09 10:10:07   INFO [pages.ZapisatsaPage] : Page is opened
2016-05-09 10:10:07   INFO [pages.ZapisatsaPage] : Value NEW_test_site set 
2016-05-09 10:10:08   INFO [pages.ZapisatsaPage] : Value q6@wimsg.com set 
2016-05-09 10:10:08   INFO [pages.ZapisatsaPage] : Austria was inputed and selected from DropDovn list
2016-05-09 10:10:08   INFO [pages.ZapisatsaPage] : Value 9999999 set 
2016-05-09 10:10:08   INFO [pages.ZapisatsaPage] : Click buttonBy.xpath: .//*[@id='olgs_submit']
2016-05-09 10:10:23  ERROR [pages.ZapisatsaPage] : Error: Needed element was not foundBy.xpath: //button[text()='Activate your account']
2016-05-09 10:10:57   INFO [pages.ZapisatsaPage] : Page is opened
2016-05-09 10:10:57   INFO [pages.ZapisatsaPage] : Value NEW_test_site set 
2016-05-09 10:10:58   INFO [pages.ZapisatsaPage] : Value q7@wimsg.com set 
2016-05-09 10:10:58   INFO [pages.ZapisatsaPage] : Austria was inputed and selected from DropDovn list
2016-05-09 10:10:58   INFO [pages.ZapisatsaPage] : Value 9999999 set 
2016-05-09 10:10:58   INFO [pages.ZapisatsaPage] : Click buttonBy.xpath: .//*[@id='olgs_submit']
2016-05-09 10:11:07   INFO [pages.ZapisatsaPage] : Needed element was found By.xpath: //button[text()='Activate your account']
2016-05-09 10:11:34   INFO [pages.ZapisatsaPage] : Page is opened
2016-05-09 10:11:34   INFO [pages.ZapisatsaPage] : Value NEW_test_site set 
2016-05-09 10:11:35   INFO [pages.ZapisatsaPage] : Value q7@wimsg.com set 
2016-05-09 10:11:35   INFO [pages.ZapisatsaPage] : Austria was inputed and selected from DropDovn list
2016-05-09 10:11:35   INFO [pages.ZapisatsaPage] : Value 9999999 set 
2016-05-09 10:11:35   INFO [pages.ZapisatsaPage] : Click buttonBy.xpath: .//*[@id='olgs_submit']
2016-05-09 10:11:48  ERROR [pages.ZapisatsaPage] : Error: Needed element was not foundBy.xpath: //button[text()='Activate your account']
2016-05-09 10:12:14   INFO [pages.ZapisatsaPage] : Page is opened
2016-05-09 10:12:14   INFO [pages.ZapisatsaPage] : Value NEW_test_site set 
2016-05-09 10:12:15   INFO [pages.ZapisatsaPage] : Value q8@wimsg.com set 
2016-05-09 10:12:15   INFO [pages.ZapisatsaPage] : Austria was inputed and selected from DropDovn list
2016-05-09 10:12:15   INFO [pages.ZapisatsaPage] : Value 9999999 set 
2016-05-09 10:12:15   INFO [pages.ZapisatsaPage] : Click buttonBy.xpath: .//*[@id='olgs_submit']
2016-05-09 10:12:24   INFO [pages.ZapisatsaPage] : Needed element was found By.xpath: //button[text()='Activate your account']
2016-05-09 10:16:01   INFO [pages.ZapisatsaPage] : Page is opened
2016-05-09 10:16:02   INFO [pages.ZapisatsaPage] : Value NEW_test_site set 
2016-05-09 10:16:02   INFO [pages.ZapisatsaPage] : Value q8@wimsg.com set 
2016-05-09 10:16:02   INFO [pages.ZapisatsaPage] : Austria was inputed and selected from DropDovn list
2016-05-09 10:16:03   INFO [pages.ZapisatsaPage] : Value 9999999 set 
2016-05-09 10:16:03   INFO [pages.ZapisatsaPage] : Click buttonBy.xpath: .//*[@id='olgs_submit']
2016-05-09 10:16:17  ERROR [pages.ZapisatsaPage] : Error: Needed element was not foundBy.xpath: //button[text()='Activate your account']
2016-05-09 13:00:24   INFO [pages.ZapisatsaPage] : Page is opened
2016-05-09 13:00:24   INFO [pages.ZapisatsaPage] : Value NEW_test_site set 
2016-05-09 13:00:25   INFO [pages.ZapisatsaPage] : Value q8@wimsg.com set 
2016-05-09 13:00:25   INFO [pages.ZapisatsaPage] : Austria was inputed and selected from DropDovn list
2016-05-09 13:00:25   INFO [pages.ZapisatsaPage] : Value 9999999 set 
2016-05-09 13:00:25   INFO [pages.ZapisatsaPage] : Click buttonBy.xpath: .//*[@id='olgs_submit']
2016-05-09 13:00:39  ERROR [pages.ZapisatsaPage] : Error: Needed element was not foundBy.xpath: //button[text()='Activate your account']
2016-05-09 13:01:16   INFO [pages.ZapisatsaPage] : Page is opened
2016-05-09 13:01:16   INFO [pages.ZapisatsaPage] : Value NEW_test_site set 
2016-05-09 13:01:17   INFO [pages.ZapisatsaPage] : Value q8@wimsg.com set 
2016-05-09 13:01:17   INFO [pages.ZapisatsaPage] : Austria was inputed and selected from DropDovn list
2016-05-09 13:01:17   INFO [pages.ZapisatsaPage] : Value 9999999 set 
2016-05-09 13:01:17   INFO [pages.ZapisatsaPage] : Click buttonBy.xpath: .//*[@id='olgs_submit']
2016-05-09 13:01:34  ERROR [pages.ZapisatsaPage] : Error: Needed element was not foundBy.xpath: //button[text()='Activate your account']
2016-05-09 13:02:06   INFO [pages.ZapisatsaPage] : Page is opened
2016-05-09 13:02:06   INFO [pages.ZapisatsaPage] : Value NEW_test_site set 
2016-05-09 13:02:06   INFO [pages.ZapisatsaPage] : Value q9@wimsg.com set 
2016-05-09 13:02:07   INFO [pages.ZapisatsaPage] : Austria was inputed and selected from DropDovn list
2016-05-09 13:02:07   INFO [pages.ZapisatsaPage] : Value 9999999 set 
2016-05-09 13:02:07   INFO [pages.ZapisatsaPage] : Click buttonBy.xpath: .//*[@id='olgs_submit']
2016-05-09 13:02:16   INFO [pages.ZapisatsaPage] : Needed element was found By.xpath: //button[text()='Activate your account']
2016-05-09 13:14:44   INFO [pages.ZapisatsaPage] : Page is opened
2016-05-09 13:14:44   INFO [pages.ZapisatsaPage] : Value NEW_test_site set 
2016-05-09 13:14:45   INFO [pages.ZapisatsaPage] : Value q9@wimsg.com set 
2016-05-09 13:14:45   INFO [pages.ZapisatsaPage] : Austria was inputed and selected from DropDovn list
2016-05-09 13:14:45   INFO [pages.ZapisatsaPage] : Value 9999999 set 
2016-05-09 13:14:45   INFO [pages.ZapisatsaPage] : Click buttonBy.xpath: .//*[@id='olgs_submit']
2016-05-09 13:14:59  ERROR [pages.ZapisatsaPage] : Error: Needed element was not foundBy.xpath: //button[text()='Activate your account']
2016-05-09 13:16:16   INFO [pages.ZapisatsaPage] : Page is opened
2016-05-09 13:16:17   INFO [pages.ZapisatsaPage] : Value NEW_test_site set 
2016-05-09 13:16:17   INFO [pages.ZapisatsaPage] : Value q9@wimsg.com set 
2016-05-09 13:16:17   INFO [pages.ZapisatsaPage] : Austria was inputed and selected from DropDovn list
2016-05-09 13:16:17   INFO [pages.ZapisatsaPage] : Value 9999999 set 
2016-05-09 13:16:18   INFO [pages.ZapisatsaPage] : Click buttonBy.xpath: .//*[@id='olgs_submit']
2016-05-09 13:16:23  ERROR [pages.ZapisatsaPage] : Error: Needed element was not foundBy.xpath: //button[text()='Activate your account']
2016-05-09 13:36:57   INFO [pages.ZapisatsaPage] : Page is opened
2016-05-09 13:36:57   INFO [pages.ZapisatsaPage] : Value NEW_test_site set 
2016-05-09 13:36:58   INFO [pages.ZapisatsaPage] : Value q10@wimsg.com set 
2016-05-09 13:36:58   INFO [pages.ZapisatsaPage] : Austria was inputed and selected from DropDovn list
2016-05-09 13:36:58   INFO [pages.ZapisatsaPage] : Value 9999999 set 
2016-05-09 13:36:58   INFO [pages.ZapisatsaPage] : Click buttonBy.xpath: .//*[@id='olgs_submit']
2016-05-09 13:37:07   INFO [pages.ZapisatsaPage] : Needed element was found By.xpath: //button[text()='Activate your account']
2016-05-09 15:43:51   INFO [pages.ZapisatsaPage] : Page is opened
2016-05-09 15:43:51   INFO [pages.ZapisatsaPage] : Value NEW_test_site set 
2016-05-09 15:43:52   INFO [pages.ZapisatsaPage] : Value q10@wimsg.com set 
2016-05-09 15:43:52   INFO [pages.ZapisatsaPage] : Austria was inputed and selected from DropDovn list
2016-05-09 15:43:52   INFO [pages.ZapisatsaPage] : Value 9999999 set 
2016-05-09 15:43:52   INFO [pages.ZapisatsaPage] : Click buttonBy.xpath: .//*[@id='olgs_submit']
2016-05-09 15:44:06  ERROR [pages.ZapisatsaPage] : Error: Needed element was not foundBy.xpath: //button[text()='Activate your account']
2016-05-09 15:44:49   INFO [pages.ZapisatsaPage] : Page is opened
2016-05-09 15:44:49   INFO [pages.ZapisatsaPage] : Value NEW_test_site set 
2016-05-09 15:44:50   INFO [pages.ZapisatsaPage] : Value testsite11@wimsg.com set 
2016-05-09 15:44:50   INFO [pages.ZapisatsaPage] : Austria was inputed and selected from DropDovn list
2016-05-09 15:44:50   INFO [pages.ZapisatsaPage] : Value 9999999 set 
2016-05-09 15:44:50   INFO [pages.ZapisatsaPage] : Click buttonBy.xpath: .//*[@id='olgs_submit']
2016-05-09 15:44:59   INFO [pages.ZapisatsaPage] : Needed element was found By.xpath: //button[text()='Activate your account']
2016-05-09 15:50:30   INFO [pages.ZapisatsaPage] : Page is opened
2016-05-09 15:50:31   INFO [pages.ZapisatsaPage] : Value NEW_test_site set 
2016-05-09 15:50:31   INFO [pages.ZapisatsaPage] : Value testsite11@wimsg.com set 
2016-05-09 15:50:31   INFO [pages.ZapisatsaPage] : Austria was inputed and selected from DropDovn list
2016-05-09 15:50:32   INFO [pages.ZapisatsaPage] : Value 9999999 set 
2016-05-09 15:50:32   INFO [pages.ZapisatsaPage] : Click buttonBy.xpath: .//*[@id='olgs_submit']
2016-05-09 15:50:46  ERROR [pages.ZapisatsaPage] : Error: Needed element was not foundBy.xpath: //*[@class='btn_big']
2016-05-09 15:51:21   INFO [pages.ZapisatsaPage] : Page is opened
2016-05-09 15:51:22   INFO [pages.ZapisatsaPage] : Value NEW_test_site set 
2016-05-09 15:51:22   INFO [pages.ZapisatsaPage] : Value testsite12@wimsg.com set 
2016-05-09 15:51:23   INFO [pages.ZapisatsaPage] : Austria was inputed and selected from DropDovn list
2016-05-09 15:51:23   INFO [pages.ZapisatsaPage] : Value 9999999 set 
2016-05-09 15:51:23   INFO [pages.ZapisatsaPage] : Click buttonBy.xpath: .//*[@id='olgs_submit']
2016-05-09 15:51:32   INFO [pages.ZapisatsaPage] : Needed element was found By.xpath: //*[@class='btn_big']
2016-05-09 18:06:02   INFO [pages.ZapisatsaPage] : Page is opened
2016-05-09 18:06:02   INFO [pages.ZapisatsaPage] : Value NEW_test_site set 
2016-05-09 18:06:02   INFO [pages.ZapisatsaPage] : Value testsite12@wimsg.com set 
2016-05-09 18:06:03   INFO [pages.ZapisatsaPage] : Austria was inputed and selected from DropDovn list
2016-05-09 18:06:03   INFO [pages.ZapisatsaPage] : Value 9999999 set 
2016-05-09 18:06:03   INFO [pages.ZapisatsaPage] : Click buttonBy.xpath: .//*[@id='olgs_submit']
2016-05-09 18:06:18  ERROR [pages.ZapisatsaPage] : Error: Needed element was not foundBy.xpath: //*[@class='btn_big']
2016-06-09 09:35:54   INFO [pages.ZapisatsaPage] : Page is opened
2016-06-09 09:35:55   INFO [pages.ZapisatsaPage] : Value NEW_test_site set 
2016-06-09 09:35:55   INFO [pages.ZapisatsaPage] : Value testsite14@wimsg.com set 
2016-06-09 09:35:56   INFO [pages.ZapisatsaPage] : Austria was inputed and selected from DropDovn list
2016-06-09 09:35:56   INFO [pages.ZapisatsaPage] : Value 9999999 set 
2016-06-09 09:35:56   INFO [pages.ZapisatsaPage] : Click buttonBy.xpath: .//*[@id='olgs_submit']
2016-06-09 09:36:11   INFO [pages.ZapisatsaPage] : Needed element was found By.xpath: //*[@class='btn_big']
2016-06-09 13:00:54   INFO [pages.ZapisatsaPage] : Page is opened
2016-06-09 13:00:54   INFO [pages.ZapisatsaPage] : Value NEW_test_site set 
2016-06-09 13:00:55   INFO [pages.ZapisatsaPage] : Value testsite14@wimsg.com set 
2016-06-09 13:00:55   INFO [pages.ZapisatsaPage] : Austria was inputed and selected from DropDovn list
2016-06-09 13:00:55   INFO [pages.ZapisatsaPage] : Value 9999999 set 
2016-06-09 13:00:55   INFO [pages.ZapisatsaPage] : Click buttonBy.xpath: .//*[@id='olgs_submit']
2016-06-09 13:01:08  ERROR [pages.ZapisatsaPage] : Error: Needed element was not foundBy.xpath: //*[@class='btn_big']
2016-06-09 13:01:36   INFO [pages.ZapisatsaPage] : Page is opened
2016-06-09 13:01:36   INFO [pages.ZapisatsaPage] : Value NEW_test_site set 
2016-06-09 13:01:37   INFO [pages.ZapisatsaPage] : Value testsite15@wimsg.com set 
2016-06-09 13:01:37   INFO [pages.ZapisatsaPage] : Austria was inputed and selected from DropDovn list
2016-06-09 13:01:37   INFO [pages.ZapisatsaPage] : Value 9999999 set 
2016-06-09 13:01:37   INFO [pages.ZapisatsaPage] : Click buttonBy.xpath: .//*[@id='olgs_submit']
2016-06-09 13:01:46   INFO [pages.ZapisatsaPage] : Needed element was found By.xpath: //*[@class='btn_big']
2016-06-09 13:31:38   INFO [pages.ZapisatsaPage] : Page is opened
2016-06-09 13:31:38   INFO [pages.ZapisatsaPage] : Value NEW_test_site set 
2016-06-09 13:31:39   INFO [pages.ZapisatsaPage] : Value testsite16@wimsg.com set 
2016-06-09 13:31:39   INFO [pages.ZapisatsaPage] : Austria was inputed and selected from DropDovn list
2016-06-09 13:31:39   INFO [pages.ZapisatsaPage] : Value 9999999 set 
2016-06-09 13:31:39   INFO [pages.ZapisatsaPage] : Click buttonBy.xpath: .//*[@id='olgs_submit']
2016-06-09 13:31:49   INFO [pages.ZapisatsaPage] : Needed element was found By.xpath: //*[@class='btn_big']
2016-06-09 13:31:50   INFO [pages.ZapisatsaPage] : Browser was closed
2016-06-09 13:31:50   INFO [pages.ZapisatsaPage] : Page is closed
2016-06-09 13:32:54   INFO [pages.ZapisatsaPage] : Page is opened
2016-06-09 13:32:54   INFO [pages.ZapisatsaPage] : Value NEW_test_site set 
2016-06-09 13:32:55   INFO [pages.ZapisatsaPage] : Value testsite17@wimsg.com set 
2016-06-09 13:32:55   INFO [pages.ZapisatsaPage] : Austria was inputed and selected from DropDovn list
2016-06-09 13:32:55   INFO [pages.ZapisatsaPage] : Value 9999999 set 
2016-06-09 13:32:55   INFO [pages.ZapisatsaPage] : Click buttonBy.xpath: .//*[@id='olgs_submit']
2016-06-09 13:33:04   INFO [pages.ZapisatsaPage] : Needed element was found By.xpath: //*[@class='btn_big']
2016-06-09 13:33:04   INFO [pages.ZapisatsaPage] : Browser was closed
2016-06-09 13:33:04   INFO [pages.ZapisatsaPage] : Page is closed
2016-07-09 13:49:31   INFO [pages.ZapisatsaPage] : Page is opened
2016-07-09 13:49:32   INFO [pages.ZapisatsaPage] : Value NEW_test_site set 
2016-07-09 13:49:33   INFO [pages.ZapisatsaPage] : Value testsite20@wimsg.com set 
2016-07-09 13:49:33   INFO [pages.ZapisatsaPage] : Austria was inputed and selected from DropDovn list
2016-07-09 13:49:33   INFO [pages.ZapisatsaPage] : Value 9999999 set 
2016-07-09 13:49:33   INFO [pages.ZapisatsaPage] : Click buttonBy.xpath: .//*[@id='olgs_submit']
2016-07-09 13:49:42   INFO [pages.ZapisatsaPage] : Needed element was found By.xpath: //*[@class='btn_big']
2016-07-09 13:49:43   INFO [pages.ZapisatsaPage] : Browser was closed
2016-07-09 13:49:43   INFO [pages.ZapisatsaPage] : Page is closed
2016-07-09 13:57:10   INFO [pages.ZapisatsaPage] : Page is opened
2016-07-09 13:57:10   INFO [pages.ZapisatsaPage] : Value NEW_test_site set 
2016-07-09 13:57:11   INFO [pages.ZapisatsaPage] : Value testsite20@wimsg.com set 
2016-07-09 13:57:11   INFO [pages.ZapisatsaPage] : Austria was inputed and selected from DropDovn list
2016-07-09 13:57:11   INFO [pages.ZapisatsaPage] : Value 9999999 set 
2016-07-09 13:57:12   INFO [pages.ZapisatsaPage] : Click buttonBy.xpath: .//*[@id='olgs_submit']
2016-07-09 13:57:26  ERROR [pages.ZapisatsaPage] : Error: Needed element was not foundBy.xpath: //*[@class='btn_big']
2016-07-09 13:57:58  ERROR [pages.ZapisatsaPage] : Error:org.openqa.selenium.remote.UnreachableBrowserException: Error communicating with the remote browser. It may have died.
Build info: version: '2.53.0', revision: '35ae25b', time: '2016-03-15 17:00:58'
System info: host: 'DEV2-PC-8129', ip: '192.168.8.129', os.name: 'Windows 10', os.arch: 'amd64', os.version: '10.0', java.version: '1.8.0_91'
Driver info: driver.version: RemoteWebDriver
Capabilities [{applicationCacheEnabled=true, rotatable=false, handlesAlerts=true, databaseEnabled=true, version=43.0.1, platform=WINDOWS, nativeEvents=false, acceptSslCerts=true, webStorageEnabled=true, locationContextEnabled=true, browserName=firefox, takesScreenshot=true, javascriptEnabled=true, cssSelectorsEnabled=true}]
Session ID: fde66d69-e0f7-40b9-ab50-6c1a0fe2dfb1
2016-07-09 13:57:59  ERROR [pages.ZapisatsaPage] : Error: inputTextToField catch org.openqa.selenium.remote.UnreachableBrowserException: Error communicating with the remote browser. It may have died.
Build info: version: '2.53.0', revision: '35ae25b', time: '2016-03-15 17:00:58'
System info: host: 'DEV2-PC-8129', ip: '192.168.8.129', os.name: 'Windows 10', os.arch: 'amd64', os.version: '10.0', java.version: '1.8.0_91'
Driver info: driver.version: RemoteWebDriver
Capabilities [{applicationCacheEnabled=true, rotatable=false, handlesAlerts=true, databaseEnabled=true, version=43.0.1, platform=WINDOWS, nativeEvents=false, acceptSslCerts=true, webStorageEnabled=true, locationContextEnabled=true, browserName=firefox, takesScreenshot=true, javascriptEnabled=true, cssSelectorsEnabled=true}]
Session ID: fde66d69-e0f7-40b9-ab50-6c1a0fe2dfb1
2016-07-09 13:58:00  ERROR [pages.ZapisatsaPage] : Error: inputTextToField catch org.openqa.selenium.remote.UnreachableBrowserException: Error communicating with the remote browser. It may have died.
Build info: version: '2.53.0', revision: '35ae25b', time: '2016-03-15 17:00:58'
System info: host: 'DEV2-PC-8129', ip: '192.168.8.129', os.name: 'Windows 10', os.arch: 'amd64', os.version: '10.0', java.version: '1.8.0_91'
Driver info: driver.version: RemoteWebDriver
Capabilities [{applicationCacheEnabled=true, rotatable=false, handlesAlerts=true, databaseEnabled=true, version=43.0.1, platform=WINDOWS, nativeEvents=false, acceptSslCerts=true, webStorageEnabled=true, locationContextEnabled=true, browserName=firefox, takesScreenshot=true, javascriptEnabled=true, cssSelectorsEnabled=true}]
Session ID: fde66d69-e0f7-40b9-ab50-6c1a0fe2dfb1
2016-07-09 13:58:01  ERROR [pages.ZapisatsaPage] : Error: value Austria was not inputted and selected from DropDown list
2016-07-09 13:58:02  ERROR [pages.ZapisatsaPage] : Error: inputTextToField catch org.openqa.selenium.remote.UnreachableBrowserException: Error communicating with the remote browser. It may have died.
Build info: version: '2.53.0', revision: '35ae25b', time: '2016-03-15 17:00:58'
System info: host: 'DEV2-PC-8129', ip: '192.168.8.129', os.name: 'Windows 10', os.arch: 'amd64', os.version: '10.0', java.version: '1.8.0_91'
Driver info: driver.version: RemoteWebDriver
Capabilities [{applicationCacheEnabled=true, rotatable=false, handlesAlerts=true, databaseEnabled=true, version=43.0.1, platform=WINDOWS, nativeEvents=false, acceptSslCerts=true, webStorageEnabled=true, locationContextEnabled=true, browserName=firefox, takesScreenshot=true, javascriptEnabled=true, cssSelectorsEnabled=true}]
Session ID: fde66d69-e0f7-40b9-ab50-6c1a0fe2dfb1
2016-07-09 13:58:03  ERROR [pages.ZapisatsaPage] : Error: clickButton catch org.openqa.selenium.remote.UnreachableBrowserException: Error communicating with the remote browser. It may have died.
Build info: version: '2.53.0', revision: '35ae25b', time: '2016-03-15 17:00:58'
System info: host: 'DEV2-PC-8129', ip: '192.168.8.129', os.name: 'Windows 10', os.arch: 'amd64', os.version: '10.0', java.version: '1.8.0_91'
Driver info: driver.version: RemoteWebDriver
Capabilities [{applicationCacheEnabled=true, rotatable=false, handlesAlerts=true, databaseEnabled=true, version=43.0.1, platform=WINDOWS, nativeEvents=false, acceptSslCerts=true, webStorageEnabled=true, locationContextEnabled=true, browserName=firefox, takesScreenshot=true, javascriptEnabled=true, cssSelectorsEnabled=true}]
Session ID: fde66d69-e0f7-40b9-ab50-6c1a0fe2dfb1
2016-07-09 13:59:11   INFO [pages.ZapisatsaPage] : Page is opened
2016-07-09 13:59:12   INFO [pages.ZapisatsaPage] : Value NEW_test_site set 
2016-07-09 13:59:12   INFO [pages.ZapisatsaPage] : Value testsite20@wimsg.com set 
2016-07-09 13:59:12   INFO [pages.ZapisatsaPage] : Austria was inputed and selected from DropDovn list
2016-07-09 13:59:13   INFO [pages.ZapisatsaPage] : Value 9999999 set 
2016-07-09 13:59:13   INFO [pages.ZapisatsaPage] : Click buttonBy.xpath: .//*[@id='olgs_submit']
2016-07-09 13:59:25  ERROR [pages.ZapisatsaPage] : Error: Needed element was not foundBy.xpath: //*[@class='btn_big']
2016-20-09 12:51:26   INFO [pages.ZapisatsaPage] : Page is opened
2016-20-09 12:51:26   INFO [pages.ZapisatsaPage] : Value NEW_test_site set 
2016-20-09 12:51:26   INFO [pages.ZapisatsaPage] : Value testsite20@wimsg.com set 
2016-20-09 12:51:27   INFO [pages.ZapisatsaPage] : Austria was inputed and selected from DropDovn list
2016-20-09 12:51:27   INFO [pages.ZapisatsaPage] : Value 9999999 set 
2016-20-09 12:51:27   INFO [pages.ZapisatsaPage] : Click buttonBy.xpath: .//*[@id='olgs_submit']
2016-20-09 12:51:40  ERROR [pages.ZapisatsaPage] : Error: Needed element was not foundBy.xpath: //*[@class='btn_big']
2016-20-09 13:13:12   INFO [pages.ZapisatsaPage] : Page is opened
2016-20-09 13:13:12   INFO [pages.ZapisatsaPage] : Value NEW_test_site set 
2016-20-09 13:13:13   INFO [pages.ZapisatsaPage] : Value testsite20@wimsg.com set 
2016-20-09 13:13:13   INFO [pages.ZapisatsaPage] : Austria was inputed and selected from DropDovn list
2016-20-09 13:13:13   INFO [pages.ZapisatsaPage] : Value 9999999 set 
2016-20-09 13:13:13   INFO [pages.ZapisatsaPage] : Click buttonBy.xpath: .//*[@id='olgs_submit']
2016-20-09 13:13:27  ERROR [pages.ZapisatsaPage] : Error: Needed element was not foundBy.xpath: //*[@class='btn_big']
2016-20-09 13:16:04   INFO [pages.ZapisatsaPage] : Page is opened
2016-20-09 13:16:06   INFO [pages.ZapisatsaPage] : Text field is cleared
2016-20-09 13:16:06   INFO [pages.ZapisatsaPage] : Value Test_lead_lp is set 
2016-20-09 13:16:06   INFO [pages.ZapisatsaPage] : Phone is generated
2016-20-09 13:16:06   INFO [pages.ZapisatsaPage] : Value 9520403 is set 
2016-20-09 13:16:06   INFO [pages.ZapisatsaPage] : Email is generated
2016-20-09 13:16:06   INFO [pages.ZapisatsaPage] : Value random-c22035de-d039-48aa-8c87-a873982d1c30@test.qa is set 
2016-20-09 13:16:14   INFO [pages.ZapisatsaPage] : Click buttonBy.xpath: .//*[@id='olgs_submit']
2016-20-09 13:16:18   INFO [pages.ZapisatsaPage] : Needed element is found By.xpath: //*[@class='btn_big']
2016-20-09 13:16:18   INFO [pages.ZapisatsaPage] : Browser is closed
2016-20-09 13:18:38   INFO [pages.ZapisatsaPage] : Page is opened
2016-20-09 13:18:38   INFO [pages.ZapisatsaPage] : Text field is cleared
2016-20-09 13:18:38   INFO [pages.ZapisatsaPage] : Value Test_lead_lp is set 
2016-20-09 13:18:38   INFO [pages.ZapisatsaPage] : Phone is generated
2016-20-09 13:18:38   INFO [pages.ZapisatsaPage] : Value 2466987 is set 
2016-20-09 13:18:38   INFO [pages.ZapisatsaPage] : Email is generated
2016-20-09 13:18:38   INFO [pages.ZapisatsaPage] : Value random-2ba91293-764e-4f06-ae89-10816bce0f25@test.qa is set 
2016-20-09 13:18:38   INFO [pages.ZapisatsaPage] : Click buttonBy.xpath: .//*[@id='olgs_submit']
2016-20-09 13:18:48  ERROR [pages.ZapisatsaPage] : Error: Needed element is not found By.xpath: //*[@class='btn_big']
2016-20-09 13:51:59   INFO [pages.ZapisatsaPage] : Page is opened
2016-20-09 13:52:01   INFO [pages.ZapisatsaPage] : Text field is cleared
2016-20-09 13:52:02   INFO [pages.ZapisatsaPage] : Value Test_lead_lp is set 
2016-20-09 13:52:02   INFO [pages.ZapisatsaPage] : Phone is generated
2016-20-09 13:52:02   INFO [pages.ZapisatsaPage] : Value 6927474 is set 
2016-20-09 13:52:02   INFO [pages.ZapisatsaPage] : Email is generated
2016-20-09 13:52:02   INFO [pages.ZapisatsaPage] : Value random-3e829ab5-f195-4c42-844e-8c45d33df255@test.qa is set 
2016-20-09 13:52:02   INFO [pages.ZapisatsaPage] : Click buttonBy.xpath: .//*[@id='olgs_submit']
2016-20-09 13:52:13  ERROR [pages.ZapisatsaPage] : Error: Needed element is not found By.xpath: //*[@class='btn_big']
2016-20-09 14:07:54   INFO [pages.ZapisatsaPage] : Page is opened
2016-20-09 14:07:54   INFO [pages.ZapisatsaPage] : Text field is cleared
2016-20-09 14:07:54   INFO [pages.ZapisatsaPage] : Value Test_lead_lp is set 
2016-20-09 14:07:54   INFO [pages.ZapisatsaPage] : Phone is generated
2016-20-09 14:07:54   INFO [pages.ZapisatsaPage] : Value 4180104 is set 
2016-20-09 14:07:54   INFO [pages.ZapisatsaPage] : Email is generated
2016-20-09 14:07:54   INFO [pages.ZapisatsaPage] : Value random-924d11b2-6c23-4dcc-a00c-3f2098a2837b@test.qa is set 
2016-20-09 14:07:54   INFO [pages.ZapisatsaPage] : Click buttonBy.xpath: .//*[@id='olgs_submit']
2016-20-09 14:08:07  ERROR [pages.ZapisatsaPage] : Error: Needed element is not found By.xpath: //*[@class='btn_big']
2016-20-09 17:49:12   INFO [pages.ZapisatsaPage] : Page is opened
2016-20-09 17:49:15   INFO [pages.ZapisatsaPage] : Text field is cleared
2016-20-09 17:49:15   INFO [pages.ZapisatsaPage] : Value Test_lead_lp is set 
2016-20-09 17:49:15   INFO [pages.ZapisatsaPage] : Phone is generated
2016-20-09 17:49:15   INFO [pages.ZapisatsaPage] : Value 2676336 is set 
2016-20-09 17:49:15   INFO [pages.ZapisatsaPage] : Email is generated
2016-20-09 17:49:15   INFO [pages.ZapisatsaPage] : Value random-1b130cc6-07f3-413b-80a2-bdd0234f255f@test.qa is set 
2016-20-09 17:49:15   INFO [pages.ZapisatsaPage] : Click buttonBy.xpath: .//*[@id='olgs_submit']
2016-20-09 17:49:25   INFO [pages.ZapisatsaPage] : Needed element is found By.xpath: //*[@class='btn_big']
2016-20-09 17:49:27   INFO [pages.ZapisatsaPage] : Browser is closed
2016-20-09 17:50:01   INFO [pages.ZapisatsaPage] : Page is opened
2016-20-09 17:50:01   INFO [pages.ZapisatsaPage] : Text field is cleared
2016-20-09 17:50:02   INFO [pages.ZapisatsaPage] : Value Test_lead_lp is set 
2016-20-09 17:50:02   INFO [pages.ZapisatsaPage] : Phone is generated
2016-20-09 17:50:02   INFO [pages.ZapisatsaPage] : Value 7670178 is set 
2016-20-09 17:50:02   INFO [pages.ZapisatsaPage] : Email is generated
2016-20-09 17:50:02   INFO [pages.ZapisatsaPage] : Value random-52a9e97a-c4f3-42a2-afc8-201f57519401@test.qa is set 
2016-20-09 17:50:02   INFO [pages.ZapisatsaPage] : Click buttonBy.xpath: .//*[@id='olgs_submit']
2016-20-09 17:50:14   INFO [pages.ZapisatsaPage] : Needed element is found By.xpath: //*[@class='btn_big']
2016-20-09 17:50:15   INFO [pages.ZapisatsaPage] : Browser is closed
2016-20-09 18:11:34   INFO [pages.ZapisatsaPage] : Page is opened
2016-20-09 18:11:35   INFO [pages.ZapisatsaPage] : Text field is cleared
2016-20-09 18:11:35   INFO [pages.ZapisatsaPage] : Value Test_lead_lp is set 
2016-20-09 18:11:35   INFO [pages.ZapisatsaPage] : Phone is generated
2016-20-09 18:11:35   INFO [pages.ZapisatsaPage] : Value 2852498 is set 
2016-20-09 18:11:35   INFO [pages.ZapisatsaPage] : Email is generated
2016-20-09 18:11:35   INFO [pages.ZapisatsaPage] : Value random-e944538c-7bde-435a-b725-c99cf49af8f9@test.qa is set 
2016-20-09 18:11:35   INFO [pages.ZapisatsaPage] : Click buttonBy.xpath: .//*[@id='olgs_submit']
2016-20-09 18:11:47   INFO [pages.ZapisatsaPage] : Needed element is found By.xpath: //*[@class='btn_big']
2016-20-09 18:11:48   INFO [pages.ZapisatsaPage] : Browser is closed
2016-21-09 11:17:52   INFO [pages.ZapisatsaPage] : Page is opened
2016-21-09 11:17:54   INFO [pages.ZapisatsaPage] : Text field is cleared
2016-21-09 11:17:54   INFO [pages.ZapisatsaPage] : Value Test_lead_lp is set 
2016-21-09 11:17:54   INFO [pages.ZapisatsaPage] : Phone is generated
2016-21-09 11:17:54   INFO [pages.ZapisatsaPage] : Value 2624370 is set 
2016-21-09 11:17:54   INFO [pages.ZapisatsaPage] : Email is generated
2016-21-09 11:17:54   INFO [pages.ZapisatsaPage] : Value random-dd407c15-d565-4a0b-b12a-44dcdc9861d5@test.qa is set 
2016-21-09 11:17:54   INFO [pages.ZapisatsaPage] : Click buttonBy.xpath: .//*[@id='olgs_submit']
2016-21-09 11:18:05   INFO [pages.ZapisatsaPage] : Needed element is found By.xpath: //*[@class='btn_big']
2016-21-09 11:18:06   INFO [pages.ZapisatsaPage] : Browser is closed
2016-21-09 11:22:07   INFO [pages.ZapisatsaPage] : Page is opened
2016-21-09 11:22:09   INFO [pages.ZapisatsaPage] : Text field is cleared
2016-21-09 11:22:09   INFO [pages.ZapisatsaPage] : Value Test_lead_lp is set 
2016-21-09 11:22:09   INFO [pages.ZapisatsaPage] : Phone is generated
2016-21-09 11:22:09   INFO [pages.ZapisatsaPage] : Value 3854999 is set 
2016-21-09 11:22:09   INFO [pages.ZapisatsaPage] : Email is generated
2016-21-09 11:22:09   INFO [pages.ZapisatsaPage] : Value random-f738be3f-9f49-4628-b868-4f4c19279638@test.qa is set 
2016-21-09 11:22:09   INFO [pages.ZapisatsaPage] : Click buttonBy.xpath: .//*[@id='olgs_submit']
2016-21-09 11:22:24   INFO [pages.ZapisatsaPage] : Needed element is found By.xpath: //*[@class='btn_big']
2016-21-09 11:22:26   INFO [pages.ZapisatsaPage] : Browser is closed
2016-26-09 09:53:51   INFO [pages.ZapisatsaPage] : Page is opened
2016-26-09 09:53:53   INFO [pages.ZapisatsaPage] : Text field is cleared
2016-26-09 09:53:53   INFO [pages.ZapisatsaPage] : Value Test_lead_lp is set 
2016-26-09 09:53:53   INFO [pages.ZapisatsaPage] : Phone is generated
2016-26-09 09:53:53   INFO [pages.ZapisatsaPage] : Value 507585 is set 
2016-26-09 09:53:53   INFO [pages.ZapisatsaPage] : Email is generated
2016-26-09 09:53:53   INFO [pages.ZapisatsaPage] : Value random3e94eb45-63c1-4a19-8ec7-1c5cf4505b6f@test.qa is set 
2016-26-09 09:53:53   INFO [pages.ZapisatsaPage] : Click buttonBy.xpath: .//*[@id='olgs_submit']
2016-26-09 09:54:04  ERROR [pages.ZapisatsaPage] : Error: Needed element is not found By.xpath: //*[@class='btn_big']
2016-26-09 09:54:28   INFO [pages.ZapisatsaPage] : Page is opened
2016-26-09 09:54:30   INFO [pages.ZapisatsaPage] : Text field is cleared
2016-26-09 09:54:30   INFO [pages.ZapisatsaPage] : Value Test_lead_lp is set 
2016-26-09 09:54:30   INFO [pages.ZapisatsaPage] : Phone is generated
2016-26-09 09:54:30   INFO [pages.ZapisatsaPage] : Value 6703059 is set 
2016-26-09 09:54:30   INFO [pages.ZapisatsaPage] : Email is generated
2016-26-09 09:54:30   INFO [pages.ZapisatsaPage] : Value randome029b9b3-036e-4f73-845d-88eb5b810eda@test.qa is set 
2016-26-09 09:54:30   INFO [pages.ZapisatsaPage] : Click buttonBy.xpath: .//*[@id='olgs_submit']
2016-26-09 09:54:41  ERROR [pages.ZapisatsaPage] : Error: Needed element is not found By.xpath: //*[@class='btn_big']
2016-26-09 09:59:05   INFO [pages.ZapisatsaPage] : Page is opened
2016-26-09 09:59:05   INFO [pages.ZapisatsaPage] : Text field is cleared
2016-26-09 09:59:05   INFO [pages.ZapisatsaPage] : Value Test_lead_lp is set 
2016-26-09 09:59:05   INFO [pages.ZapisatsaPage] : Phone is generated
2016-26-09 09:59:05   INFO [pages.ZapisatsaPage] : Value 7473208 is set 
2016-26-09 09:59:05   INFO [pages.ZapisatsaPage] : Email is generated
2016-26-09 09:59:05   INFO [pages.ZapisatsaPage] : Value random8d9a0b8a-5eeb-4fb6-b28d-2952372b3a51@test.qa is set 
2016-26-09 09:59:05   INFO [pages.ZapisatsaPage] : Click buttonBy.xpath: .//*[@id='olgs_submit']
2016-26-09 09:59:16  ERROR [pages.ZapisatsaPage] : Error: Needed element is not found By.xpath: //*[@class='btn_big']
2016-26-09 10:00:12   INFO [pages.ZapisatsaPage] : Page is opened
2016-26-09 10:00:13   INFO [pages.ZapisatsaPage] : Text field is cleared
2016-26-09 10:00:14   INFO [pages.ZapisatsaPage] : Value Test_lead_lp is set 
2016-26-09 10:00:14   INFO [pages.ZapisatsaPage] : Phone is generated
2016-26-09 10:00:14   INFO [pages.ZapisatsaPage] : Value 7379301 is set 
2016-26-09 10:00:14   INFO [pages.ZapisatsaPage] : Email is generated
2016-26-09 10:00:14   INFO [pages.ZapisatsaPage] : Value random2faed7d5-7698-4dd3-9b1b-7b27f90d8fba@test.qa is set 
2016-26-09 10:00:14   INFO [pages.ZapisatsaPage] : Click buttonBy.xpath: .//*[@id='olgs_submit']
2016-26-09 10:00:24  ERROR [pages.ZapisatsaPage] : Error: Needed element is not found By.xpath: //*[@class='btn_big']
2016-26-09 10:21:01   INFO [pages.ZapisatsaPage] : Page is opened
2016-26-09 10:21:02   INFO [pages.ZapisatsaPage] : Text field is cleared
2016-26-09 10:21:02   INFO [pages.ZapisatsaPage] : Value Test_lead_lp is set 
2016-26-09 10:21:02   INFO [pages.ZapisatsaPage] : Phone is generated
2016-26-09 10:21:03   INFO [pages.ZapisatsaPage] : Value 9377889 is set 
2016-26-09 10:21:03   INFO [pages.ZapisatsaPage] : Email is generated
2016-26-09 10:21:03   INFO [pages.ZapisatsaPage] : Value random332657fd-3723-40aa-ace3-0b8242527b6f@test.qa is set 
2016-26-09 10:21:03   INFO [pages.ZapisatsaPage] : Click buttonBy.xpath: .//*[@id='olgs_submit']
2016-26-09 10:21:05  ERROR [pages.ZapisatsaPage] : Error: Needed element is not found By.xpath: //*[@class='btn_big']
2016-26-09 10:24:41   INFO [pages.ZapisatsaPage] : Page is opened
2016-26-09 10:24:42   INFO [pages.ZapisatsaPage] : Text field is cleared
2016-26-09 10:24:42   INFO [pages.ZapisatsaPage] : Value Test_lead_lp is set 
2016-26-09 10:24:42   INFO [pages.ZapisatsaPage] : Phone is generated
2016-26-09 10:24:42   INFO [pages.ZapisatsaPage] : Value 56422 is set 
2016-26-09 10:24:42   INFO [pages.ZapisatsaPage] : Email is generated
2016-26-09 10:24:42   INFO [pages.ZapisatsaPage] : Value random9eb9a438-faa2-42ce-8b04-9bdaf0a226b4@test.qa is set 
2016-26-09 10:24:42   INFO [pages.ZapisatsaPage] : Click buttonBy.xpath: .//*[@id='olgs_submit']
2016-26-09 10:24:44  ERROR [pages.ZapisatsaPage] : Error: Needed element is not found By.xpath: //*[@class='btn_big']
2016-26-09 10:25:26   INFO [pages.ZapisatsaPage] : Page is opened
2016-26-09 10:25:29   INFO [pages.ZapisatsaPage] : Text field is cleared
2016-26-09 10:25:29   INFO [pages.ZapisatsaPage] : Value Test_lead_lp is set 
2016-26-09 10:25:29   INFO [pages.ZapisatsaPage] : Phone is generated
2016-26-09 10:25:29   INFO [pages.ZapisatsaPage] : Value 4920918 is set 
2016-26-09 10:25:29   INFO [pages.ZapisatsaPage] : Email is generated
2016-26-09 10:25:29   INFO [pages.ZapisatsaPage] : Value randomdbc14c2e-cc52-45cf-b761-6ec5d97f56bb@test.qa is set 
2016-26-09 10:25:29   INFO [pages.ZapisatsaPage] : Click buttonBy.xpath: .//*[@id='olgs_submit']
2016-26-09 10:25:34  ERROR [pages.ZapisatsaPage] : Error: Needed element is not found By.xpath: //*[@class='btn_big']
2016-26-09 10:28:56   INFO [pages.ZapisatsaPage] : Page is opened
2016-26-09 10:28:57   INFO [pages.ZapisatsaPage] : Text field is cleared
2016-26-09 10:28:57   INFO [pages.ZapisatsaPage] : Value Test_lead_lp is set 
2016-26-09 10:28:57   INFO [pages.ZapisatsaPage] : Phone is generated
2016-26-09 10:28:57   INFO [pages.ZapisatsaPage] : Value 609302 is set 
2016-26-09 10:28:57   INFO [pages.ZapisatsaPage] : Email is generated
2016-26-09 10:28:57   INFO [pages.ZapisatsaPage] : Value random4458d7c3-acb8-46b2-b59b-72657cf1385a@test.qa is set 
2016-26-09 10:28:57   INFO [pages.ZapisatsaPage] : Click buttonBy.xpath: .//*[@id='olgs_submit']
2016-26-09 10:28:59  ERROR [pages.ZapisatsaPage] : Error: Needed element is not found By.xpath: //*[@class='btn_big']
2016-26-09 10:30:19   INFO [pages.ZapisatsaPage] : Page is opened
2016-26-09 10:30:19   INFO [pages.ZapisatsaPage] : Text field is cleared
2016-26-09 10:30:19   INFO [pages.ZapisatsaPage] : Value Test_lead_lp is set 
2016-26-09 10:30:19   INFO [pages.ZapisatsaPage] : Phone is generated
2016-26-09 10:30:19   INFO [pages.ZapisatsaPage] : Value 4708874 is set 
2016-26-09 10:30:19   INFO [pages.ZapisatsaPage] : Email is generated
2016-26-09 10:30:20   INFO [pages.ZapisatsaPage] : Value randomd0a12196-5645-4e4f-bba6-a3d6696ad85c@test.qa is set 
2016-26-09 10:30:20   INFO [pages.ZapisatsaPage] : Click buttonBy.xpath: .//*[@id='olgs_submit']
2016-26-09 10:30:52  ERROR [pages.ZapisatsaPage] : Error: Needed element is not found By.xpath: //*[@class='btn_big']
2016-26-09 10:31:10   INFO [pages.ZapisatsaPage] : Page is opened
2016-26-09 10:31:10   INFO [pages.ZapisatsaPage] : Text field is cleared
2016-26-09 10:31:11   INFO [pages.ZapisatsaPage] : Value Test_lead_lp is set 
2016-26-09 10:31:11   INFO [pages.ZapisatsaPage] : Phone is generated
2016-26-09 10:31:11   INFO [pages.ZapisatsaPage] : Value 1874477 is set 
2016-26-09 10:31:11   INFO [pages.ZapisatsaPage] : Email is generated
2016-26-09 10:31:11   INFO [pages.ZapisatsaPage] : Value randoma481d672-ebe4-4524-afc9-068666d181e2@test.qa is set 
2016-26-09 10:31:11   INFO [pages.ZapisatsaPage] : Click buttonBy.xpath: .//*[@id='olgs_submit']
2016-26-09 10:31:20   INFO [pages.ZapisatsaPage] : Needed element is found By.xpath: //*[@class='btn_big']
2016-26-09 10:31:22   INFO [pages.ZapisatsaPage] : Browser is closed
2016-26-09 10:34:24   INFO [pages.ZapisatsaPage] : Page is opened
2016-26-09 10:34:26   INFO [pages.ZapisatsaPage] : Text field is cleared
2016-26-09 10:34:26   INFO [pages.ZapisatsaPage] : Value Test_lead_lp is set 
2016-26-09 10:34:26   INFO [pages.ZapisatsaPage] : Phone is generated
2016-26-09 10:34:26   INFO [pages.ZapisatsaPage] : Value 4009080 is set 
2016-26-09 10:34:26   INFO [pages.ZapisatsaPage] : Email is generated
2016-26-09 10:34:27   INFO [pages.ZapisatsaPage] : Value randomaeff2ae8-8190-4b12-8609-6560a799cad8@test.qa is set 
2016-26-09 10:34:27   INFO [pages.ZapisatsaPage] : Click buttonBy.xpath: .//*[@id='olgs_submit']
2016-26-09 10:34:37  ERROR [pages.ZapisatsaPage] : Error: Needed element is not found By.xpath: //*[@class='btn_big']
2016-26-09 10:49:33   INFO [pages.ZapisatsaPage] : Page is opened
2016-26-09 10:49:35   INFO [pages.ZapisatsaPage] : Text field is cleared
2016-26-09 10:49:35   INFO [pages.ZapisatsaPage] : Value Test_lead_lp #1 is set 
2016-26-09 10:49:35   INFO [pages.ZapisatsaPage] : Phone is generated
2016-26-09 10:49:35   INFO [pages.ZapisatsaPage] : Value 1136912 is set 
2016-26-09 10:49:35   INFO [pages.ZapisatsaPage] : Email is generated
2016-26-09 10:49:35   INFO [pages.ZapisatsaPage] : Value random2af84d24-46c3-4c07-9c6d-b1f2bb14b653@test.qa is set 
2016-26-09 10:49:35   INFO [pages.ZapisatsaPage] : Click buttonBy.xpath: .//*[@id='olgs_submit']
2016-26-09 10:49:46   INFO [pages.ZapisatsaPage] : Needed element is found By.xpath: //*[@class='btn_big']
2016-26-09 10:49:46   INFO [pages.ZapisatsaPage] : Registration completed 
2016-26-09 10:49:48   INFO [pages.ZapisatsaPage] : Browser is closed
2016-26-09 10:49:48  ERROR [pages.ZapisatsaPage] : Error:org.openqa.selenium.remote.SessionNotFoundException: no such session
  (Driver info: chromedriver=2.9.248315,platform=Windows NT 6.3 x86_64) (WARNING: The server did not provide any stacktrace information)
Command duration or timeout: 123 milliseconds
Build info: version: '2.53.0', revision: '35ae25b', time: '2016-03-15 17:00:58'
System info: host: 'DEV2-PC-8130', ip: '192.168.8.129', os.name: 'Windows 10', os.arch: 'amd64', os.version: '10.0', java.version: '1.8.0_91'
Driver info: org.openqa.selenium.chrome.ChromeDriver
Capabilities [{applicationCacheEnabled=false, rotatable=false, chrome={userDataDir=C:\Users\REGINA~1.RUD\AppData\Local\Temp\scoped_dir3496_5584}, takesHeapSnapshot=true, databaseEnabled=false, handlesAlerts=true, version=53.0.2785.116, platform=XP, browserConnectionEnabled=false, nativeEvents=true, acceptSslCerts=true, locationContextEnabled=true, webStorageEnabled=true, browserName=chrome, takesScreenshot=true, javascriptEnabled=true, cssSelectorsEnabled=true}]
Session ID: 33a37444dcc4600e1df9478fcbb8c787
2016-26-09 10:51:29   INFO [pages.ZapisatsaPage] : Page is opened
2016-26-09 10:51:29   INFO [pages.ZapisatsaPage] : Text field is cleared
2016-26-09 10:51:29   INFO [pages.ZapisatsaPage] : Value Test_lead_lp #1 is set 
2016-26-09 10:51:29   INFO [pages.ZapisatsaPage] : Phone is generated
2016-26-09 10:51:29   INFO [pages.ZapisatsaPage] : Value 412568 is set 
2016-26-09 10:51:29   INFO [pages.ZapisatsaPage] : Email is generated
2016-26-09 10:51:29   INFO [pages.ZapisatsaPage] : Value random183c7287-6de6-4983-8ed0-853400e5ff55@test.qa is set 
2016-26-09 10:51:30   INFO [pages.ZapisatsaPage] : Click buttonBy.xpath: .//*[@id='olgs_submit']
2016-26-09 10:51:50  ERROR [pages.ZapisatsaPage] : Error: Needed element is not found By.xpath: //*[@class='btn_big']
2016-26-09 10:54:53   INFO [pages.ZapisatsaPage] : Page is opened
2016-26-09 10:54:55   INFO [pages.ZapisatsaPage] : Text field is cleared
2016-26-09 10:54:55   INFO [pages.ZapisatsaPage] : Value Test_lead_lp #1 is set 
2016-26-09 10:54:55   INFO [pages.ZapisatsaPage] : Phone is generated
2016-26-09 10:54:55   INFO [pages.ZapisatsaPage] : Value 7413643 is set 
2016-26-09 10:54:55   INFO [pages.ZapisatsaPage] : Email is generated
2016-26-09 10:54:55   INFO [pages.ZapisatsaPage] : Value random1a03d52e-601b-4c4e-9bfe-10a65150eda1@test.qa is set 
2016-26-09 10:54:55   INFO [pages.ZapisatsaPage] : Click buttonBy.xpath: .//*[@id='olgs_submit']
2016-26-09 10:55:05   INFO [pages.ZapisatsaPage] : Needed element is found By.xpath: //*[@class='btn_big']
2016-26-09 10:55:05   INFO [pages.ZapisatsaPage] : Registration completed 
2016-26-09 10:55:07   INFO [pages.ZapisatsaPage] : Browser is closed
2016-26-09 10:55:11   INFO [pages.ZapisatsaPage] : Page is opened
2016-26-09 10:55:12   INFO [pages.ZapisatsaPage] : Text field is cleared
2016-26-09 10:55:12   INFO [pages.ZapisatsaPage] : Value Test_lead_lp #2 is set 
2016-26-09 10:55:12   INFO [pages.ZapisatsaPage] : Phone is generated
2016-26-09 10:55:13   INFO [pages.ZapisatsaPage] : Value 4831924 is set 
2016-26-09 10:55:13   INFO [pages.ZapisatsaPage] : Email is generated
2016-26-09 10:55:13   INFO [pages.ZapisatsaPage] : Value randomfa45c5f2-59ca-48d7-8bda-83e73dff77aa@test.qa is set 
2016-26-09 10:55:13   INFO [pages.ZapisatsaPage] : Click buttonBy.xpath: .//*[@id='olgs_submit']
2016-26-09 10:55:38   INFO [pages.ZapisatsaPage] : Needed element is found By.xpath: //*[@class='btn_big']
2016-26-09 10:55:38   INFO [pages.ZapisatsaPage] : Registration completed 
2016-26-09 10:55:39   INFO [pages.ZapisatsaPage] : Browser is closed
2016-26-09 10:55:52   INFO [pages.ZapisatsaPage] : Page is opened
2016-26-09 10:55:53   INFO [pages.ZapisatsaPage] : Text field is cleared
2016-26-09 10:55:53   INFO [pages.ZapisatsaPage] : Value Test_lead_lp #3 is set 
2016-26-09 10:55:53   INFO [pages.ZapisatsaPage] : Phone is generated
2016-26-09 10:55:53   INFO [pages.ZapisatsaPage] : Value 4361532 is set 
2016-26-09 10:55:53   INFO [pages.ZapisatsaPage] : Email is generated
2016-26-09 10:55:54   INFO [pages.ZapisatsaPage] : Value random17e56b09-1c8b-4248-b656-1028968cabc6@test.qa is set 
2016-26-09 10:55:54   INFO [pages.ZapisatsaPage] : Click buttonBy.xpath: .//*[@id='olgs_submit']
2016-26-09 10:55:57  ERROR [pages.ZapisatsaPage] : Error: Needed element is not found By.xpath: //*[@class='btn_big']
2016-26-09 11:13:09   INFO [pages.ZapisatsaPage] : Page is opened
2016-26-09 11:13:11   INFO [pages.ZapisatsaPage] : Text field is cleared
2016-26-09 11:13:11   INFO [pages.ZapisatsaPage] : Value Test_lead_lp #1 is set 
2016-26-09 11:13:11   INFO [pages.ZapisatsaPage] : Phone is generated
2016-26-09 11:13:11   INFO [pages.ZapisatsaPage] : Value 1747542 is set 
2016-26-09 11:13:11   INFO [pages.ZapisatsaPage] : Email is generated
2016-26-09 11:13:11   INFO [pages.ZapisatsaPage] : Value randoma64cbfa0-2b3d-4bf5-9a7a-2d20f611e85b@test.qa is set 
2016-26-09 11:13:11   INFO [pages.ZapisatsaPage] : Click buttonBy.xpath: .//*[@id='olgs_submit']
2016-26-09 11:13:18   INFO [pages.ZapisatsaPage] : Page is opened
2016-26-09 11:13:19   INFO [pages.ZapisatsaPage] : Text field is cleared
2016-26-09 11:13:19   INFO [pages.ZapisatsaPage] : Value Test_lead_lp #2 is set 
2016-26-09 11:13:19   INFO [pages.ZapisatsaPage] : Phone is generated
2016-26-09 11:13:20   INFO [pages.ZapisatsaPage] : Value 9888957 is set 
2016-26-09 11:13:20   INFO [pages.ZapisatsaPage] : Email is generated
2016-26-09 11:13:20   INFO [pages.ZapisatsaPage] : Value random670e8058-a95d-4641-9cb8-b2d766ee82cd@test.qa is set 
2016-26-09 11:13:20   INFO [pages.ZapisatsaPage] : Click buttonBy.xpath: .//*[@id='olgs_submit']
2016-26-09 11:13:27   INFO [pages.ZapisatsaPage] : Page is opened
2016-26-09 11:13:29   INFO [pages.ZapisatsaPage] : Text field is cleared
2016-26-09 11:13:29   INFO [pages.ZapisatsaPage] : Value Test_lead_lp #3 is set 
2016-26-09 11:13:29   INFO [pages.ZapisatsaPage] : Phone is generated
2016-26-09 11:13:29   INFO [pages.ZapisatsaPage] : Value 6957814 is set 
2016-26-09 11:13:29   INFO [pages.ZapisatsaPage] : Email is generated
2016-26-09 11:13:29   INFO [pages.ZapisatsaPage] : Value random84c384a9-201d-4b3a-98c8-693112f1e25c@test.qa is set 
2016-26-09 11:13:29   INFO [pages.ZapisatsaPage] : Click buttonBy.xpath: .//*[@id='olgs_submit']
2016-26-09 11:13:37   INFO [pages.ZapisatsaPage] : Page is opened
2016-26-09 11:13:39   INFO [pages.ZapisatsaPage] : Text field is cleared
2016-26-09 11:13:39   INFO [pages.ZapisatsaPage] : Value Test_lead_lp #4 is set 
2016-26-09 11:13:39   INFO [pages.ZapisatsaPage] : Phone is generated
2016-26-09 11:13:39   INFO [pages.ZapisatsaPage] : Value 6102843 is set 
2016-26-09 11:13:39   INFO [pages.ZapisatsaPage] : Email is generated
2016-26-09 11:13:39   INFO [pages.ZapisatsaPage] : Value random1df67889-d10e-4de5-b6bb-f12ad738d0e0@test.qa is set 
2016-26-09 11:13:39   INFO [pages.ZapisatsaPage] : Click buttonBy.xpath: .//*[@id='olgs_submit']
2016-26-09 11:13:48   INFO [pages.ZapisatsaPage] : Page is opened
2016-26-09 11:13:50   INFO [pages.ZapisatsaPage] : Text field is cleared
2016-26-09 11:13:50   INFO [pages.ZapisatsaPage] : Value Test_lead_lp #5 is set 
2016-26-09 11:13:50   INFO [pages.ZapisatsaPage] : Phone is generated
2016-26-09 11:13:50   INFO [pages.ZapisatsaPage] : Value 1566965 is set 
2016-26-09 11:13:50   INFO [pages.ZapisatsaPage] : Email is generated
2016-26-09 11:13:50   INFO [pages.ZapisatsaPage] : Value randome8b1bf9d-2e44-4654-83ca-d0f3a37c31ef@test.qa is set 
2016-26-09 11:13:50   INFO [pages.ZapisatsaPage] : Click buttonBy.xpath: .//*[@id='olgs_submit']
2016-26-09 11:48:29   INFO [pages.ZapisatsaPage] : Page is opened
2016-26-09 11:48:31   INFO [pages.ZapisatsaPage] : Text field is cleared
2016-26-09 11:48:31   INFO [pages.ZapisatsaPage] : Value Test_lead_lp #1 is set 
2016-26-09 11:48:31   INFO [pages.ZapisatsaPage] : Phone is generated
2016-26-09 11:48:31   INFO [pages.ZapisatsaPage] : Value 6233752 is set 
2016-26-09 11:48:31   INFO [pages.ZapisatsaPage] : Email is generated
2016-26-09 11:48:31   INFO [pages.ZapisatsaPage] : Value random1ee62b5c-ab09-4af8-b318-7660fb641a33@test.qa is set 
2016-26-09 11:48:31   INFO [pages.ZapisatsaPage] : Click buttonBy.xpath: .//*[@id='olgs_submit']
2016-26-09 11:48:35  ERROR [pages.ZapisatsaPage] : Error: Needed element is not found By.xpath: //*[@class='btn_big']
2016-26-09 11:48:40   INFO [pages.ZapisatsaPage] : Page is opened
2016-26-09 11:48:41   INFO [pages.ZapisatsaPage] : Text field is cleared
2016-26-09 11:48:41   INFO [pages.ZapisatsaPage] : Value Test_lead_lp #2 is set 
2016-26-09 11:48:41   INFO [pages.ZapisatsaPage] : Phone is generated
2016-26-09 11:48:41   INFO [pages.ZapisatsaPage] : Value 9314253 is set 
2016-26-09 11:48:41   INFO [pages.ZapisatsaPage] : Email is generated
2016-26-09 11:48:41   INFO [pages.ZapisatsaPage] : Value randoma2c7e934-2aae-4097-aa8f-b5dd7acfb230@test.qa is set 
2016-26-09 11:48:41   INFO [pages.ZapisatsaPage] : Click buttonBy.xpath: .//*[@id='olgs_submit']
2016-26-09 11:48:45  ERROR [pages.ZapisatsaPage] : Error: Needed element is not found By.xpath: //*[@class='btn_big']
2016-26-09 11:48:46  ERROR [pages.ZapisatsaPage] : Error:org.openqa.selenium.WebDriverException: unknown error: updateWindow is not defined
JavaScript stack:
ReferenceError: updateWindow is not defined
    at eval (eval at executeAsyncScript (unknown source), <anonymous>:2:9)
    at executeAsyncScript (<anonymous>:314:26)
    at apply.state (<anonymous>:330:29)
    at callFunction (<anonymous>:222:33)
    at apply.state (<anonymous>:232:23)
    at <anonymous>:233:3
  (Session info: chrome=53.0.2785.116)
  (Driver info: chromedriver=2.9.248315,platform=Windows NT 6.3 x86_64) (WARNING: The server did not provide any stacktrace information)
Command duration or timeout: 85 milliseconds
Build info: version: '2.53.0', revision: '35ae25b', time: '2016-03-15 17:00:58'
System info: host: 'DEV2-PC-8130', ip: '192.168.8.129', os.name: 'Windows 10', os.arch: 'amd64', os.version: '10.0', java.version: '1.8.0_91'
Driver info: org.openqa.selenium.chrome.ChromeDriver
Capabilities [{applicationCacheEnabled=false, rotatable=false, chrome={userDataDir=C:\Users\REGINA~1.RUD\AppData\Local\Temp\scoped_dir8540_13214}, takesHeapSnapshot=true, databaseEnabled=false, handlesAlerts=true, version=53.0.2785.116, platform=XP, browserConnectionEnabled=false, nativeEvents=true, acceptSslCerts=true, locationContextEnabled=true, webStorageEnabled=true, browserName=chrome, takesScreenshot=true, javascriptEnabled=true, cssSelectorsEnabled=true}]
Session ID: 72db54948e357ec6b02479693ab2e216
2016-26-09 11:50:45   INFO [pages.ZapisatsaPage] : Page is opened
2016-26-09 11:50:46   INFO [pages.ZapisatsaPage] : Text field is cleared
2016-26-09 11:50:46   INFO [pages.ZapisatsaPage] : Value Test_lead_lp #1 is set 
2016-26-09 11:50:46   INFO [pages.ZapisatsaPage] : Phone is generated
2016-26-09 11:50:46   INFO [pages.ZapisatsaPage] : Value 24750 is set 
2016-26-09 11:50:46   INFO [pages.ZapisatsaPage] : Email is generated
2016-26-09 11:50:46   INFO [pages.ZapisatsaPage] : Value random0ab28e10-7b5b-43e3-8471-d3cb984c42cb@test.qa is set 
2016-26-09 11:50:46   INFO [pages.ZapisatsaPage] : Click buttonBy.xpath: .//*[@id='olgs_submit']
2016-26-09 11:50:56   INFO [pages.ZapisatsaPage] : Needed element is found By.xpath: //*[@class='btn_big']
2016-26-09 11:50:56   INFO [pages.ZapisatsaPage] : Registration completed 
2016-26-09 11:50:57   INFO [pages.ZapisatsaPage] : Page is opened
2016-26-09 11:50:58   INFO [pages.ZapisatsaPage] : Text field is cleared
2016-26-09 11:50:58   INFO [pages.ZapisatsaPage] : Value Test_lead_lp #2 is set 
2016-26-09 11:50:58   INFO [pages.ZapisatsaPage] : Phone is generated
2016-26-09 11:50:58   INFO [pages.ZapisatsaPage] : Value 7703763 is set 
2016-26-09 11:50:58   INFO [pages.ZapisatsaPage] : Email is generated
2016-26-09 11:50:58   INFO [pages.ZapisatsaPage] : Value random8577426e-1251-42e4-9bf7-fa28ecafb39a@test.qa is set 
2016-26-09 11:50:58   INFO [pages.ZapisatsaPage] : Click buttonBy.xpath: .//*[@id='olgs_submit']
2016-26-09 11:51:17  ERROR [pages.ZapisatsaPage] : Error: Needed element is not found By.xpath: //*[@class='btn_big']
2016-26-09 11:51:17   INFO [pages.ZapisatsaPage] : Page is opened
2016-26-09 11:51:20   INFO [pages.ZapisatsaPage] : Text field is cleared
2016-26-09 11:51:20   INFO [pages.ZapisatsaPage] : Value Test_lead_lp #3 is set 
2016-26-09 11:51:20   INFO [pages.ZapisatsaPage] : Phone is generated
2016-26-09 11:51:20   INFO [pages.ZapisatsaPage] : Value 2581013 is set 
2016-26-09 11:51:20   INFO [pages.ZapisatsaPage] : Email is generated
2016-26-09 11:51:20   INFO [pages.ZapisatsaPage] : Value random82b97746-70bb-4828-b505-d84929e59f54@test.qa is set 
2016-26-09 11:51:20   INFO [pages.ZapisatsaPage] : Click buttonBy.xpath: .//*[@id='olgs_submit']
2016-26-09 11:51:29   INFO [pages.ZapisatsaPage] : Needed element is found By.xpath: //*[@class='btn_big']
2016-26-09 11:51:29   INFO [pages.ZapisatsaPage] : Registration completed 
2016-26-09 11:51:30   INFO [pages.ZapisatsaPage] : Page is opened
2016-26-09 11:51:31   INFO [pages.ZapisatsaPage] : Text field is cleared
2016-26-09 11:51:31   INFO [pages.ZapisatsaPage] : Value Test_lead_lp #4 is set 
2016-26-09 11:51:31   INFO [pages.ZapisatsaPage] : Phone is generated
2016-26-09 11:51:32   INFO [pages.ZapisatsaPage] : Value 7447289 is set 
2016-26-09 11:51:32   INFO [pages.ZapisatsaPage] : Email is generated
2016-26-09 11:51:32   INFO [pages.ZapisatsaPage] : Value random91efef81-eb5a-4b68-88e1-7b9ae0a85e13@test.qa is set 
2016-26-09 11:51:32   INFO [pages.ZapisatsaPage] : Click buttonBy.xpath: .//*[@id='olgs_submit']
2016-26-09 11:51:41   INFO [pages.ZapisatsaPage] : Needed element is found By.xpath: //*[@class='btn_big']
2016-26-09 11:51:41   INFO [pages.ZapisatsaPage] : Registration completed 
2016-26-09 11:51:42   INFO [pages.ZapisatsaPage] : Page is opened
2016-26-09 11:51:42   INFO [pages.ZapisatsaPage] : Text field is cleared
2016-26-09 11:51:42   INFO [pages.ZapisatsaPage] : Value Test_lead_lp #5 is set 
2016-26-09 11:51:42   INFO [pages.ZapisatsaPage] : Phone is generated
2016-26-09 11:51:42   INFO [pages.ZapisatsaPage] : Value 2600133 is set 
2016-26-09 11:51:42   INFO [pages.ZapisatsaPage] : Email is generated
2016-26-09 11:51:42   INFO [pages.ZapisatsaPage] : Value random9d98fb8a-572d-4cb5-8636-e13a122440c7@test.qa is set 
2016-26-09 11:51:42   INFO [pages.ZapisatsaPage] : Click buttonBy.xpath: .//*[@id='olgs_submit']
2016-26-09 11:51:52   INFO [pages.ZapisatsaPage] : Needed element is found By.xpath: //*[@class='btn_big']
2016-26-09 11:51:52   INFO [pages.ZapisatsaPage] : Registration completed 
2016-26-09 12:02:26   INFO [pages.ZapisatsaPage] : Page is opened
2016-26-09 12:02:26   INFO [pages.ZapisatsaPage] : Text field is cleared
2016-26-09 12:02:27   INFO [pages.ZapisatsaPage] : Value Test_lead_lp #1 is set 
2016-26-09 12:02:27   INFO [pages.ZapisatsaPage] : Phone is generated
2016-26-09 12:02:27   INFO [pages.ZapisatsaPage] : Value 5155771 is set 
2016-26-09 12:02:27   INFO [pages.ZapisatsaPage] : Email is generated
2016-26-09 12:02:27   INFO [pages.ZapisatsaPage] : Value randomecabf850-d47f-453f-b7fc-e59bae5f8606@test.qa is set 
2016-26-09 12:02:27   INFO [pages.ZapisatsaPage] : Click buttonBy.xpath: .//*[@id='olgs_submit']
2016-26-09 12:02:37   INFO [pages.ZapisatsaPage] : Needed element is found By.xpath: //*[@class='btn_big']
2016-26-09 12:02:37   INFO [pages.ZapisatsaPage] : Registration completed 
2016-26-09 12:02:38   INFO [pages.ZapisatsaPage] : Page is opened
2016-26-09 12:02:39   INFO [pages.ZapisatsaPage] : Text field is cleared
2016-26-09 12:02:39   INFO [pages.ZapisatsaPage] : Value Test_lead_lp #2 is set 
2016-26-09 12:02:39   INFO [pages.ZapisatsaPage] : Phone is generated
2016-26-09 12:02:39   INFO [pages.ZapisatsaPage] : Value 2658589 is set 
2016-26-09 12:02:39   INFO [pages.ZapisatsaPage] : Email is generated
2016-26-09 12:02:39   INFO [pages.ZapisatsaPage] : Value random7b95d39a-ff8f-4f6e-8e06-ad1ce74aed02@test.qa is set 
2016-26-09 12:02:39   INFO [pages.ZapisatsaPage] : Click buttonBy.xpath: .//*[@id='olgs_submit']
2016-26-09 12:02:49   INFO [pages.ZapisatsaPage] : Needed element is found By.xpath: //*[@class='btn_big']
2016-26-09 12:02:49   INFO [pages.ZapisatsaPage] : Registration completed 
2016-26-09 12:39:42   INFO [pages.ZapisatsaPage] : Page is opened
2016-26-09 12:39:42   INFO [pages.ZapisatsaPage] : Text field is cleared
2016-26-09 12:39:42   INFO [pages.ZapisatsaPage] : Value Test_lead_lp #1 is set 
2016-26-09 12:39:42   INFO [pages.ZapisatsaPage] : Phone is generated
2016-26-09 12:39:42   INFO [pages.ZapisatsaPage] : Value 2205845 is set 
2016-26-09 12:39:42   INFO [pages.ZapisatsaPage] : Email is generated
2016-26-09 12:39:42   INFO [pages.ZapisatsaPage] : Value randomb8e758a9-8acc-4a49-b4ca-ad2b084f1c59@test.qa is set 
2016-26-09 12:39:42   INFO [pages.ZapisatsaPage] : Click buttonBy.xpath: .//*[@id='olgs_submit']
2016-26-09 12:39:54   INFO [pages.ZapisatsaPage] : Needed element is found By.xpath: //*[@class='btn_big']
2016-26-09 12:39:54   INFO [pages.ZapisatsaPage] : Registration completed 
2016-26-09 12:39:55   INFO [pages.ZapisatsaPage] : Page is opened
2016-26-09 12:39:57   INFO [pages.ZapisatsaPage] : Text field is cleared
2016-26-09 12:39:57   INFO [pages.ZapisatsaPage] : Value Test_lead_lp #2 is set 
2016-26-09 12:39:57   INFO [pages.ZapisatsaPage] : Phone is generated
2016-26-09 12:39:57   INFO [pages.ZapisatsaPage] : Value 1477934 is set 
2016-26-09 12:39:57   INFO [pages.ZapisatsaPage] : Email is generated
2016-26-09 12:39:57   INFO [pages.ZapisatsaPage] : Value randoma8dd4e3d-f12f-4e04-b729-6339c7c5cc55@test.qa is set 
2016-26-09 12:39:57   INFO [pages.ZapisatsaPage] : Click buttonBy.xpath: .//*[@id='olgs_submit']
2016-26-09 12:40:17  ERROR [pages.ZapisatsaPage] : Error: Needed element is not found By.xpath: //*[@class='btn_big']
2016-26-09 12:59:13   INFO [pages.ZapisatsaPage] : Page is opened
2016-26-09 12:59:15   INFO [pages.ZapisatsaPage] : Text field is cleared
2016-26-09 12:59:15   INFO [pages.ZapisatsaPage] : Value Test_lead_lp #1 is set 
2016-26-09 12:59:15   INFO [pages.ZapisatsaPage] : Phone is generated
2016-26-09 12:59:15   INFO [pages.ZapisatsaPage] : Value 6684197 is set 
2016-26-09 12:59:15   INFO [pages.ZapisatsaPage] : Email is generated
2016-26-09 12:59:15   INFO [pages.ZapisatsaPage] : Value random05244339-6ff4-45ba-aebf-7d49b27a512f@test.qa is set 
2016-26-09 12:59:15   INFO [pages.ZapisatsaPage] : Click buttonBy.xpath: .//*[@id='olgs_submit']
2016-26-09 12:59:26   INFO [pages.ZapisatsaPage] : Needed element is found By.xpath: //*[@class='btn_big']
2016-26-09 12:59:26   INFO [pages.ZapisatsaPage] : Registration completed 
2016-26-09 12:59:27   INFO [pages.ZapisatsaPage] : Page is opened
2016-26-09 12:59:28   INFO [pages.ZapisatsaPage] : Text field is cleared
2016-26-09 12:59:28   INFO [pages.ZapisatsaPage] : Value Test_lead_lp #2 is set 
2016-26-09 12:59:28   INFO [pages.ZapisatsaPage] : Phone is generated
2016-26-09 12:59:28   INFO [pages.ZapisatsaPage] : Value 8550278 is set 
2016-26-09 12:59:28   INFO [pages.ZapisatsaPage] : Email is generated
2016-26-09 12:59:29   INFO [pages.ZapisatsaPage] : Value random278c3009-6489-4f3f-bdf9-954fc8a1e128@test.qa is set 
2016-26-09 12:59:29   INFO [pages.ZapisatsaPage] : Click buttonBy.xpath: .//*[@id='olgs_submit']
2016-26-09 12:59:38   INFO [pages.ZapisatsaPage] : Needed element is found By.xpath: //*[@class='btn_big']
2016-26-09 12:59:38   INFO [pages.ZapisatsaPage] : Registration completed 
2016-26-09 12:59:40   INFO [pages.ZapisatsaPage] : Browser is closed
2016-26-09 14:30:20   INFO [pages.RegistrationPage] : Page is opened
2016-26-09 14:30:22   INFO [pages.RegistrationPage] : Text field is cleared
2016-26-09 14:30:22   INFO [pages.RegistrationPage] : Value Test_lead_lp #1 is set 
2016-26-09 14:30:22   INFO [pages.RegistrationPage] : Phone is generated
2016-26-09 14:30:22   INFO [pages.RegistrationPage] : Value 1545804 is set 
2016-26-09 14:30:22   INFO [pages.RegistrationPage] : Email is generated
2016-26-09 14:30:22   INFO [pages.RegistrationPage] : Value random_6323767d-2171-490e-9974-f419a0dfbe95@test.qa is set 
2016-26-09 14:30:22   INFO [pages.RegistrationPage] : Click buttonBy.xpath: .//*[@id='olgs_submit']
2016-26-09 14:30:42  ERROR [pages.RegistrationPage] : Error: Needed element is not found By.xpath: //*[@class='btn_big']
2016-26-09 14:30:42  ERROR [pages.RegistrationPage] : Note! Lead was registered from invalid country
2016-26-09 14:30:43   INFO [pages.RegistrationPage] : Page is opened
2016-26-09 14:30:44   INFO [pages.RegistrationPage] : Text field is cleared
2016-26-09 14:30:44   INFO [pages.RegistrationPage] : Value Test_lead_lp #2 is set 
2016-26-09 14:30:44   INFO [pages.RegistrationPage] : Phone is generated
2016-26-09 14:30:45   INFO [pages.RegistrationPage] : Value 3044229 is set 
2016-26-09 14:30:45   INFO [pages.RegistrationPage] : Email is generated
2016-26-09 14:30:45   INFO [pages.RegistrationPage] : Value random_2691bc34-9db2-475c-b3c9-3a3929af4682@test.qa is set 
2016-26-09 14:30:45   INFO [pages.RegistrationPage] : Click buttonBy.xpath: .//*[@id='olgs_submit']
2016-26-09 14:30:54   INFO [pages.RegistrationPage] : Needed element is found By.xpath: //*[@class='btn_big']
2016-26-09 14:30:54   INFO [pages.RegistrationPage] : Registration completed 
2016-26-09 14:30:55   INFO [pages.RegistrationPage] : Browser is closed
2016-27-09 17:33:34   INFO [pages.RegistrationPage] : Page is opened
2016-27-09 17:33:36   INFO [pages.RegistrationPage] : Text field is cleared
2016-27-09 17:33:36   INFO [pages.RegistrationPage] : Value Test_lead_lp #1 is set 
2016-27-09 17:33:36   INFO [pages.RegistrationPage] : Phone is generated
2016-27-09 17:33:36   INFO [pages.RegistrationPage] : Value 1717151 is set 
2016-27-09 17:33:36   INFO [pages.RegistrationPage] : Email is generated
2016-27-09 17:33:37   INFO [pages.RegistrationPage] : Value random_bc36578c-e3ab-4b78-9feb-846490d82f5d@test.qa is set 
2016-27-09 17:33:37   INFO [pages.RegistrationPage] : Click buttonBy.xpath: .//*[@id='olgs_submit']
2016-27-09 17:33:42  ERROR [pages.RegistrationPage] : Error: Needed element is not found By.xpath: //*[@class='btn_big']
2016-27-09 17:33:42  ERROR [pages.RegistrationPage] : Note! Lead was registered from invalid country
2016-27-09 17:33:43   INFO [pages.RegistrationPage] : Page is opened
2016-27-09 17:35:44   INFO [pages.RegistrationPage] : Page is opened
2016-27-09 17:36:00   INFO [pages.RegistrationPage] : Page is opened
2016-27-09 17:36:00   INFO [pages.RegistrationPage] : Text field is cleared
2016-27-09 17:36:01   INFO [pages.RegistrationPage] : Value Test_lead_lp #1 is set 
2016-27-09 17:36:01   INFO [pages.RegistrationPage] : Phone is generated
2016-27-09 17:36:01   INFO [pages.RegistrationPage] : Value 5964382 is set 
2016-27-09 17:36:01   INFO [pages.RegistrationPage] : Email is generated
2016-27-09 17:36:01   INFO [pages.RegistrationPage] : Value random_b1b95aa8-cd96-444d-9ca5-59eaba20c1cc@test.qa is set 
2016-27-09 17:36:01   INFO [pages.RegistrationPage] : Click buttonBy.xpath: .//*[@id='olgs_submit']
2016-27-09 17:36:03  ERROR [pages.RegistrationPage] : Error: Needed element is not found By.xpath: //*[@class='btn_big']
2016-27-09 17:36:03  ERROR [pages.RegistrationPage] : Note! Lead was registered from invalid country
2016-27-09 17:36:04   INFO [pages.RegistrationPage] : Page is opened
2016-27-09 17:36:06   INFO [pages.RegistrationPage] : Text field is cleared
2016-27-09 17:36:06   INFO [pages.RegistrationPage] : Value Test_lead_lp #2 is set 
2016-27-09 17:36:06   INFO [pages.RegistrationPage] : Phone is generated
2016-27-09 17:36:07   INFO [pages.RegistrationPage] : Value 3629138 is set 
2016-27-09 17:36:07   INFO [pages.RegistrationPage] : Email is generated
2016-27-09 17:36:07   INFO [pages.RegistrationPage] : Value random_04230af0-6075-49ae-aee5-b48663579b6e@test.qa is set 
2016-27-09 17:36:07  ERROR [pages.RegistrationPage] : Error: clickButton catch org.openqa.selenium.WebDriverException: unknown error: Element is not clickable at point (951, 746). Other element would receive the click: <div class="container reg-form">...</div>
  (Session info: chrome=53.0.2785.116)
  (Driver info: chromedriver=2.9.248315,platform=Windows NT 6.3 x86_64) (WARNING: The server did not provide any stacktrace information)
Command duration or timeout: 41 milliseconds
Build info: version: '2.53.0', revision: '35ae25b', time: '2016-03-15 17:00:58'
System info: host: 'DEV2-PC-8130', ip: '192.168.8.129', os.name: 'Windows 10', os.arch: 'amd64', os.version: '10.0', java.version: '1.8.0_91'
Driver info: org.openqa.selenium.chrome.ChromeDriver
Capabilities [{applicationCacheEnabled=false, rotatable=false, chrome={userDataDir=C:\Users\REGINA~1.RUD\AppData\Local\Temp\scoped_dir5764_28083}, takesHeapSnapshot=true, databaseEnabled=false, handlesAlerts=true, version=53.0.2785.116, platform=XP, browserConnectionEnabled=false, nativeEvents=true, acceptSslCerts=true, locationContextEnabled=true, webStorageEnabled=true, browserName=chrome, takesScreenshot=true, javascriptEnabled=true, cssSelectorsEnabled=true}]
Session ID: c765e1f03d3038ee575b203d1fa63b0e
2016-27-09 17:36:12  ERROR [pages.RegistrationPage] : Error: Needed element is not found By.xpath: //*[@class='btn_big']
2016-27-09 17:36:12  ERROR [pages.RegistrationPage] : Note! Lead was registered from invalid country
2016-27-09 17:36:12   INFO [pages.RegistrationPage] : Browser is closed
2016-27-09 17:38:21   INFO [pages.RegistrationPage] : Page is opened
2016-27-09 17:38:22   INFO [pages.RegistrationPage] : Text field is cleared
2016-27-09 17:38:22   INFO [pages.RegistrationPage] : Value Test_lead_lp #1 is set 
2016-27-09 17:38:22   INFO [pages.RegistrationPage] : Phone is generated
2016-27-09 17:38:22   INFO [pages.RegistrationPage] : Value 2149616 is set 
2016-27-09 17:38:22   INFO [pages.RegistrationPage] : Email is generated
2016-27-09 17:38:23   INFO [pages.RegistrationPage] : Value random_e5481a1d-e0ab-4043-976f-82a8380f6ef4@test.qa is set 
2016-27-09 17:38:23   INFO [pages.RegistrationPage] : Click buttonBy.xpath: .//*[@id='olgs_submit']
2016-27-09 17:38:26  ERROR [pages.RegistrationPage] : Error: Needed element is not found By.xpath: //*[@class='btn_big']
2016-27-09 17:38:26  ERROR [pages.RegistrationPage] : Note! Lead was registered from invalid country
2016-27-09 17:38:28   INFO [pages.RegistrationPage] : Page is opened
2016-27-09 17:38:28   INFO [pages.RegistrationPage] : Text field is cleared
2016-27-09 17:38:28   INFO [pages.RegistrationPage] : Value Test_lead_lp #2 is set 
2016-27-09 17:38:28   INFO [pages.RegistrationPage] : Phone is generated
2016-27-09 17:38:28   INFO [pages.RegistrationPage] : Value 4169011 is set 
2016-27-09 17:38:28   INFO [pages.RegistrationPage] : Email is generated
2016-27-09 17:38:28   INFO [pages.RegistrationPage] : Value random_181c4eec-7d9c-4074-8a10-b748c07c9938@test.qa is set 
2016-27-09 17:38:28   INFO [pages.RegistrationPage] : Click buttonBy.xpath: .//*[@id='olgs_submit']
2016-27-09 17:38:39   INFO [pages.RegistrationPage] : Needed element is found By.xpath: //*[@class='btn_big']
2016-27-09 17:38:39   INFO [pages.RegistrationPage] : Registration completed 
2016-27-09 17:38:40   INFO [pages.RegistrationPage] : Browser is closed
2016-28-09 17:06:50   INFO [pages.RegistrationPage] : Page is opened
2016-28-09 17:06:52   INFO [pages.RegistrationPage] : Text field is cleared
2016-28-09 17:06:52   INFO [pages.RegistrationPage] : Value Test_lead_lp #1 is set 
2016-28-09 17:06:52   INFO [pages.RegistrationPage] : Phone is generated
2016-28-09 17:06:52   INFO [pages.RegistrationPage] : Value 8005053 is set 
2016-28-09 17:06:52   INFO [pages.RegistrationPage] : Email is generated
2016-28-09 17:06:52   INFO [pages.RegistrationPage] : Value random_4d185bd1-9da4-4231-9ff6-93c0cbdaf290@test.qa is set 
2016-28-09 17:06:52   INFO [pages.RegistrationPage] : Click buttonBy.xpath: .//*[@id='olgs_submit']
2016-28-09 17:07:11  ERROR [pages.RegistrationPage] : Error: Needed element is not found By.xpath: //*[@class='btn_big']
2016-28-09 17:07:11  ERROR [pages.RegistrationPage] : Note! Lead was registered from invalid country
2016-28-09 17:07:13   INFO [pages.RegistrationPage] : Page is opened
2016-28-09 17:07:15   INFO [pages.RegistrationPage] : Text field is cleared
2016-28-09 17:07:15   INFO [pages.RegistrationPage] : Value Test_lead_lp #2 is set 
2016-28-09 17:07:15   INFO [pages.RegistrationPage] : Phone is generated
2016-28-09 17:07:15   INFO [pages.RegistrationPage] : Value 3398103 is set 
2016-28-09 17:07:15   INFO [pages.RegistrationPage] : Email is generated
2016-28-09 17:07:15   INFO [pages.RegistrationPage] : Value random_84c783a7-4e34-47b7-a2dd-fdce5faa2af4@test.qa is set 
2016-28-09 17:07:15   INFO [pages.RegistrationPage] : Click buttonBy.xpath: .//*[@id='olgs_submit']
2016-28-09 17:07:26   INFO [pages.RegistrationPage] : Needed element is found By.xpath: //*[@class='btn_big']
2016-28-09 17:07:26   INFO [pages.RegistrationPage] : Registration completed 
2016-28-09 17:07:27   INFO [pages.RegistrationPage] : Browser is closed
2016-28-09 17:13:29   INFO [pages.RegistrationPage] : Page is opened
2016-28-09 17:13:30   INFO [pages.RegistrationPage] : Text field is cleared
2016-28-09 17:13:30   INFO [pages.RegistrationPage] : Value Test_lead_lp is set 
2016-28-09 17:13:30   INFO [pages.RegistrationPage] : Phone is generated
2016-28-09 17:13:30   INFO [pages.RegistrationPage] : Value 3489393 is set 
2016-28-09 17:13:30   INFO [pages.RegistrationPage] : Email is generated
2016-28-09 17:13:30   INFO [pages.RegistrationPage] : Value random_54c5fd22-7f4a-4eb8-936e-231e9fd43c08@test.qa is set 
2016-28-09 17:13:31   INFO [pages.RegistrationPage] : Click buttonBy.xpath: .//*[@id='olgs_submit']
2016-28-09 17:13:42   INFO [pages.RegistrationPage] : Needed element is found By.xpath: //*[@class='btn_big']
2016-28-09 17:13:42   INFO [pages.RegistrationPage] : Registration completed 
2016-28-09 17:13:43   INFO [pages.RegistrationPage] : Browser is closed
2016-29-09 10:26:44   INFO [pages.RegistrationPage] : Page is opened
2016-29-09 10:26:45   INFO [pages.RegistrationPage] : Text field is cleared
2016-29-09 10:26:45   INFO [pages.RegistrationPage] : Value Test_lead_lp is set 
2016-29-09 10:26:45   INFO [pages.RegistrationPage] : Phone is generated
2016-29-09 10:26:45   INFO [pages.RegistrationPage] : Value 7292828 is set 
2016-29-09 10:26:45   INFO [pages.RegistrationPage] : Email is generated
2016-29-09 10:26:45   INFO [pages.RegistrationPage] : Value random_f0855500-ef17-4a78-ba3f-7fb1aff02249@test.qa is set 
2016-29-09 10:26:45   INFO [pages.RegistrationPage] : Click buttonBy.xpath: .//*[@id='olgs_submit']
2016-29-09 10:27:06   INFO [pages.RegistrationPage] : Needed element is found By.xpath: //*[@class='btn_big']
2016-29-09 10:27:06   INFO [pages.RegistrationPage] : Registration completed 
2016-29-09 10:27:08  ERROR [pages.RegistrationPage] : Error: Needed element is not found By.xpath: //*[@class='btn_big']
2016-29-09 10:27:08  ERROR [pages.RegistrationPage] : Note! Lead was registered from invalid country
2016-29-09 10:27:53   INFO [pages.RegistrationPage] : Page is opened
2016-29-09 10:27:55   INFO [pages.RegistrationPage] : Text field is cleared
2016-29-09 10:27:55   INFO [pages.RegistrationPage] : Value Test_lead_lp is set 
2016-29-09 10:27:55   INFO [pages.RegistrationPage] : Phone is generated
2016-29-09 10:27:55   INFO [pages.RegistrationPage] : Value 1389148 is set 
2016-29-09 10:27:55   INFO [pages.RegistrationPage] : Email is generated
2016-29-09 10:27:55   INFO [pages.RegistrationPage] : Value random_0709cdd1-689a-4a4b-8536-0fd79a0c5651@test.qa is set 
2016-29-09 10:27:56   INFO [pages.RegistrationPage] : Click buttonBy.xpath: .//*[@id='olgs_submit']
2016-29-09 10:28:30   INFO [pages.RegistrationPage] : Needed element is found By.xpath: //*[@class='btn_big']
2016-29-09 10:28:30   INFO [pages.RegistrationPage] : Registration completed 
2016-29-09 10:28:32   INFO [pages.RegistrationPage] : Browser is closed
2016-29-09 10:28:56   INFO [pages.RegistrationPage] : Page is opened
2016-29-09 10:28:58   INFO [pages.RegistrationPage] : Text field is cleared
2016-29-09 10:28:58   INFO [pages.RegistrationPage] : Value Test_lead_lp #1 is set 
2016-29-09 10:28:58   INFO [pages.RegistrationPage] : Phone is generated
2016-29-09 10:28:58   INFO [pages.RegistrationPage] : Value 1599145 is set 
2016-29-09 10:28:58   INFO [pages.RegistrationPage] : Email is generated
2016-29-09 10:28:58   INFO [pages.RegistrationPage] : Value random_9558ccaf-910a-4541-9eb8-285770cd77af@test.qa is set 
2016-29-09 10:28:58   INFO [pages.RegistrationPage] : Click buttonBy.xpath: .//*[@id='olgs_submit']
2016-29-09 10:29:02  ERROR [pages.RegistrationPage] : Error: Needed element is not found By.xpath: //*[@class='btn_big']
2016-29-09 10:29:02  ERROR [pages.RegistrationPage] : Note! Lead was registered from invalid country
2016-29-09 10:29:03   INFO [pages.RegistrationPage] : Page is opened
2016-29-09 10:29:05   INFO [pages.RegistrationPage] : Text field is cleared
2016-29-09 10:29:05   INFO [pages.RegistrationPage] : Value Test_lead_lp #2 is set 
2016-29-09 10:29:05   INFO [pages.RegistrationPage] : Phone is generated
2016-29-09 10:29:05   INFO [pages.RegistrationPage] : Value 2582385 is set 
2016-29-09 10:29:05   INFO [pages.RegistrationPage] : Email is generated
2016-29-09 10:29:05   INFO [pages.RegistrationPage] : Value random_46686b12-1bed-426c-bda8-539f083fa71f@test.qa is set 
2016-29-09 10:29:05   INFO [pages.RegistrationPage] : Click buttonBy.xpath: .//*[@id='olgs_submit']
2016-29-09 10:29:24  ERROR [pages.RegistrationPage] : Error: Needed element is not found By.xpath: //*[@class='btn_big']
2016-29-09 10:29:24  ERROR [pages.RegistrationPage] : Note! Lead was registered from invalid country
2016-29-09 10:29:24   INFO [pages.RegistrationPage] : Browser is closed
2016-30-09 11:29:34   INFO [pages.RegistrationPage] : Page is opened
2016-30-09 11:29:37   INFO [pages.RegistrationPage] : Text field is cleared
2016-30-09 11:29:37   INFO [pages.RegistrationPage] : Value Test_lead_lp #1 is set 
2016-30-09 11:29:37   INFO [pages.RegistrationPage] : Phone is generated
2016-30-09 11:29:37   INFO [pages.RegistrationPage] : Value 4197087 is set 
2016-30-09 11:29:37   INFO [pages.RegistrationPage] : Email is generated
2016-30-09 11:29:37   INFO [pages.RegistrationPage] : Value random_196420ce-17e0-4185-a0c1-e8ccd84da072@test.qa is set 
2016-30-09 11:29:37   INFO [pages.RegistrationPage] : Click buttonBy.xpath: .//*[@id='olgs_submit']
2016-30-09 11:29:41  ERROR [pages.RegistrationPage] : Error: Needed element is not found By.xpath: //*[@class='btn_big']
2016-30-09 11:29:41  ERROR [pages.RegistrationPage] : Note! Lead was registered from invalid country
2016-30-09 11:29:42   INFO [pages.RegistrationPage] : Page is opened
2016-30-09 11:30:16   INFO [pages.RegistrationPage] : Page is opened
2016-30-09 11:30:17   INFO [pages.RegistrationPage] : Text field is cleared
2016-30-09 11:30:17   INFO [pages.RegistrationPage] : Value Test_lead_lp #1 is set 
2016-30-09 11:30:17   INFO [pages.RegistrationPage] : Phone is generated
2016-30-09 11:30:17   INFO [pages.RegistrationPage] : Value 6011065 is set 
2016-30-09 11:30:17   INFO [pages.RegistrationPage] : Email is generated
2016-30-09 11:30:17   INFO [pages.RegistrationPage] : Value random_b428d956-be94-4c3e-9b85-2cfddd91c9e4@test.qa is set 
2016-30-09 11:30:17   INFO [pages.RegistrationPage] : Click buttonBy.xpath: .//*[@id='olgs_submit']
2016-30-09 11:30:28   INFO [pages.RegistrationPage] : Needed element is found By.xpath: //*[@class='btn_big']
2016-30-09 11:30:28   INFO [pages.RegistrationPage] : Registration completed 
2016-30-09 11:30:29   INFO [pages.RegistrationPage] : Page is opened
2016-30-09 11:30:29   INFO [pages.RegistrationPage] : Text field is cleared
2016-30-09 11:30:29   INFO [pages.RegistrationPage] : Value Test_lead_lp #2 is set 
2016-30-09 11:30:29   INFO [pages.RegistrationPage] : Phone is generated
2016-30-09 11:30:29   INFO [pages.RegistrationPage] : Value 608842 is set 
2016-30-09 11:30:29   INFO [pages.RegistrationPage] : Email is generated
2016-30-09 11:30:29   INFO [pages.RegistrationPage] : Value random_9759dd5a-9970-4466-bc5b-bb1047efb4a9@test.qa is set 
2016-30-09 11:30:29   INFO [pages.RegistrationPage] : Click buttonBy.xpath: .//*[@id='olgs_submit']
2016-30-09 11:30:39   INFO [pages.RegistrationPage] : Needed element is found By.xpath: //*[@class='btn_big']
2016-30-09 11:30:39   INFO [pages.RegistrationPage] : Registration completed 
2016-30-09 11:30:40   INFO [pages.RegistrationPage] : Browser is closed
2016-30-09 11:31:10   INFO [pages.RegistrationPage] : Page is opened
2016-30-09 11:31:11   INFO [pages.RegistrationPage] : Text field is cleared
2016-30-09 11:31:12   INFO [pages.RegistrationPage] : Value Test_lead_lp is set 
2016-30-09 11:31:12   INFO [pages.RegistrationPage] : Phone is generated
2016-30-09 11:31:12   INFO [pages.RegistrationPage] : Value 9634808 is set 
2016-30-09 11:31:12   INFO [pages.RegistrationPage] : Email is generated
2016-30-09 11:31:12   INFO [pages.RegistrationPage] : Value random_eae29403-fd8f-43be-b0ea-b2c10d7d0012@test.qa is set 
2016-30-09 11:31:12   INFO [pages.RegistrationPage] : Click buttonBy.xpath: .//*[@id='olgs_submit']
2016-30-09 11:31:23   INFO [pages.RegistrationPage] : Needed element is found By.xpath: //*[@class='btn_big']
2016-30-09 11:31:23   INFO [pages.RegistrationPage] : Registration completed 
2016-30-09 11:31:25   INFO [pages.RegistrationPage] : Browser is closed
